ARM GAS  /tmp/ccNtclOI.s 			page 1


   1              		.cpu cortex-m0plus
   2              		.eabi_attribute 23, 1
   3              		.eabi_attribute 24, 1
   4              		.eabi_attribute 25, 1
   5              		.eabi_attribute 26, 1
   6              		.eabi_attribute 30, 4
   7              		.eabi_attribute 34, 0
   8              		.eabi_attribute 18, 4
   9              		.file	"smtc_hal_i2c.c"
  10              		.text
  11              		.section	.text.LL_I2C_IsActiveFlag_NACK.constprop.0,"ax",%progbits
  12              		.align	1
  13              		.arch armv6s-m
  14              		.syntax unified
  15              		.code	16
  16              		.thumb_func
  17              		.fpu softvfp
  19              	LL_I2C_IsActiveFlag_NACK.constprop.0:
  20              		@ args = 0, pretend = 0, frame = 0
  21              		@ frame_needed = 0, uses_anonymous_args = 0
  22              		@ link register save eliminated.
  23 0000 024B     		ldr	r3, .L2
  24              		@ sp needed
  25 0002 9869     		ldr	r0, [r3, #24]
  26 0004 C006     		lsls	r0, r0, #27
  27 0006 C00F     		lsrs	r0, r0, #31
  28 0008 7047     		bx	lr
  29              	.L3:
  30 000a C046     		.align	2
  31              	.L2:
  32 000c 00540040 		.word	1073763328
  34              		.section	.text.i2c_write_buffer.constprop.0,"ax",%progbits
  35              		.align	1
  36              		.syntax unified
  37              		.code	16
  38              		.thumb_func
  39              		.fpu softvfp
  41              	i2c_write_buffer.constprop.0:
  42              		@ args = 0, pretend = 0, frame = 16
  43              		@ frame_needed = 0, uses_anonymous_args = 0
  44 0000 F0B5     		push	{r4, r5, r6, r7, lr}
  45 0002 1F00     		movs	r7, r3
  46 0004 404B     		ldr	r3, .L31
  47 0006 85B0     		sub	sp, sp, #20
  48 0008 1B78     		ldrb	r3, [r3]
  49 000a 0D00     		movs	r5, r1
  50 000c 0290     		str	r0, [sp, #8]
  51 000e 0392     		str	r2, [sp, #12]
  52 0010 7E1C     		adds	r6, r7, #1
  53 0012 002B     		cmp	r3, #0
  54 0014 00D0     		beq	.L29
  55 0016 BE1C     		adds	r6, r7, #2
  56              	.L29:
  57 0018 FFF7FEFF 		bl	hal_rtc_get_time_ms
  58 001c B6B2     		uxth	r6, r6
  59 001e 0190     		str	r0, [sp, #4]
  60              	.L9:
ARM GAS  /tmp/ccNtclOI.s 			page 2


  61 0020 8022     		movs	r2, #128
  62 0022 3A4C     		ldr	r4, .L31+4
  63 0024 1202     		lsls	r2, r2, #8
  64 0026 A369     		ldr	r3, [r4, #24]
  65 0028 1342     		tst	r3, r2
  66 002a 09D0     		beq	.L7
  67 002c FFF7FEFF 		bl	hal_rtc_get_time_ms
  68 0030 019B     		ldr	r3, [sp, #4]
  69 0032 C01A     		subs	r0, r0, r3
  70 0034 FA23     		movs	r3, #250
  71 0036 DB00     		lsls	r3, r3, #3
  72 0038 9842     		cmp	r0, r3
  73 003a F1D9     		bls	.L9
  74 003c 0120     		movs	r0, #1
  75 003e 60E0     		b	.L8
  76              	.L7:
  77 0040 6068     		ldr	r0, [r4, #4]
  78 0042 334B     		ldr	r3, .L31+8
  79 0044 3604     		lsls	r6, r6, #16
  80 0046 1840     		ands	r0, r3
  81 0048 029B     		ldr	r3, [sp, #8]
  82 004a 3043     		orrs	r0, r6
  83 004c 314E     		ldr	r6, .L31+12
  84 004e 1843     		orrs	r0, r3
  85 0050 3043     		orrs	r0, r6
  86 0052 2D4B     		ldr	r3, .L31
  87 0054 6060     		str	r0, [r4, #4]
  88 0056 1B78     		ldrb	r3, [r3]
  89 0058 0126     		movs	r6, #1
  90 005a 002B     		cmp	r3, #0
  91 005c 32D1     		bne	.L11
  92              	.L10:
  93 005e A369     		ldr	r3, [r4, #24]
  94 0060 3342     		tst	r3, r6
  95 0062 16D0     		beq	.L13
  96              	.L30:
  97 0064 EDB2     		uxtb	r5, r5
  98 0066 A562     		str	r5, [r4, #40]
  99 0068 0126     		movs	r6, #1
 100 006a 0025     		movs	r5, #0
 101              	.L18:
 102 006c AF42     		cmp	r7, r5
 103 006e 3BD8     		bhi	.L20
 104 0070 FA26     		movs	r6, #250
 105 0072 2025     		movs	r5, #32
 106 0074 F600     		lsls	r6, r6, #3
 107              	.L21:
 108 0076 A369     		ldr	r3, [r4, #24]
 109 0078 2B42     		tst	r3, r5
 110 007a 3ED1     		bne	.L22
 111 007c FFF7FEFF 		bl	LL_I2C_IsActiveFlag_NACK.constprop.0
 112 0080 0028     		cmp	r0, #0
 113 0082 0AD1     		bne	.L12
 114 0084 FFF7FEFF 		bl	hal_rtc_get_time_ms
 115 0088 019B     		ldr	r3, [sp, #4]
 116 008a C01A     		subs	r0, r0, r3
 117 008c B042     		cmp	r0, r6
ARM GAS  /tmp/ccNtclOI.s 			page 3


 118 008e F2D9     		bls	.L21
 119 0090 03E0     		b	.L12
 120              	.L13:
 121 0092 FFF7FEFF 		bl	LL_I2C_IsActiveFlag_NACK.constprop.0
 122 0096 0028     		cmp	r0, #0
 123 0098 E1D0     		beq	.L10
 124              	.L12:
 125 009a 1023     		movs	r3, #16
 126 009c E269     		ldr	r2, [r4, #28]
 127 009e 0120     		movs	r0, #1
 128 00a0 1343     		orrs	r3, r2
 129 00a2 E361     		str	r3, [r4, #28]
 130 00a4 8023     		movs	r3, #128
 131 00a6 6268     		ldr	r2, [r4, #4]
 132 00a8 DB01     		lsls	r3, r3, #7
 133 00aa 1343     		orrs	r3, r2
 134 00ac 6360     		str	r3, [r4, #4]
 135 00ae 2368     		ldr	r3, [r4]
 136 00b0 8343     		bics	r3, r0
 137 00b2 2360     		str	r3, [r4]
 138 00b4 2368     		ldr	r3, [r4]
 139 00b6 0343     		orrs	r3, r0
 140 00b8 2360     		str	r3, [r4]
 141 00ba 22E0     		b	.L8
 142              	.L15:
 143 00bc FFF7FEFF 		bl	LL_I2C_IsActiveFlag_NACK.constprop.0
 144 00c0 0028     		cmp	r0, #0
 145 00c2 EAD1     		bne	.L12
 146              	.L11:
 147 00c4 A369     		ldr	r3, [r4, #24]
 148 00c6 3342     		tst	r3, r6
 149 00c8 F8D0     		beq	.L15
 150 00ca 0126     		movs	r6, #1
 151 00cc 2B0A     		lsrs	r3, r5, #8
 152 00ce A362     		str	r3, [r4, #40]
 153              	.L16:
 154 00d0 A369     		ldr	r3, [r4, #24]
 155 00d2 3342     		tst	r3, r6
 156 00d4 C6D1     		bne	.L30
 157 00d6 FFF7FEFF 		bl	LL_I2C_IsActiveFlag_NACK.constprop.0
 158 00da 0028     		cmp	r0, #0
 159 00dc F8D0     		beq	.L16
 160 00de DCE7     		b	.L12
 161              	.L19:
 162 00e0 FFF7FEFF 		bl	LL_I2C_IsActiveFlag_NACK.constprop.0
 163 00e4 0028     		cmp	r0, #0
 164 00e6 D8D1     		bne	.L12
 165              	.L20:
 166 00e8 A369     		ldr	r3, [r4, #24]
 167 00ea 3342     		tst	r3, r6
 168 00ec F8D0     		beq	.L19
 169 00ee 039A     		ldr	r2, [sp, #12]
 170 00f0 6B1C     		adds	r3, r5, #1
 171 00f2 525D     		ldrb	r2, [r2, r5]
 172 00f4 DDB2     		uxtb	r5, r3
 173 00f6 A262     		str	r2, [r4, #40]
 174 00f8 B8E7     		b	.L18
ARM GAS  /tmp/ccNtclOI.s 			page 4


 175              	.L22:
 176 00fa 0020     		movs	r0, #0
 177 00fc E369     		ldr	r3, [r4, #28]
 178 00fe 1D43     		orrs	r5, r3
 179 0100 E561     		str	r5, [r4, #28]
 180              	.L8:
 181 0102 05B0     		add	sp, sp, #20
 182              		@ sp needed
 183 0104 F0BD     		pop	{r4, r5, r6, r7, pc}
 184              	.L32:
 185 0106 C046     		.align	2
 186              	.L31:
 187 0108 00000000 		.word	.LANCHOR0
 188 010c 00540040 		.word	1073763328
 189 0110 008000FC 		.word	-67076096
 190 0114 00200082 		.word	-2113921024
 192              		.section	.text.i2c_read_buffer.constprop.0,"ax",%progbits
 193              		.align	1
 194              		.syntax unified
 195              		.code	16
 196              		.thumb_func
 197              		.fpu softvfp
 199              	i2c_read_buffer.constprop.0:
 200              		@ args = 0, pretend = 0, frame = 24
 201              		@ frame_needed = 0, uses_anonymous_args = 0
 202 0000 F0B5     		push	{r4, r5, r6, r7, lr}
 203 0002 87B0     		sub	sp, sp, #28
 204 0004 0393     		str	r3, [sp, #12]
 205 0006 524B     		ldr	r3, .L65
 206 0008 0592     		str	r2, [sp, #20]
 207 000a 1B78     		ldrb	r3, [r3]
 208 000c 0D00     		movs	r5, r1
 209 000e 5A1E     		subs	r2, r3, #1
 210 0010 9341     		sbcs	r3, r3, r2
 211 0012 0133     		adds	r3, r3, #1
 212 0014 8026     		movs	r6, #128
 213 0016 FA27     		movs	r7, #250
 214 0018 0290     		str	r0, [sp, #8]
 215 001a 0493     		str	r3, [sp, #16]
 216 001c FFF7FEFF 		bl	hal_rtc_get_time_ms
 217 0020 3602     		lsls	r6, r6, #8
 218 0022 0190     		str	r0, [sp, #4]
 219 0024 FF00     		lsls	r7, r7, #3
 220              	.L37:
 221 0026 4B4C     		ldr	r4, .L65+4
 222 0028 A369     		ldr	r3, [r4, #24]
 223 002a 3342     		tst	r3, r6
 224 002c 07D0     		beq	.L35
 225 002e FFF7FEFF 		bl	hal_rtc_get_time_ms
 226 0032 019B     		ldr	r3, [sp, #4]
 227 0034 C01A     		subs	r0, r0, r3
 228 0036 B842     		cmp	r0, r7
 229 0038 F5D9     		bls	.L37
 230 003a 0120     		movs	r0, #1
 231 003c 86E0     		b	.L36
 232              	.L35:
 233 003e 6368     		ldr	r3, [r4, #4]
ARM GAS  /tmp/ccNtclOI.s 			page 5


 234 0040 049A     		ldr	r2, [sp, #16]
 235 0042 454F     		ldr	r7, .L65+8
 236 0044 1204     		lsls	r2, r2, #16
 237 0046 3B40     		ands	r3, r7
 238 0048 1343     		orrs	r3, r2
 239 004a 029A     		ldr	r2, [sp, #8]
 240 004c 0126     		movs	r6, #1
 241 004e 1343     		orrs	r3, r2
 242 0050 424A     		ldr	r2, .L65+12
 243 0052 1343     		orrs	r3, r2
 244 0054 6360     		str	r3, [r4, #4]
 245 0056 3E4B     		ldr	r3, .L65
 246 0058 1B78     		ldrb	r3, [r3]
 247 005a 002B     		cmp	r3, #0
 248 005c 2ED1     		bne	.L39
 249              	.L38:
 250 005e A369     		ldr	r3, [r4, #24]
 251 0060 3342     		tst	r3, r6
 252 0062 12D0     		beq	.L41
 253              	.L64:
 254 0064 EDB2     		uxtb	r5, r5
 255 0066 FA26     		movs	r6, #250
 256 0068 A562     		str	r5, [r4, #40]
 257 006a 4025     		movs	r5, #64
 258 006c F600     		lsls	r6, r6, #3
 259              	.L46:
 260 006e A369     		ldr	r3, [r4, #24]
 261 0070 2B42     		tst	r3, r5
 262 0072 31D1     		bne	.L47
 263 0074 FFF7FEFF 		bl	LL_I2C_IsActiveFlag_NACK.constprop.0
 264 0078 0028     		cmp	r0, #0
 265 007a 0AD1     		bne	.L40
 266 007c FFF7FEFF 		bl	hal_rtc_get_time_ms
 267 0080 019B     		ldr	r3, [sp, #4]
 268 0082 C01A     		subs	r0, r0, r3
 269 0084 B042     		cmp	r0, r6
 270 0086 F2D9     		bls	.L46
 271 0088 03E0     		b	.L40
 272              	.L41:
 273 008a FFF7FEFF 		bl	LL_I2C_IsActiveFlag_NACK.constprop.0
 274 008e 0028     		cmp	r0, #0
 275 0090 E5D0     		beq	.L38
 276              	.L40:
 277 0092 1023     		movs	r3, #16
 278 0094 E269     		ldr	r2, [r4, #28]
 279 0096 0120     		movs	r0, #1
 280 0098 1343     		orrs	r3, r2
 281 009a E361     		str	r3, [r4, #28]
 282 009c 8023     		movs	r3, #128
 283 009e 6268     		ldr	r2, [r4, #4]
 284 00a0 DB01     		lsls	r3, r3, #7
 285 00a2 1343     		orrs	r3, r2
 286 00a4 6360     		str	r3, [r4, #4]
 287 00a6 2368     		ldr	r3, [r4]
 288 00a8 8343     		bics	r3, r0
 289 00aa 2360     		str	r3, [r4]
 290 00ac 2368     		ldr	r3, [r4]
ARM GAS  /tmp/ccNtclOI.s 			page 6


 291 00ae 0343     		orrs	r3, r0
 292 00b0 2360     		str	r3, [r4]
 293 00b2 4BE0     		b	.L36
 294              	.L43:
 295 00b4 FFF7FEFF 		bl	LL_I2C_IsActiveFlag_NACK.constprop.0
 296 00b8 0028     		cmp	r0, #0
 297 00ba EAD1     		bne	.L40
 298              	.L39:
 299 00bc A369     		ldr	r3, [r4, #24]
 300 00be 3342     		tst	r3, r6
 301 00c0 F8D0     		beq	.L43
 302 00c2 0126     		movs	r6, #1
 303 00c4 2B0A     		lsrs	r3, r5, #8
 304 00c6 A362     		str	r3, [r4, #40]
 305              	.L44:
 306 00c8 A369     		ldr	r3, [r4, #24]
 307 00ca 3342     		tst	r3, r6
 308 00cc CAD1     		bne	.L64
 309 00ce FFF7FEFF 		bl	LL_I2C_IsActiveFlag_NACK.constprop.0
 310 00d2 0028     		cmp	r0, #0
 311 00d4 F8D0     		beq	.L44
 312 00d6 DCE7     		b	.L40
 313              	.L47:
 314 00d8 6068     		ldr	r0, [r4, #4]
 315 00da 029B     		ldr	r3, [sp, #8]
 316 00dc 0740     		ands	r7, r0
 317 00de 1F43     		orrs	r7, r3
 318 00e0 039B     		ldr	r3, [sp, #12]
 319 00e2 0025     		movs	r5, #0
 320 00e4 1804     		lsls	r0, r3, #16
 321 00e6 0743     		orrs	r7, r0
 322 00e8 1D48     		ldr	r0, .L65+16
 323 00ea 0426     		movs	r6, #4
 324 00ec 0743     		orrs	r7, r0
 325 00ee 6760     		str	r7, [r4, #4]
 326 00f0 FA27     		movs	r7, #250
 327 00f2 FF00     		lsls	r7, r7, #3
 328              	.L49:
 329 00f4 039B     		ldr	r3, [sp, #12]
 330 00f6 AB42     		cmp	r3, r5
 331 00f8 14D8     		bhi	.L52
 332 00fa FA26     		movs	r6, #250
 333 00fc 2025     		movs	r5, #32
 334 00fe F600     		lsls	r6, r6, #3
 335              	.L53:
 336 0100 A369     		ldr	r3, [r4, #24]
 337 0102 2B42     		tst	r3, r5
 338 0104 1ED1     		bne	.L54
 339 0106 FFF7FEFF 		bl	LL_I2C_IsActiveFlag_NACK.constprop.0
 340 010a 0028     		cmp	r0, #0
 341 010c C1D1     		bne	.L40
 342 010e FFF7FEFF 		bl	hal_rtc_get_time_ms
 343 0112 019B     		ldr	r3, [sp, #4]
 344 0114 C01A     		subs	r0, r0, r3
 345 0116 B042     		cmp	r0, r6
 346 0118 F2D9     		bls	.L53
 347 011a BAE7     		b	.L40
ARM GAS  /tmp/ccNtclOI.s 			page 7


 348              	.L62:
 349 011c FFF7FEFF 		bl	LL_I2C_IsActiveFlag_NACK.constprop.0
 350 0120 0028     		cmp	r0, #0
 351 0122 B6D1     		bne	.L40
 352              	.L52:
 353 0124 A369     		ldr	r3, [r4, #24]
 354 0126 3342     		tst	r3, r6
 355 0128 06D1     		bne	.L50
 356 012a FFF7FEFF 		bl	hal_rtc_get_time_ms
 357 012e 019B     		ldr	r3, [sp, #4]
 358 0130 C01A     		subs	r0, r0, r3
 359 0132 B842     		cmp	r0, r7
 360 0134 F2D9     		bls	.L62
 361 0136 ACE7     		b	.L40
 362              	.L50:
 363 0138 626A     		ldr	r2, [r4, #36]
 364 013a 0599     		ldr	r1, [sp, #20]
 365 013c 6B1C     		adds	r3, r5, #1
 366 013e 4A55     		strb	r2, [r1, r5]
 367 0140 DDB2     		uxtb	r5, r3
 368 0142 D7E7     		b	.L49
 369              	.L54:
 370 0144 0020     		movs	r0, #0
 371 0146 E369     		ldr	r3, [r4, #28]
 372 0148 1D43     		orrs	r5, r3
 373 014a E561     		str	r5, [r4, #28]
 374              	.L36:
 375 014c 07B0     		add	sp, sp, #28
 376              		@ sp needed
 377 014e F0BD     		pop	{r4, r5, r6, r7, pc}
 378              	.L66:
 379              		.align	2
 380              	.L65:
 381 0150 00000000 		.word	.LANCHOR0
 382 0154 00540040 		.word	1073763328
 383 0158 008000FC 		.word	-67076096
 384 015c 00200080 		.word	-2147475456
 385 0160 00240082 		.word	-2113920000
 387              		.section	.text.hal_i2c_init,"ax",%progbits
 388              		.align	1
 389              		.weak	hal_i2c_init
 390              		.syntax unified
 391              		.code	16
 392              		.thumb_func
 393              		.fpu softvfp
 395              	hal_i2c_init:
 396              		@ args = 0, pretend = 0, frame = 40
 397              		@ frame_needed = 0, uses_anonymous_args = 0
 398 0000 0220     		movs	r0, #2
 399 0002 314A     		ldr	r2, .L68
 400 0004 30B5     		push	{r4, r5, lr}
 401 0006 D16A     		ldr	r1, [r2, #44]
 402 0008 8BB0     		sub	sp, sp, #44
 403 000a 0143     		orrs	r1, r0
 404 000c D162     		str	r1, [r2, #44]
 405 000e 8021     		movs	r1, #128
 406 0010 D36A     		ldr	r3, [r2, #44]
ARM GAS  /tmp/ccNtclOI.s 			page 8


 407 0012 2E4C     		ldr	r4, .L68+4
 408 0014 0340     		ands	r3, r0
 409 0016 0293     		str	r3, [sp, #8]
 410 0018 029B     		ldr	r3, [sp, #8]
 411 001a 2D4B     		ldr	r3, .L68+8
 412 001c 8901     		lsls	r1, r1, #6
 413 001e 1868     		ldr	r0, [r3]
 414 0020 2040     		ands	r0, r4
 415 0022 0143     		orrs	r1, r0
 416 0024 1960     		str	r1, [r3]
 417 0026 C021     		movs	r1, #192
 418 0028 9868     		ldr	r0, [r3, #8]
 419 002a 8901     		lsls	r1, r1, #6
 420 002c 2040     		ands	r0, r4
 421 002e 0143     		orrs	r1, r0
 422 0030 9960     		str	r1, [r3, #8]
 423 0032 196A     		ldr	r1, [r3, #32]
 424 0034 2748     		ldr	r0, .L68+12
 425 0036 0840     		ands	r0, r1
 426 0038 8021     		movs	r1, #128
 427 003a 4904     		lsls	r1, r1, #17
 428 003c 0143     		orrs	r1, r0
 429 003e 1962     		str	r1, [r3, #32]
 430 0040 4021     		movs	r1, #64
 431 0042 5868     		ldr	r0, [r3, #4]
 432 0044 8843     		bics	r0, r1
 433 0046 0843     		orrs	r0, r1
 434 0048 5860     		str	r0, [r3, #4]
 435 004a D868     		ldr	r0, [r3, #12]
 436 004c 2040     		ands	r0, r4
 437 004e 8024     		movs	r4, #128
 438 0050 D860     		str	r0, [r3, #12]
 439 0052 1D68     		ldr	r5, [r3]
 440 0054 2048     		ldr	r0, .L68+16
 441 0056 2403     		lsls	r4, r4, #12
 442 0058 0540     		ands	r5, r0
 443 005a 2C43     		orrs	r4, r5
 444 005c 1C60     		str	r4, [r3]
 445 005e C024     		movs	r4, #192
 446 0060 9D68     		ldr	r5, [r3, #8]
 447 0062 2403     		lsls	r4, r4, #12
 448 0064 0540     		ands	r5, r0
 449 0066 2C43     		orrs	r4, r5
 450 0068 F025     		movs	r5, #240
 451 006a 9C60     		str	r4, [r3, #8]
 452 006c 5C6A     		ldr	r4, [r3, #36]
 453 006e AC43     		bics	r4, r5
 454 0070 2143     		orrs	r1, r4
 455 0072 8024     		movs	r4, #128
 456 0074 5962     		str	r1, [r3, #36]
 457 0076 5968     		ldr	r1, [r3, #4]
 458 0078 A400     		lsls	r4, r4, #2
 459 007a 2143     		orrs	r1, r4
 460 007c 5960     		str	r1, [r3, #4]
 461 007e D968     		ldr	r1, [r3, #12]
 462 0080 164C     		ldr	r4, .L68+20
 463 0082 0140     		ands	r1, r0
ARM GAS  /tmp/ccNtclOI.s 			page 9


 464 0084 8020     		movs	r0, #128
 465 0086 D960     		str	r1, [r3, #12]
 466 0088 916B     		ldr	r1, [r2, #56]
 467 008a 8003     		lsls	r0, r0, #14
 468 008c 0143     		orrs	r1, r0
 469 008e 9163     		str	r1, [r2, #56]
 470 0090 936B     		ldr	r3, [r2, #56]
 471 0092 0021     		movs	r1, #0
 472 0094 0340     		ands	r3, r0
 473 0096 1C22     		movs	r2, #28
 474 0098 0193     		str	r3, [sp, #4]
 475 009a 03A8     		add	r0, sp, #12
 476 009c 019B     		ldr	r3, [sp, #4]
 477 009e FFF7FEFF 		bl	memset
 478 00a2 0F4B     		ldr	r3, .L68+24
 479 00a4 2000     		movs	r0, r4
 480 00a6 0493     		str	r3, [sp, #16]
 481 00a8 8023     		movs	r3, #128
 482 00aa 03A9     		add	r1, sp, #12
 483 00ac 5B01     		lsls	r3, r3, #5
 484 00ae 0593     		str	r3, [sp, #20]
 485 00b0 FFF7FEFF 		bl	LL_I2C_Init
 486 00b4 0123     		movs	r3, #1
 487 00b6 2268     		ldr	r2, [r4]
 488 00b8 1343     		orrs	r3, r2
 489 00ba 0022     		movs	r2, #0
 490 00bc 2360     		str	r3, [r4]
 491 00be 094B     		ldr	r3, .L68+28
 492 00c0 1A70     		strb	r2, [r3]
 493 00c2 0BB0     		add	sp, sp, #44
 494              		@ sp needed
 495 00c4 30BD     		pop	{r4, r5, pc}
 496              	.L69:
 497 00c6 C046     		.align	2
 498              	.L68:
 499 00c8 00100240 		.word	1073876992
 500 00cc FFCFFFFF 		.word	-12289
 501 00d0 00040050 		.word	1342178304
 502 00d4 FFFFFFF0 		.word	-251658241
 503 00d8 FFFFF3FF 		.word	-786433
 504 00dc 00540040 		.word	1073763328
 505 00e0 BB7C7000 		.word	7371963
 506 00e4 00000000 		.word	.LANCHOR0
 508              		.section	.text.hal_i2c_deinit,"ax",%progbits
 509              		.align	1
 510              		.weak	hal_i2c_deinit
 511              		.syntax unified
 512              		.code	16
 513              		.thumb_func
 514              		.fpu softvfp
 516              	hal_i2c_deinit:
 517              		@ args = 0, pretend = 0, frame = 0
 518              		@ frame_needed = 0, uses_anonymous_args = 0
 519 0000 10B5     		push	{r4, lr}
 520 0002 0F48     		ldr	r0, .L71
 521 0004 FFF7FEFF 		bl	LL_I2C_DeInit
 522              		@ sp needed
ARM GAS  /tmp/ccNtclOI.s 			page 10


 523 0008 0E4A     		ldr	r2, .L71+4
 524 000a 0F49     		ldr	r1, .L71+8
 525 000c 936B     		ldr	r3, [r2, #56]
 526 000e 0B40     		ands	r3, r1
 527 0010 9363     		str	r3, [r2, #56]
 528 0012 0E4B     		ldr	r3, .L71+12
 529 0014 0E49     		ldr	r1, .L71+16
 530 0016 9868     		ldr	r0, [r3, #8]
 531 0018 0840     		ands	r0, r1
 532 001a 9860     		str	r0, [r3, #8]
 533 001c 1A68     		ldr	r2, [r3]
 534 001e 1140     		ands	r1, r2
 535 0020 C022     		movs	r2, #192
 536 0022 9201     		lsls	r2, r2, #6
 537 0024 0A43     		orrs	r2, r1
 538 0026 1A60     		str	r2, [r3]
 539 0028 9868     		ldr	r0, [r3, #8]
 540 002a 0A49     		ldr	r1, .L71+20
 541 002c 0840     		ands	r0, r1
 542 002e 9860     		str	r0, [r3, #8]
 543 0030 1A68     		ldr	r2, [r3]
 544 0032 1140     		ands	r1, r2
 545 0034 C022     		movs	r2, #192
 546 0036 1203     		lsls	r2, r2, #12
 547 0038 0A43     		orrs	r2, r1
 548 003a 1A60     		str	r2, [r3]
 549 003c 10BD     		pop	{r4, pc}
 550              	.L72:
 551 003e C046     		.align	2
 552              	.L71:
 553 0040 00540040 		.word	1073763328
 554 0044 00100240 		.word	1073876992
 555 0048 FFFFDFFF 		.word	-2097153
 556 004c 00040050 		.word	1342178304
 557 0050 FFCFFFFF 		.word	-12289
 558 0054 FFFFF3FF 		.word	-786433
 560              		.section	.text.hal_i2c_set_addr_size,"ax",%progbits
 561              		.align	1
 562              		.weak	hal_i2c_set_addr_size
 563              		.syntax unified
 564              		.code	16
 565              		.thumb_func
 566              		.fpu softvfp
 568              	hal_i2c_set_addr_size:
 569              		@ args = 0, pretend = 0, frame = 0
 570              		@ frame_needed = 0, uses_anonymous_args = 0
 571              		@ link register save eliminated.
 572 0000 014B     		ldr	r3, .L74
 573              		@ sp needed
 574 0002 1870     		strb	r0, [r3]
 575 0004 7047     		bx	lr
 576              	.L75:
 577 0006 C046     		.align	2
 578              	.L74:
 579 0008 00000000 		.word	.LANCHOR0
 581              		.section	.text.hal_i2c_write,"ax",%progbits
 582              		.align	1
ARM GAS  /tmp/ccNtclOI.s 			page 11


 583              		.weak	hal_i2c_write
 584              		.syntax unified
 585              		.code	16
 586              		.thumb_func
 587              		.fpu softvfp
 589              	hal_i2c_write:
 590              		@ args = 0, pretend = 0, frame = 8
 591              		@ frame_needed = 0, uses_anonymous_args = 0
 592 0000 07B5     		push	{r0, r1, r2, lr}
 593 0002 1300     		movs	r3, r2
 594              		@ sp needed
 595 0004 6A46     		mov	r2, sp
 596 0006 0732     		adds	r2, r2, #7
 597 0008 1370     		strb	r3, [r2]
 598 000a 0123     		movs	r3, #1
 599 000c FFF7FEFF 		bl	i2c_write_buffer.constprop.0
 600 0010 0EBD     		pop	{r1, r2, r3, pc}
 602              		.section	.text.hal_i2c_read,"ax",%progbits
 603              		.align	1
 604              		.weak	hal_i2c_read
 605              		.syntax unified
 606              		.code	16
 607              		.thumb_func
 608              		.fpu softvfp
 610              	hal_i2c_read:
 611              		@ args = 0, pretend = 0, frame = 0
 612              		@ frame_needed = 0, uses_anonymous_args = 0
 613 0000 10B5     		push	{r4, lr}
 614 0002 0123     		movs	r3, #1
 615              		@ sp needed
 616 0004 FFF7FEFF 		bl	i2c_read_buffer.constprop.0
 617 0008 10BD     		pop	{r4, pc}
 619              		.section	.text.hal_i2c_write_buffer,"ax",%progbits
 620              		.align	1
 621              		.weak	hal_i2c_write_buffer
 622              		.syntax unified
 623              		.code	16
 624              		.thumb_func
 625              		.fpu softvfp
 627              	hal_i2c_write_buffer:
 628              		@ args = 0, pretend = 0, frame = 0
 629              		@ frame_needed = 0, uses_anonymous_args = 0
 630 0000 10B5     		push	{r4, lr}
 631 0002 FFF7FEFF 		bl	i2c_write_buffer.constprop.0
 632              		@ sp needed
 633 0006 10BD     		pop	{r4, pc}
 635              		.section	.text.hal_i2c_read_buffer,"ax",%progbits
 636              		.align	1
 637              		.weak	hal_i2c_read_buffer
 638              		.syntax unified
 639              		.code	16
 640              		.thumb_func
 641              		.fpu softvfp
 643              	hal_i2c_read_buffer:
 644              		@ args = 0, pretend = 0, frame = 0
 645              		@ frame_needed = 0, uses_anonymous_args = 0
 646 0000 10B5     		push	{r4, lr}
ARM GAS  /tmp/ccNtclOI.s 			page 12


 647 0002 FFF7FEFF 		bl	i2c_read_buffer.constprop.0
 648              		@ sp needed
 649 0006 10BD     		pop	{r4, pc}
 651              		.section	.bss.i2c_internal_addr_size,"aw",%nobits
 652              		.set	.LANCHOR0,. + 0
 655              	i2c_internal_addr_size:
 656 0000 00       		.space	1
 657              		.ident	"GCC: (15:10.3-2021.07-4) 10.3.1 20210621 (release)"
ARM GAS  /tmp/ccNtclOI.s 			page 13


DEFINED SYMBOLS
                            *ABS*:0000000000000000 smtc_hal_i2c.c
     /tmp/ccNtclOI.s:12     .text.LL_I2C_IsActiveFlag_NACK.constprop.0:0000000000000000 $t
     /tmp/ccNtclOI.s:19     .text.LL_I2C_IsActiveFlag_NACK.constprop.0:0000000000000000 LL_I2C_IsActiveFlag_NACK.constprop.0
     /tmp/ccNtclOI.s:32     .text.LL_I2C_IsActiveFlag_NACK.constprop.0:000000000000000c $d
     /tmp/ccNtclOI.s:35     .text.i2c_write_buffer.constprop.0:0000000000000000 $t
     /tmp/ccNtclOI.s:41     .text.i2c_write_buffer.constprop.0:0000000000000000 i2c_write_buffer.constprop.0
     /tmp/ccNtclOI.s:187    .text.i2c_write_buffer.constprop.0:0000000000000108 $d
     /tmp/ccNtclOI.s:193    .text.i2c_read_buffer.constprop.0:0000000000000000 $t
     /tmp/ccNtclOI.s:199    .text.i2c_read_buffer.constprop.0:0000000000000000 i2c_read_buffer.constprop.0
     /tmp/ccNtclOI.s:381    .text.i2c_read_buffer.constprop.0:0000000000000150 $d
     /tmp/ccNtclOI.s:388    .text.hal_i2c_init:0000000000000000 $t
     /tmp/ccNtclOI.s:395    .text.hal_i2c_init:0000000000000000 hal_i2c_init
     /tmp/ccNtclOI.s:499    .text.hal_i2c_init:00000000000000c8 $d
     /tmp/ccNtclOI.s:509    .text.hal_i2c_deinit:0000000000000000 $t
     /tmp/ccNtclOI.s:516    .text.hal_i2c_deinit:0000000000000000 hal_i2c_deinit
     /tmp/ccNtclOI.s:553    .text.hal_i2c_deinit:0000000000000040 $d
     /tmp/ccNtclOI.s:561    .text.hal_i2c_set_addr_size:0000000000000000 $t
     /tmp/ccNtclOI.s:568    .text.hal_i2c_set_addr_size:0000000000000000 hal_i2c_set_addr_size
     /tmp/ccNtclOI.s:579    .text.hal_i2c_set_addr_size:0000000000000008 $d
     /tmp/ccNtclOI.s:582    .text.hal_i2c_write:0000000000000000 $t
     /tmp/ccNtclOI.s:589    .text.hal_i2c_write:0000000000000000 hal_i2c_write
     /tmp/ccNtclOI.s:603    .text.hal_i2c_read:0000000000000000 $t
     /tmp/ccNtclOI.s:610    .text.hal_i2c_read:0000000000000000 hal_i2c_read
     /tmp/ccNtclOI.s:620    .text.hal_i2c_write_buffer:0000000000000000 $t
     /tmp/ccNtclOI.s:627    .text.hal_i2c_write_buffer:0000000000000000 hal_i2c_write_buffer
     /tmp/ccNtclOI.s:636    .text.hal_i2c_read_buffer:0000000000000000 $t
     /tmp/ccNtclOI.s:643    .text.hal_i2c_read_buffer:0000000000000000 hal_i2c_read_buffer
     /tmp/ccNtclOI.s:655    .bss.i2c_internal_addr_size:0000000000000000 i2c_internal_addr_size
     /tmp/ccNtclOI.s:656    .bss.i2c_internal_addr_size:0000000000000000 $d

UNDEFINED SYMBOLS
hal_rtc_get_time_ms
memset
LL_I2C_Init
LL_I2C_DeInit
