ARM GAS  /tmp/ccDR9cJb.s 			page 1


   1              		.cpu cortex-m0plus
   2              		.eabi_attribute 23, 1
   3              		.eabi_attribute 24, 1
   4              		.eabi_attribute 25, 1
   5              		.eabi_attribute 26, 1
   6              		.eabi_attribute 30, 4
   7              		.eabi_attribute 34, 0
   8              		.eabi_attribute 18, 4
   9              		.file	"smtc_hal_gpio.c"
  10              		.text
  11              		.section	.text.LL_SYSCFG_SetEXTISource,"ax",%progbits
  12              		.align	1
  13              		.arch armv6s-m
  14              		.syntax unified
  15              		.code	16
  16              		.thumb_func
  17              		.fpu softvfp
  19              	LL_SYSCFG_SetEXTISource:
  20              		@ args = 0, pretend = 0, frame = 0
  21              		@ frame_needed = 0, uses_anonymous_args = 0
  22 0000 10B5     		push	{r4, lr}
  23 0002 0F24     		movs	r4, #15
  24              		@ sp needed
  25 0004 CBB2     		uxtb	r3, r1
  26 0006 090C     		lsrs	r1, r1, #16
  27 0008 8C40     		lsls	r4, r4, r1
  28 000a 8840     		lsls	r0, r0, r1
  29 000c 034A     		ldr	r2, .L2
  30 000e 9B00     		lsls	r3, r3, #2
  31 0010 9B18     		adds	r3, r3, r2
  32 0012 9A68     		ldr	r2, [r3, #8]
  33 0014 A243     		bics	r2, r4
  34 0016 0243     		orrs	r2, r0
  35 0018 9A60     		str	r2, [r3, #8]
  36 001a 10BD     		pop	{r4, pc}
  37              	.L3:
  38              		.align	2
  39              	.L2:
  40 001c 00000140 		.word	1073807360
  42              		.section	.text.call_gpio_irq_cb,"ax",%progbits
  43              		.align	1
  44              		.syntax unified
  45              		.code	16
  46              		.thumb_func
  47              		.fpu softvfp
  49              	call_gpio_irq_cb:
  50              		@ args = 0, pretend = 0, frame = 0
  51              		@ frame_needed = 0, uses_anonymous_args = 0
  52 0000 054B     		ldr	r3, .L12
  53 0002 8000     		lsls	r0, r0, #2
  54 0004 C358     		ldr	r3, [r0, r3]
  55 0006 10B5     		push	{r4, lr}
  56 0008 002B     		cmp	r3, #0
  57 000a 04D0     		beq	.L4
  58 000c 9A68     		ldr	r2, [r3, #8]
  59 000e 002A     		cmp	r2, #0
  60 0010 01D0     		beq	.L4
ARM GAS  /tmp/ccDR9cJb.s 			page 2


  61 0012 5868     		ldr	r0, [r3, #4]
  62 0014 9047     		blx	r2
  63              	.L4:
  64              		@ sp needed
  65 0016 10BD     		pop	{r4, pc}
  66              	.L13:
  67              		.align	2
  68              	.L12:
  69 0018 00000000 		.word	.LANCHOR0
  71              		.section	.text.hal_gpio_init_out,"ax",%progbits
  72              		.align	1
  73              		.weak	hal_gpio_init_out
  74              		.syntax unified
  75              		.code	16
  76              		.thumb_func
  77              		.fpu softvfp
  79              	hal_gpio_init_out:
  80              		@ args = 0, pretend = 0, frame = 8
  81              		@ frame_needed = 0, uses_anonymous_args = 0
  82 0000 F7B5     		push	{r0, r1, r2, r4, r5, r6, r7, lr}
  83 0002 F022     		movs	r2, #240
  84 0004 8301     		lsls	r3, r0, #6
  85 0006 9201     		lsls	r2, r2, #6
  86 0008 1340     		ands	r3, r2
  87 000a A022     		movs	r2, #160
  88 000c D205     		lsls	r2, r2, #23
  89 000e 9B18     		adds	r3, r3, r2
  90 0010 0122     		movs	r2, #1
  91 0012 0F27     		movs	r7, #15
  92 0014 1500     		movs	r5, r2
  93 0016 0411     		asrs	r4, r0, #4
  94 0018 3C40     		ands	r4, r7
  95 001a A540     		lsls	r5, r5, r4
  96 001c AC46     		mov	ip, r5
  97 001e 6446     		mov	r4, ip
  98 0020 124D     		ldr	r5, .L17
  99 0022 3840     		ands	r0, r7
 100 0024 EE6A     		ldr	r6, [r5, #44]
 101 0026 8240     		lsls	r2, r2, r0
 102 0028 2643     		orrs	r6, r4
 103 002a EE62     		str	r6, [r5, #44]
 104 002c EC6A     		ldr	r4, [r5, #44]
 105 002e 6546     		mov	r5, ip
 106 0030 2C40     		ands	r4, r5
 107 0032 0194     		str	r4, [sp, #4]
 108 0034 019C     		ldr	r4, [sp, #4]
 109 0036 0029     		cmp	r1, #0
 110 0038 15D1     		bne	.L15
 111 003a 9A62     		str	r2, [r3, #40]
 112              	.L16:
 113 003c 1500     		movs	r5, r2
 114              		@ sp needed
 115 003e 8540     		lsls	r5, r5, r0
 116 0040 0321     		movs	r1, #3
 117 0042 9C68     		ldr	r4, [r3, #8]
 118 0044 6943     		muls	r1, r5
 119 0046 2000     		movs	r0, r4
ARM GAS  /tmp/ccDR9cJb.s 			page 3


 120 0048 6C00     		lsls	r4, r5, #1
 121 004a 8843     		bics	r0, r1
 122 004c 2043     		orrs	r0, r4
 123 004e 9860     		str	r0, [r3, #8]
 124 0050 5868     		ldr	r0, [r3, #4]
 125 0052 9043     		bics	r0, r2
 126 0054 5860     		str	r0, [r3, #4]
 127 0056 DA68     		ldr	r2, [r3, #12]
 128 0058 8A43     		bics	r2, r1
 129 005a DA60     		str	r2, [r3, #12]
 130 005c 1A68     		ldr	r2, [r3]
 131 005e 8A43     		bics	r2, r1
 132 0060 2A43     		orrs	r2, r5
 133 0062 1A60     		str	r2, [r3]
 134 0064 F7BD     		pop	{r0, r1, r2, r4, r5, r6, r7, pc}
 135              	.L15:
 136 0066 9A61     		str	r2, [r3, #24]
 137 0068 E8E7     		b	.L16
 138              	.L18:
 139 006a C046     		.align	2
 140              	.L17:
 141 006c 00100240 		.word	1073876992
 143              		.section	.text.hal_gpio_irq_attach,"ax",%progbits
 144              		.align	1
 145              		.weak	hal_gpio_irq_attach
 146              		.syntax unified
 147              		.code	16
 148              		.thumb_func
 149              		.fpu softvfp
 151              	hal_gpio_irq_attach:
 152              		@ args = 0, pretend = 0, frame = 0
 153              		@ frame_needed = 0, uses_anonymous_args = 0
 154              		@ link register save eliminated.
 155 0000 0028     		cmp	r0, #0
 156 0002 08D0     		beq	.L19
 157 0004 8368     		ldr	r3, [r0, #8]
 158 0006 002B     		cmp	r3, #0
 159 0008 05D0     		beq	.L19
 160 000a 0F22     		movs	r2, #15
 161 000c 0378     		ldrb	r3, [r0]
 162 000e 1340     		ands	r3, r2
 163 0010 014A     		ldr	r2, .L27
 164 0012 9B00     		lsls	r3, r3, #2
 165 0014 9850     		str	r0, [r3, r2]
 166              	.L19:
 167              		@ sp needed
 168 0016 7047     		bx	lr
 169              	.L28:
 170              		.align	2
 171              	.L27:
 172 0018 00000000 		.word	.LANCHOR0
 174              		.section	.text.hal_gpio_init_in,"ax",%progbits
 175              		.align	1
 176              		.weak	hal_gpio_init_in
 177              		.syntax unified
 178              		.code	16
 179              		.thumb_func
ARM GAS  /tmp/ccDR9cJb.s 			page 4


 180              		.fpu softvfp
 182              	hal_gpio_init_in:
 183              		@ args = 0, pretend = 0, frame = 48
 184              		@ frame_needed = 0, uses_anonymous_args = 0
 185 0000 F0B5     		push	{r4, r5, r6, r7, lr}
 186 0002 8DB0     		sub	sp, sp, #52
 187 0004 0493     		str	r3, [sp, #16]
 188 0006 544B     		ldr	r3, .L50
 189 0008 0092     		str	r2, [sp]
 190 000a 09AA     		add	r2, sp, #36
 191 000c 0400     		movs	r4, r0
 192 000e 61CB     		ldmia	r3!, {r0, r5, r6}
 193 0010 61C2     		stmia	r2!, {r0, r5, r6}
 194 0012 F020     		movs	r0, #240
 195 0014 0125     		movs	r5, #1
 196 0016 A022     		movs	r2, #160
 197 0018 A301     		lsls	r3, r4, #6
 198 001a 8001     		lsls	r0, r0, #6
 199 001c 0340     		ands	r3, r0
 200 001e 0F20     		movs	r0, #15
 201 0020 2F00     		movs	r7, r5
 202 0022 D205     		lsls	r2, r2, #23
 203 0024 9E18     		adds	r6, r3, r2
 204 0026 2211     		asrs	r2, r4, #4
 205 0028 0240     		ands	r2, r0
 206 002a 9740     		lsls	r7, r7, r2
 207 002c AC46     		mov	ip, r5
 208 002e 4B4A     		ldr	r2, .L50+4
 209 0030 8900     		lsls	r1, r1, #2
 210 0032 D56A     		ldr	r5, [r2, #44]
 211 0034 3D43     		orrs	r5, r7
 212 0036 D562     		str	r5, [r2, #44]
 213 0038 D56A     		ldr	r5, [r2, #44]
 214 003a 0591     		str	r1, [sp, #20]
 215 003c 3D40     		ands	r5, r7
 216 003e 0795     		str	r5, [sp, #28]
 217 0040 079D     		ldr	r5, [sp, #28]
 218 0042 E5B2     		uxtb	r5, r4
 219 0044 0295     		str	r5, [sp, #8]
 220 0046 6546     		mov	r5, ip
 221 0048 0440     		ands	r4, r0
 222 004a A540     		lsls	r5, r5, r4
 223 004c F068     		ldr	r0, [r6, #12]
 224 004e 0C21     		movs	r1, #12
 225 0050 0390     		str	r0, [sp, #12]
 226 0052 2800     		movs	r0, r5
 227 0054 A040     		lsls	r0, r0, r4
 228 0056 0700     		movs	r7, r0
 229 0058 0190     		str	r0, [sp, #4]
 230 005a 0320     		movs	r0, #3
 231 005c 4743     		muls	r7, r0
 232 005e 06A8     		add	r0, sp, #24
 233 0060 4018     		adds	r0, r0, r1
 234 0062 0599     		ldr	r1, [sp, #20]
 235 0064 4158     		ldr	r1, [r0, r1]
 236 0066 0198     		ldr	r0, [sp, #4]
 237 0068 4143     		muls	r1, r0
ARM GAS  /tmp/ccDR9cJb.s 			page 5


 238 006a 0398     		ldr	r0, [sp, #12]
 239 006c B843     		bics	r0, r7
 240 006e 0143     		orrs	r1, r0
 241 0070 F160     		str	r1, [r6, #12]
 242 0072 3168     		ldr	r1, [r6]
 243 0074 B943     		bics	r1, r7
 244 0076 3160     		str	r1, [r6]
 245 0078 0099     		ldr	r1, [sp]
 246 007a 0029     		cmp	r1, #0
 247 007c 63D0     		beq	.L29
 248 007e 6046     		mov	r0, ip
 249 0080 516B     		ldr	r1, [r2, #52]
 250 0082 0143     		orrs	r1, r0
 251 0084 5163     		str	r1, [r2, #52]
 252 0086 526B     		ldr	r2, [r2, #52]
 253 0088 A104     		lsls	r1, r4, #18
 254 008a 0240     		ands	r2, r0
 255 008c 0892     		str	r2, [sp, #32]
 256 008e 089A     		ldr	r2, [sp, #32]
 257 0090 C022     		movs	r2, #192
 258 0092 1203     		lsls	r2, r2, #12
 259 0094 1140     		ands	r1, r2
 260 0096 A208     		lsrs	r2, r4, #2
 261 0098 1800     		movs	r0, r3
 262 009a 1143     		orrs	r1, r2
 263 009c 002B     		cmp	r3, #0
 264 009e 18D0     		beq	.L47
 265 00a0 8022     		movs	r2, #128
 266 00a2 6046     		mov	r0, ip
 267 00a4 D200     		lsls	r2, r2, #3
 268 00a6 9342     		cmp	r3, r2
 269 00a8 13D0     		beq	.L47
 270 00aa 8022     		movs	r2, #128
 271 00ac 0220     		movs	r0, #2
 272 00ae 1201     		lsls	r2, r2, #4
 273 00b0 9342     		cmp	r3, r2
 274 00b2 0ED0     		beq	.L47
 275 00b4 C022     		movs	r2, #192
 276 00b6 0320     		movs	r0, #3
 277 00b8 1201     		lsls	r2, r2, #4
 278 00ba 9342     		cmp	r3, r2
 279 00bc 09D0     		beq	.L47
 280 00be 8022     		movs	r2, #128
 281 00c0 0420     		movs	r0, #4
 282 00c2 5201     		lsls	r2, r2, #5
 283 00c4 9342     		cmp	r3, r2
 284 00c6 04D0     		beq	.L47
 285 00c8 E022     		movs	r2, #224
 286 00ca 5201     		lsls	r2, r2, #5
 287 00cc 9342     		cmp	r3, r2
 288 00ce 02D1     		bne	.L32
 289 00d0 0520     		movs	r0, #5
 290              	.L47:
 291 00d2 FFF7FEFF 		bl	LL_SYSCFG_SetEXTISource
 292              	.L32:
 293 00d6 224B     		ldr	r3, .L50+8
 294 00d8 E843     		mvns	r0, r5
ARM GAS  /tmp/ccDR9cJb.s 			page 6


 295 00da 5A68     		ldr	r2, [r3, #4]
 296 00dc AA43     		bics	r2, r5
 297 00de 5A60     		str	r2, [r3, #4]
 298 00e0 1968     		ldr	r1, [r3]
 299 00e2 009A     		ldr	r2, [sp]
 300 00e4 2943     		orrs	r1, r5
 301 00e6 1960     		str	r1, [r3]
 302 00e8 022A     		cmp	r2, #2
 303 00ea 1CD0     		beq	.L37
 304 00ec 032A     		cmp	r2, #3
 305 00ee 21D0     		beq	.L38
 306 00f0 012A     		cmp	r2, #1
 307 00f2 05D1     		bne	.L39
 308 00f4 DA68     		ldr	r2, [r3, #12]
 309 00f6 0240     		ands	r2, r0
 310 00f8 DA60     		str	r2, [r3, #12]
 311 00fa 9A68     		ldr	r2, [r3, #8]
 312 00fc 1543     		orrs	r5, r2
 313 00fe 9D60     		str	r5, [r3, #8]
 314              	.L39:
 315 0100 0498     		ldr	r0, [sp, #16]
 316 0102 FFF7FEFF 		bl	hal_gpio_irq_attach
 317 0106 C122     		movs	r2, #193
 318 0108 0E21     		movs	r1, #14
 319 010a 0298     		ldr	r0, [sp, #8]
 320 010c 154B     		ldr	r3, .L50+12
 321 010e 9200     		lsls	r2, r2, #2
 322 0110 0842     		tst	r0, r1
 323 0112 12D0     		beq	.L40
 324 0114 023C     		subs	r4, r4, #2
 325 0116 012C     		cmp	r4, #1
 326 0118 17D9     		bls	.L46
 327 011a 9958     		ldr	r1, [r3, r2]
 328 011c 0902     		lsls	r1, r1, #8
 329 011e 090A     		lsrs	r1, r1, #8
 330 0120 9950     		str	r1, [r3, r2]
 331 0122 8022     		movs	r2, #128
 332 0124 0EE0     		b	.L49
 333              	.L37:
 334 0126 9A68     		ldr	r2, [r3, #8]
 335 0128 0240     		ands	r2, r0
 336              	.L48:
 337 012a 9A60     		str	r2, [r3, #8]
 338 012c DA68     		ldr	r2, [r3, #12]
 339 012e 1543     		orrs	r5, r2
 340 0130 DD60     		str	r5, [r3, #12]
 341 0132 E5E7     		b	.L39
 342              	.L38:
 343 0134 9A68     		ldr	r2, [r3, #8]
 344 0136 2A43     		orrs	r2, r5
 345 0138 F7E7     		b	.L48
 346              	.L40:
 347 013a 9958     		ldr	r1, [r3, r2]
 348 013c 0A48     		ldr	r0, .L50+16
 349 013e 0140     		ands	r1, r0
 350 0140 9950     		str	r1, [r3, r2]
 351 0142 2022     		movs	r2, #32
ARM GAS  /tmp/ccDR9cJb.s 			page 7


 352              	.L49:
 353 0144 1A60     		str	r2, [r3]
 354              	.L29:
 355 0146 0DB0     		add	sp, sp, #52
 356              		@ sp needed
 357 0148 F0BD     		pop	{r4, r5, r6, r7, pc}
 358              	.L46:
 359 014a 9958     		ldr	r1, [r3, r2]
 360 014c 0748     		ldr	r0, .L50+20
 361 014e 0140     		ands	r1, r0
 362 0150 9950     		str	r1, [r3, r2]
 363 0152 4022     		movs	r2, #64
 364 0154 F6E7     		b	.L49
 365              	.L51:
 366 0156 C046     		.align	2
 367              	.L50:
 368 0158 00000000 		.word	.LANCHOR1
 369 015c 00100240 		.word	1073876992
 370 0160 00040140 		.word	1073808384
 371 0164 00E100E0 		.word	-536813312
 372 0168 FF00FFFF 		.word	-65281
 373 016c FFFF00FF 		.word	-16711681
 375              		.section	.text.hal_gpio_irq_deatach,"ax",%progbits
 376              		.align	1
 377              		.weak	hal_gpio_irq_deatach
 378              		.syntax unified
 379              		.code	16
 380              		.thumb_func
 381              		.fpu softvfp
 383              	hal_gpio_irq_deatach:
 384              		@ args = 0, pretend = 0, frame = 0
 385              		@ frame_needed = 0, uses_anonymous_args = 0
 386              		@ link register save eliminated.
 387 0000 0028     		cmp	r0, #0
 388 0002 06D0     		beq	.L52
 389 0004 0F22     		movs	r2, #15
 390 0006 0021     		movs	r1, #0
 391 0008 0378     		ldrb	r3, [r0]
 392 000a 1340     		ands	r3, r2
 393 000c 014A     		ldr	r2, .L57
 394 000e 9B00     		lsls	r3, r3, #2
 395 0010 9950     		str	r1, [r3, r2]
 396              	.L52:
 397              		@ sp needed
 398 0012 7047     		bx	lr
 399              	.L58:
 400              		.align	2
 401              	.L57:
 402 0014 00000000 		.word	.LANCHOR0
 404              		.section	.text.hal_gpio_irq_enable,"ax",%progbits
 405              		.align	1
 406              		.weak	hal_gpio_irq_enable
 407              		.syntax unified
 408              		.code	16
 409              		.thumb_func
 410              		.fpu softvfp
 412              	hal_gpio_irq_enable:
ARM GAS  /tmp/ccDR9cJb.s 			page 8


 413              		@ args = 0, pretend = 0, frame = 0
 414              		@ frame_needed = 0, uses_anonymous_args = 0
 415              		@ link register save eliminated.
 416 0000 2022     		movs	r2, #32
 417 0002 034B     		ldr	r3, .L60
 418 0004 1A60     		str	r2, [r3]
 419 0006 9218     		adds	r2, r2, r2
 420 0008 1A60     		str	r2, [r3]
 421 000a 4032     		adds	r2, r2, #64
 422 000c 1A60     		str	r2, [r3]
 423              		@ sp needed
 424 000e 7047     		bx	lr
 425              	.L61:
 426              		.align	2
 427              	.L60:
 428 0010 00E100E0 		.word	-536813312
 430              		.section	.text.hal_gpio_irq_disable,"ax",%progbits
 431              		.align	1
 432              		.weak	hal_gpio_irq_disable
 433              		.syntax unified
 434              		.code	16
 435              		.thumb_func
 436              		.fpu softvfp
 438              	hal_gpio_irq_disable:
 439              		@ args = 0, pretend = 0, frame = 0
 440              		@ frame_needed = 0, uses_anonymous_args = 0
 441              		@ link register save eliminated.
 442 0000 2022     		movs	r2, #32
 443 0002 094B     		ldr	r3, .L63
 444 0004 DA67     		str	r2, [r3, #124]
 445              		.syntax divided
 446              	@ 946 "bsp_l0/mcu_drivers/cmsis/Core/Include/cmsis_gcc.h" 1
 447 0006 BFF34F8F 		dsb 0xF
 448              	@ 0 "" 2
 449              	@ 935 "bsp_l0/mcu_drivers/cmsis/Core/Include/cmsis_gcc.h" 1
 450 000a BFF36F8F 		isb 0xF
 451              	@ 0 "" 2
 452              		.thumb
 453              		.syntax unified
 454 000e 9218     		adds	r2, r2, r2
 455 0010 DA67     		str	r2, [r3, #124]
 456              		.syntax divided
 457              	@ 946 "bsp_l0/mcu_drivers/cmsis/Core/Include/cmsis_gcc.h" 1
 458 0012 BFF34F8F 		dsb 0xF
 459              	@ 0 "" 2
 460              	@ 935 "bsp_l0/mcu_drivers/cmsis/Core/Include/cmsis_gcc.h" 1
 461 0016 BFF36F8F 		isb 0xF
 462              	@ 0 "" 2
 463              		.thumb
 464              		.syntax unified
 465 001a 4032     		adds	r2, r2, #64
 466 001c DA67     		str	r2, [r3, #124]
 467              		.syntax divided
 468              	@ 946 "bsp_l0/mcu_drivers/cmsis/Core/Include/cmsis_gcc.h" 1
 469 001e BFF34F8F 		dsb 0xF
 470              	@ 0 "" 2
 471              	@ 935 "bsp_l0/mcu_drivers/cmsis/Core/Include/cmsis_gcc.h" 1
ARM GAS  /tmp/ccDR9cJb.s 			page 9


 472 0022 BFF36F8F 		isb 0xF
 473              	@ 0 "" 2
 474              		.thumb
 475              		.syntax unified
 476              		@ sp needed
 477 0026 7047     		bx	lr
 478              	.L64:
 479              		.align	2
 480              	.L63:
 481 0028 04E100E0 		.word	-536813308
 483              		.section	.text.hal_gpio_set_value,"ax",%progbits
 484              		.align	1
 485              		.weak	hal_gpio_set_value
 486              		.syntax unified
 487              		.code	16
 488              		.thumb_func
 489              		.fpu softvfp
 491              	hal_gpio_set_value:
 492              		@ args = 0, pretend = 0, frame = 0
 493              		@ frame_needed = 0, uses_anonymous_args = 0
 494              		@ link register save eliminated.
 495 0000 F022     		movs	r2, #240
 496 0002 8301     		lsls	r3, r0, #6
 497 0004 9201     		lsls	r2, r2, #6
 498 0006 1340     		ands	r3, r2
 499 0008 A022     		movs	r2, #160
 500 000a D205     		lsls	r2, r2, #23
 501 000c 9B18     		adds	r3, r3, r2
 502 000e 0F22     		movs	r2, #15
 503 0010 1040     		ands	r0, r2
 504 0012 0E3A     		subs	r2, r2, #14
 505 0014 8240     		lsls	r2, r2, r0
 506 0016 0029     		cmp	r1, #0
 507 0018 01D1     		bne	.L66
 508 001a 9A62     		str	r2, [r3, #40]
 509              	.L65:
 510              		@ sp needed
 511 001c 7047     		bx	lr
 512              	.L66:
 513 001e 9A61     		str	r2, [r3, #24]
 514 0020 FCE7     		b	.L65
 516              		.section	.text.hal_gpio_get_value,"ax",%progbits
 517              		.align	1
 518              		.weak	hal_gpio_get_value
 519              		.syntax unified
 520              		.code	16
 521              		.thumb_func
 522              		.fpu softvfp
 524              	hal_gpio_get_value:
 525              		@ args = 0, pretend = 0, frame = 0
 526              		@ frame_needed = 0, uses_anonymous_args = 0
 527              		@ link register save eliminated.
 528 0000 F022     		movs	r2, #240
 529              		@ sp needed
 530 0002 8301     		lsls	r3, r0, #6
 531 0004 9201     		lsls	r2, r2, #6
 532 0006 1340     		ands	r3, r2
ARM GAS  /tmp/ccDR9cJb.s 			page 10


 533 0008 A022     		movs	r2, #160
 534 000a D205     		lsls	r2, r2, #23
 535 000c 9B18     		adds	r3, r3, r2
 536 000e 0F22     		movs	r2, #15
 537 0010 1040     		ands	r0, r2
 538 0012 0E3A     		subs	r2, r2, #14
 539 0014 8240     		lsls	r2, r2, r0
 540 0016 1869     		ldr	r0, [r3, #16]
 541 0018 1040     		ands	r0, r2
 542 001a 801A     		subs	r0, r0, r2
 543 001c 4342     		rsbs	r3, r0, #0
 544 001e 5841     		adcs	r0, r0, r3
 545 0020 7047     		bx	lr
 547              		.section	.text.hal_gpio_clear_pending_irq,"ax",%progbits
 548              		.align	1
 549              		.weak	hal_gpio_clear_pending_irq
 550              		.syntax unified
 551              		.code	16
 552              		.thumb_func
 553              		.fpu softvfp
 555              	hal_gpio_clear_pending_irq:
 556              		@ args = 0, pretend = 0, frame = 0
 557              		@ frame_needed = 0, uses_anonymous_args = 0
 558 0000 0F23     		movs	r3, #15
 559 0002 C022     		movs	r2, #192
 560 0004 10B5     		push	{r4, lr}
 561 0006 0E24     		movs	r4, #14
 562 0008 0749     		ldr	r1, .L76
 563 000a 0340     		ands	r3, r0
 564 000c 5200     		lsls	r2, r2, #1
 565 000e 2042     		tst	r0, r4
 566 0010 04D0     		beq	.L70
 567 0012 023B     		subs	r3, r3, #2
 568 0014 012B     		cmp	r3, #1
 569 0016 04D9     		bls	.L74
 570 0018 8023     		movs	r3, #128
 571 001a 00E0     		b	.L75
 572              	.L70:
 573 001c 2023     		movs	r3, #32
 574              	.L75:
 575              		@ sp needed
 576 001e 8B50     		str	r3, [r1, r2]
 577 0020 10BD     		pop	{r4, pc}
 578              	.L74:
 579 0022 4023     		movs	r3, #64
 580 0024 FBE7     		b	.L75
 581              	.L77:
 582 0026 C046     		.align	2
 583              	.L76:
 584 0028 00E100E0 		.word	-536813312
 586              		.section	.text.EXTI0_1_IRQHandler,"ax",%progbits
 587              		.align	1
 588              		.global	EXTI0_1_IRQHandler
 589              		.syntax unified
 590              		.code	16
 591              		.thumb_func
 592              		.fpu softvfp
ARM GAS  /tmp/ccDR9cJb.s 			page 11


 594              	EXTI0_1_IRQHandler:
 595              		@ args = 0, pretend = 0, frame = 0
 596              		@ frame_needed = 0, uses_anonymous_args = 0
 597 0000 0123     		movs	r3, #1
 598 0002 10B5     		push	{r4, lr}
 599 0004 084C     		ldr	r4, .L87
 600 0006 6269     		ldr	r2, [r4, #20]
 601 0008 1A42     		tst	r2, r3
 602 000a 03D0     		beq	.L79
 603 000c 0020     		movs	r0, #0
 604 000e 6361     		str	r3, [r4, #20]
 605 0010 FFF7FEFF 		bl	call_gpio_irq_cb
 606              	.L79:
 607 0014 0223     		movs	r3, #2
 608 0016 6269     		ldr	r2, [r4, #20]
 609 0018 1A42     		tst	r2, r3
 610 001a 03D0     		beq	.L78
 611 001c 0120     		movs	r0, #1
 612 001e 6361     		str	r3, [r4, #20]
 613 0020 FFF7FEFF 		bl	call_gpio_irq_cb
 614              	.L78:
 615              		@ sp needed
 616 0024 10BD     		pop	{r4, pc}
 617              	.L88:
 618 0026 C046     		.align	2
 619              	.L87:
 620 0028 00040140 		.word	1073808384
 622              		.section	.text.EXTI2_3_IRQHandler,"ax",%progbits
 623              		.align	1
 624              		.global	EXTI2_3_IRQHandler
 625              		.syntax unified
 626              		.code	16
 627              		.thumb_func
 628              		.fpu softvfp
 630              	EXTI2_3_IRQHandler:
 631              		@ args = 0, pretend = 0, frame = 0
 632              		@ frame_needed = 0, uses_anonymous_args = 0
 633 0000 0423     		movs	r3, #4
 634 0002 10B5     		push	{r4, lr}
 635 0004 084C     		ldr	r4, .L98
 636 0006 6269     		ldr	r2, [r4, #20]
 637 0008 1A42     		tst	r2, r3
 638 000a 03D0     		beq	.L90
 639 000c 0220     		movs	r0, #2
 640 000e 6361     		str	r3, [r4, #20]
 641 0010 FFF7FEFF 		bl	call_gpio_irq_cb
 642              	.L90:
 643 0014 0823     		movs	r3, #8
 644 0016 6269     		ldr	r2, [r4, #20]
 645 0018 1A42     		tst	r2, r3
 646 001a 03D0     		beq	.L89
 647 001c 0320     		movs	r0, #3
 648 001e 6361     		str	r3, [r4, #20]
 649 0020 FFF7FEFF 		bl	call_gpio_irq_cb
 650              	.L89:
 651              		@ sp needed
 652 0024 10BD     		pop	{r4, pc}
ARM GAS  /tmp/ccDR9cJb.s 			page 12


 653              	.L99:
 654 0026 C046     		.align	2
 655              	.L98:
 656 0028 00040140 		.word	1073808384
 658              		.section	.text.EXTI4_15_IRQHandler,"ax",%progbits
 659              		.align	1
 660              		.global	EXTI4_15_IRQHandler
 661              		.syntax unified
 662              		.code	16
 663              		.thumb_func
 664              		.fpu softvfp
 666              	EXTI4_15_IRQHandler:
 667              		@ args = 0, pretend = 0, frame = 0
 668              		@ frame_needed = 0, uses_anonymous_args = 0
 669 0000 70B5     		push	{r4, r5, r6, lr}
 670 0002 0424     		movs	r4, #4
 671 0004 0125     		movs	r5, #1
 672              	.L102:
 673 0006 2B00     		movs	r3, r5
 674 0008 A340     		lsls	r3, r3, r4
 675 000a 0649     		ldr	r1, .L104
 676 000c E0B2     		uxtb	r0, r4
 677 000e 4A69     		ldr	r2, [r1, #20]
 678 0010 1A40     		ands	r2, r3
 679 0012 9342     		cmp	r3, r2
 680 0014 02D1     		bne	.L101
 681 0016 4B61     		str	r3, [r1, #20]
 682 0018 FFF7FEFF 		bl	call_gpio_irq_cb
 683              	.L101:
 684 001c 0134     		adds	r4, r4, #1
 685 001e 102C     		cmp	r4, #16
 686 0020 F1D1     		bne	.L102
 687              		@ sp needed
 688 0022 70BD     		pop	{r4, r5, r6, pc}
 689              	.L105:
 690              		.align	2
 691              	.L104:
 692 0024 00040140 		.word	1073808384
 694              		.section	.rodata
 695              		.align	2
 696              		.set	.LANCHOR1,. + 0
 697              	.LC0:
 698 0000 00000000 		.word	0
 699 0004 01000000 		.word	1
 700 0008 02000000 		.word	2
 701              		.section	.bss.gpio_irq,"aw",%nobits
 702              		.align	2
 703              		.set	.LANCHOR0,. + 0
 706              	gpio_irq:
 707 0000 00000000 		.space	64
 707      00000000 
 707      00000000 
 707      00000000 
 707      00000000 
 708              		.ident	"GCC: (15:10.3-2021.07-4) 10.3.1 20210621 (release)"
ARM GAS  /tmp/ccDR9cJb.s 			page 13


DEFINED SYMBOLS
                            *ABS*:0000000000000000 smtc_hal_gpio.c
     /tmp/ccDR9cJb.s:12     .text.LL_SYSCFG_SetEXTISource:0000000000000000 $t
     /tmp/ccDR9cJb.s:19     .text.LL_SYSCFG_SetEXTISource:0000000000000000 LL_SYSCFG_SetEXTISource
     /tmp/ccDR9cJb.s:40     .text.LL_SYSCFG_SetEXTISource:000000000000001c $d
     /tmp/ccDR9cJb.s:43     .text.call_gpio_irq_cb:0000000000000000 $t
     /tmp/ccDR9cJb.s:49     .text.call_gpio_irq_cb:0000000000000000 call_gpio_irq_cb
     /tmp/ccDR9cJb.s:69     .text.call_gpio_irq_cb:0000000000000018 $d
     /tmp/ccDR9cJb.s:72     .text.hal_gpio_init_out:0000000000000000 $t
     /tmp/ccDR9cJb.s:79     .text.hal_gpio_init_out:0000000000000000 hal_gpio_init_out
     /tmp/ccDR9cJb.s:141    .text.hal_gpio_init_out:000000000000006c $d
     /tmp/ccDR9cJb.s:144    .text.hal_gpio_irq_attach:0000000000000000 $t
     /tmp/ccDR9cJb.s:151    .text.hal_gpio_irq_attach:0000000000000000 hal_gpio_irq_attach
     /tmp/ccDR9cJb.s:172    .text.hal_gpio_irq_attach:0000000000000018 $d
     /tmp/ccDR9cJb.s:175    .text.hal_gpio_init_in:0000000000000000 $t
     /tmp/ccDR9cJb.s:182    .text.hal_gpio_init_in:0000000000000000 hal_gpio_init_in
     /tmp/ccDR9cJb.s:368    .text.hal_gpio_init_in:0000000000000158 $d
     /tmp/ccDR9cJb.s:376    .text.hal_gpio_irq_deatach:0000000000000000 $t
     /tmp/ccDR9cJb.s:383    .text.hal_gpio_irq_deatach:0000000000000000 hal_gpio_irq_deatach
     /tmp/ccDR9cJb.s:402    .text.hal_gpio_irq_deatach:0000000000000014 $d
     /tmp/ccDR9cJb.s:405    .text.hal_gpio_irq_enable:0000000000000000 $t
     /tmp/ccDR9cJb.s:412    .text.hal_gpio_irq_enable:0000000000000000 hal_gpio_irq_enable
     /tmp/ccDR9cJb.s:428    .text.hal_gpio_irq_enable:0000000000000010 $d
     /tmp/ccDR9cJb.s:431    .text.hal_gpio_irq_disable:0000000000000000 $t
     /tmp/ccDR9cJb.s:438    .text.hal_gpio_irq_disable:0000000000000000 hal_gpio_irq_disable
     /tmp/ccDR9cJb.s:481    .text.hal_gpio_irq_disable:0000000000000028 $d
     /tmp/ccDR9cJb.s:484    .text.hal_gpio_set_value:0000000000000000 $t
     /tmp/ccDR9cJb.s:491    .text.hal_gpio_set_value:0000000000000000 hal_gpio_set_value
     /tmp/ccDR9cJb.s:517    .text.hal_gpio_get_value:0000000000000000 $t
     /tmp/ccDR9cJb.s:524    .text.hal_gpio_get_value:0000000000000000 hal_gpio_get_value
     /tmp/ccDR9cJb.s:548    .text.hal_gpio_clear_pending_irq:0000000000000000 $t
     /tmp/ccDR9cJb.s:555    .text.hal_gpio_clear_pending_irq:0000000000000000 hal_gpio_clear_pending_irq
     /tmp/ccDR9cJb.s:584    .text.hal_gpio_clear_pending_irq:0000000000000028 $d
     /tmp/ccDR9cJb.s:587    .text.EXTI0_1_IRQHandler:0000000000000000 $t
     /tmp/ccDR9cJb.s:594    .text.EXTI0_1_IRQHandler:0000000000000000 EXTI0_1_IRQHandler
     /tmp/ccDR9cJb.s:620    .text.EXTI0_1_IRQHandler:0000000000000028 $d
     /tmp/ccDR9cJb.s:623    .text.EXTI2_3_IRQHandler:0000000000000000 $t
     /tmp/ccDR9cJb.s:630    .text.EXTI2_3_IRQHandler:0000000000000000 EXTI2_3_IRQHandler
     /tmp/ccDR9cJb.s:656    .text.EXTI2_3_IRQHandler:0000000000000028 $d
     /tmp/ccDR9cJb.s:659    .text.EXTI4_15_IRQHandler:0000000000000000 $t
     /tmp/ccDR9cJb.s:666    .text.EXTI4_15_IRQHandler:0000000000000000 EXTI4_15_IRQHandler
     /tmp/ccDR9cJb.s:692    .text.EXTI4_15_IRQHandler:0000000000000024 $d
     /tmp/ccDR9cJb.s:695    .rodata:0000000000000000 $d
     /tmp/ccDR9cJb.s:702    .bss.gpio_irq:0000000000000000 $d
     /tmp/ccDR9cJb.s:706    .bss.gpio_irq:0000000000000000 gpio_irq

NO UNDEFINED SYMBOLS
