ARM GAS  /tmp/ccIyIyGS.s 			page 1


   1              		.cpu cortex-m0plus
   2              		.eabi_attribute 23, 1
   3              		.eabi_attribute 24, 1
   4              		.eabi_attribute 25, 1
   5              		.eabi_attribute 26, 1
   6              		.eabi_attribute 30, 4
   7              		.eabi_attribute 34, 0
   8              		.eabi_attribute 18, 4
   9              		.file	"smtc_hal_rng.c"
  10              		.text
  11              		.section	.text.hal_rng_init,"ax",%progbits
  12              		.align	1
  13              		.weak	hal_rng_init
  14              		.arch armv6s-m
  15              		.syntax unified
  16              		.code	16
  17              		.thumb_func
  18              		.fpu softvfp
  20              	hal_rng_init:
  21              		@ args = 0, pretend = 0, frame = 8
  22              		@ frame_needed = 0, uses_anonymous_args = 0
  23 0000 07B5     		push	{r0, r1, r2, lr}
  24 0002 0422     		movs	r2, #4
  25              		@ sp needed
  26 0004 0349     		ldr	r1, .L2
  27 0006 01A8     		add	r0, sp, #4
  28 0008 FFF7FEFF 		bl	memcpy
  29 000c 0198     		ldr	r0, [sp, #4]
  30 000e FFF7FEFF 		bl	srand
  31 0012 07BD     		pop	{r0, r1, r2, pc}
  32              	.L3:
  33              		.align	2
  34              	.L2:
  35 0014 08000000 		.word	settings+8
  37              		.section	.text.hal_rng_get_random,"ax",%progbits
  38              		.align	1
  39              		.weak	hal_rng_get_random
  40              		.syntax unified
  41              		.code	16
  42              		.thumb_func
  43              		.fpu softvfp
  45              	hal_rng_get_random:
  46              		@ args = 0, pretend = 0, frame = 0
  47              		@ frame_needed = 0, uses_anonymous_args = 0
  48 0000 10B5     		push	{r4, lr}
  49 0002 FFF7FEFF 		bl	rand
  50              		@ sp needed
  51 0006 10BD     		pop	{r4, pc}
  53              		.global	__aeabi_uidivmod
  54              		.section	.text.hal_rng_get_random_in_range,"ax",%progbits
  55              		.align	1
  56              		.weak	hal_rng_get_random_in_range
  57              		.syntax unified
  58              		.code	16
  59              		.thumb_func
  60              		.fpu softvfp
  62              	hal_rng_get_random_in_range:
ARM GAS  /tmp/ccIyIyGS.s 			page 2


  63              		@ args = 0, pretend = 0, frame = 0
  64              		@ frame_needed = 0, uses_anonymous_args = 0
  65 0000 70B5     		push	{r4, r5, r6, lr}
  66 0002 0500     		movs	r5, r0
  67 0004 0C00     		movs	r4, r1
  68 0006 8842     		cmp	r0, r1
  69 0008 07D8     		bhi	.L6
  70 000a 0134     		adds	r4, r4, #1
  71 000c FFF7FEFF 		bl	hal_rng_get_random
  72 0010 611B     		subs	r1, r4, r5
  73 0012 FFF7FEFF 		bl	__aeabi_uidivmod
  74 0016 4819     		adds	r0, r1, r5
  75              	.L5:
  76              		@ sp needed
  77 0018 70BD     		pop	{r4, r5, r6, pc}
  78              	.L6:
  79 001a FFF7FEFF 		bl	hal_rng_get_random
  80 001e 291B     		subs	r1, r5, r4
  81 0020 0131     		adds	r1, r1, #1
  82 0022 FFF7FEFF 		bl	__aeabi_uidivmod
  83 0026 0819     		adds	r0, r1, r4
  84 0028 F6E7     		b	.L5
  86              		.section	.text.hal_rng_get_signed_random_in_range,"ax",%progbits
  87              		.align	1
  88              		.weak	hal_rng_get_signed_random_in_range
  89              		.syntax unified
  90              		.code	16
  91              		.thumb_func
  92              		.fpu softvfp
  94              	hal_rng_get_signed_random_in_range:
  95              		@ args = 0, pretend = 0, frame = 0
  96              		@ frame_needed = 0, uses_anonymous_args = 0
  97 0000 70B5     		push	{r4, r5, r6, lr}
  98 0002 0500     		movs	r5, r0
  99 0004 0C00     		movs	r4, r1
 100 0006 8842     		cmp	r0, r1
 101 0008 05DC     		bgt	.L9
 102 000a 091A     		subs	r1, r1, r0
 103 000c 0020     		movs	r0, #0
 104 000e FFF7FEFF 		bl	hal_rng_get_random_in_range
 105 0012 2818     		adds	r0, r5, r0
 106              	.L8:
 107              		@ sp needed
 108 0014 70BD     		pop	{r4, r5, r6, pc}
 109              	.L9:
 110 0016 411A     		subs	r1, r0, r1
 111 0018 0020     		movs	r0, #0
 112 001a FFF7FEFF 		bl	hal_rng_get_random_in_range
 113 001e 2018     		adds	r0, r4, r0
 114 0020 F8E7     		b	.L8
 116              		.ident	"GCC: (15:10.3-2021.07-4) 10.3.1 20210621 (release)"
ARM GAS  /tmp/ccIyIyGS.s 			page 3


DEFINED SYMBOLS
                            *ABS*:0000000000000000 smtc_hal_rng.c
     /tmp/ccIyIyGS.s:12     .text.hal_rng_init:0000000000000000 $t
     /tmp/ccIyIyGS.s:20     .text.hal_rng_init:0000000000000000 hal_rng_init
     /tmp/ccIyIyGS.s:35     .text.hal_rng_init:0000000000000014 $d
     /tmp/ccIyIyGS.s:38     .text.hal_rng_get_random:0000000000000000 $t
     /tmp/ccIyIyGS.s:45     .text.hal_rng_get_random:0000000000000000 hal_rng_get_random
     /tmp/ccIyIyGS.s:55     .text.hal_rng_get_random_in_range:0000000000000000 $t
     /tmp/ccIyIyGS.s:62     .text.hal_rng_get_random_in_range:0000000000000000 hal_rng_get_random_in_range
     /tmp/ccIyIyGS.s:87     .text.hal_rng_get_signed_random_in_range:0000000000000000 $t
     /tmp/ccIyIyGS.s:94     .text.hal_rng_get_signed_random_in_range:0000000000000000 hal_rng_get_signed_random_in_range

UNDEFINED SYMBOLS
memcpy
srand
settings
rand
__aeabi_uidivmod
