ARM GAS  /tmp/ccb0zsWA.s 			page 1


   1              		.cpu cortex-m0plus
   2              		.eabi_attribute 23, 1
   3              		.eabi_attribute 24, 1
   4              		.eabi_attribute 25, 1
   5              		.eabi_attribute 26, 1
   6              		.eabi_attribute 30, 4
   7              		.eabi_attribute 34, 0
   8              		.eabi_attribute 18, 4
   9              		.file	"smtc_hal_rtc.c"
  10              		.text
  11              		.section	.text.hal_rtc_init,"ax",%progbits
  12              		.align	1
  13              		.weak	hal_rtc_init
  14              		.arch armv6s-m
  15              		.syntax unified
  16              		.code	16
  17              		.thumb_func
  18              		.fpu softvfp
  20              	hal_rtc_init:
  21              		@ args = 0, pretend = 0, frame = 8
  22              		@ frame_needed = 0, uses_anonymous_args = 0
  23              		@ link register save eliminated.
  24 0000 8020     		movs	r0, #128
  25 0002 294B     		ldr	r3, .L5
  26 0004 4005     		lsls	r0, r0, #21
  27 0006 996B     		ldr	r1, [r3, #56]
  28 0008 82B0     		sub	sp, sp, #8
  29 000a 0143     		orrs	r1, r0
  30 000c 9963     		str	r1, [r3, #56]
  31 000e 9A6B     		ldr	r2, [r3, #56]
  32 0010 0240     		ands	r2, r0
  33 0012 0192     		str	r2, [sp, #4]
  34 0014 019A     		ldr	r2, [sp, #4]
  35 0016 8022     		movs	r2, #128
  36 0018 196D     		ldr	r1, [r3, #80]
  37 001a D202     		lsls	r2, r2, #11
  38 001c 0A43     		orrs	r2, r1
  39 001e 1A65     		str	r2, [r3, #80]
  40 0020 CA22     		movs	r2, #202
  41 0022 224B     		ldr	r3, .L5+4
  42 0024 5A62     		str	r2, [r3, #36]
  43 0026 773A     		subs	r2, r2, #119
  44 0028 5A62     		str	r2, [r3, #36]
  45 002a 9968     		ldr	r1, [r3, #8]
  46 002c 333A     		subs	r2, r2, #51
  47 002e 0A43     		orrs	r2, r1
  48 0030 9A60     		str	r2, [r3, #8]
  49 0032 0122     		movs	r2, #1
  50 0034 4021     		movs	r1, #64
  51 0036 5242     		rsbs	r2, r2, #0
  52 0038 DA60     		str	r2, [r3, #12]
  53              	.L2:
  54 003a DA68     		ldr	r2, [r3, #12]
  55 003c 0A42     		tst	r2, r1
  56 003e FCD0     		beq	.L2
  57 0040 9A68     		ldr	r2, [r3, #8]
  58 0042 1B48     		ldr	r0, .L5+8
ARM GAS  /tmp/ccb0zsWA.s 			page 2


  59 0044 8A43     		bics	r2, r1
  60 0046 9A60     		str	r2, [r3, #8]
  61 0048 1A69     		ldr	r2, [r3, #16]
  62 004a 1A49     		ldr	r1, .L5+12
  63 004c 1140     		ands	r1, r2
  64 004e F822     		movs	r2, #248
  65 0050 5203     		lsls	r2, r2, #13
  66 0052 0A43     		orrs	r2, r1
  67 0054 1A61     		str	r2, [r3, #16]
  68 0056 1A69     		ldr	r2, [r3, #16]
  69 0058 1749     		ldr	r1, .L5+16
  70 005a D20B     		lsrs	r2, r2, #15
  71 005c D203     		lsls	r2, r2, #15
  72 005e 0A43     		orrs	r2, r1
  73 0060 1A61     		str	r2, [r3, #16]
  74 0062 5A68     		ldr	r2, [r3, #4]
  75 0064 1549     		ldr	r1, .L5+20
  76 0066 1140     		ands	r1, r2
  77 0068 154A     		ldr	r2, .L5+24
  78 006a 0A43     		orrs	r2, r1
  79 006c 5A60     		str	r2, [r3, #4]
  80 006e 1A68     		ldr	r2, [r3]
  81 0070 1449     		ldr	r1, .L5+28
  82 0072 0A40     		ands	r2, r1
  83 0074 1A60     		str	r2, [r3]
  84 0076 8122     		movs	r2, #129
  85 0078 5242     		rsbs	r2, r2, #0
  86 007a DA60     		str	r2, [r3, #12]
  87 007c 8132     		adds	r2, r2, #129
  88 007e FF32     		adds	r2, r2, #255
  89 0080 5A62     		str	r2, [r3, #36]
  90 0082 8022     		movs	r2, #128
  91 0084 104B     		ldr	r3, .L5+32
  92 0086 5203     		lsls	r2, r2, #13
  93 0088 1968     		ldr	r1, [r3]
  94 008a 1143     		orrs	r1, r2
  95 008c 1960     		str	r1, [r3]
  96 008e 9968     		ldr	r1, [r3, #8]
  97 0090 0A43     		orrs	r2, r1
  98 0092 C021     		movs	r1, #192
  99 0094 9A60     		str	r2, [r3, #8]
 100 0096 0D4B     		ldr	r3, .L5+36
 101 0098 8900     		lsls	r1, r1, #2
 102 009a 5A58     		ldr	r2, [r3, r1]
 103 009c 0240     		ands	r2, r0
 104 009e 5A50     		str	r2, [r3, r1]
 105 00a0 0422     		movs	r2, #4
 106 00a2 1A60     		str	r2, [r3]
 107 00a4 02B0     		add	sp, sp, #8
 108              		@ sp needed
 109 00a6 7047     		bx	lr
 110              	.L6:
 111              		.align	2
 112              	.L5:
 113 00a8 00100240 		.word	1073876992
 114 00ac 00280040 		.word	1073752064
 115 00b0 FFFF00FF 		.word	-16711681
ARM GAS  /tmp/ccb0zsWA.s 			page 3


 116 00b4 FFFF80FF 		.word	-8323073
 117 00b8 FF030000 		.word	1023
 118 00bc C00000FF 		.word	-16777024
 119 00c0 01210000 		.word	8449
 120 00c4 808080FF 		.word	-8355712
 121 00c8 00040140 		.word	1073808384
 122 00cc 00E100E0 		.word	-536813312
 124              		.section	.text.hal_rtc_wakeup_timer_set_ms,"ax",%progbits
 125              		.align	1
 126              		.weak	hal_rtc_wakeup_timer_set_ms
 127              		.syntax unified
 128              		.code	16
 129              		.thumb_func
 130              		.fpu softvfp
 132              	hal_rtc_wakeup_timer_set_ms:
 133              		@ args = 0, pretend = 0, frame = 0
 134              		@ frame_needed = 0, uses_anonymous_args = 0
 135              		@ link register save eliminated.
 136 0000 0100     		movs	r1, r0
 137 0002 0620     		movs	r0, #6
 138 0004 CA22     		movs	r2, #202
 139 0006 164B     		ldr	r3, .L15
 140 0008 4843     		muls	r0, r1
 141 000a 5A62     		str	r2, [r3, #36]
 142 000c 773A     		subs	r2, r2, #119
 143 000e 5A62     		str	r2, [r3, #36]
 144 0010 9A68     		ldr	r2, [r3, #8]
 145 0012 C009     		lsrs	r0, r0, #7
 146 0014 4900     		lsls	r1, r1, #1
 147 0016 4118     		adds	r1, r0, r1
 148 0018 5205     		lsls	r2, r2, #21
 149 001a 0BD5     		bpl	.L8
 150 001c 9A68     		ldr	r2, [r3, #8]
 151 001e 1148     		ldr	r0, .L15+4
 152 0020 0240     		ands	r2, r0
 153 0022 9A60     		str	r2, [r3, #8]
 154 0024 9A68     		ldr	r2, [r3, #8]
 155 0026 1048     		ldr	r0, .L15+8
 156 0028 0240     		ands	r2, r0
 157 002a 9A60     		str	r2, [r3, #8]
 158 002c 0422     		movs	r2, #4
 159              	.L9:
 160 002e D868     		ldr	r0, [r3, #12]
 161 0030 1042     		tst	r0, r2
 162 0032 FCD0     		beq	.L9
 163              	.L8:
 164              		@ sp needed
 165 0034 0720     		movs	r0, #7
 166 0036 9A68     		ldr	r2, [r3, #8]
 167 0038 8243     		bics	r2, r0
 168 003a 9A60     		str	r2, [r3, #8]
 169 003c 5A69     		ldr	r2, [r3, #20]
 170 003e 120C     		lsrs	r2, r2, #16
 171 0040 1004     		lsls	r0, r2, #16
 172 0042 8022     		movs	r2, #128
 173 0044 0843     		orrs	r0, r1
 174 0046 5861     		str	r0, [r3, #20]
ARM GAS  /tmp/ccb0zsWA.s 			page 4


 175 0048 9968     		ldr	r1, [r3, #8]
 176 004a D200     		lsls	r2, r2, #3
 177 004c 0A43     		orrs	r2, r1
 178 004e 9A60     		str	r2, [r3, #8]
 179 0050 8022     		movs	r2, #128
 180 0052 9968     		ldr	r1, [r3, #8]
 181 0054 D201     		lsls	r2, r2, #7
 182 0056 0A43     		orrs	r2, r1
 183 0058 9A60     		str	r2, [r3, #8]
 184 005a FF22     		movs	r2, #255
 185 005c 5A62     		str	r2, [r3, #36]
 186 005e 7047     		bx	lr
 187              	.L16:
 188              		.align	2
 189              	.L15:
 190 0060 00280040 		.word	1073752064
 191 0064 FFFBFFFF 		.word	-1025
 192 0068 FFBFFFFF 		.word	-16385
 194              		.section	.text.hal_rtc_wakeup_timer_stop,"ax",%progbits
 195              		.align	1
 196              		.weak	hal_rtc_wakeup_timer_stop
 197              		.syntax unified
 198              		.code	16
 199              		.thumb_func
 200              		.fpu softvfp
 202              	hal_rtc_wakeup_timer_stop:
 203              		@ args = 0, pretend = 0, frame = 0
 204              		@ frame_needed = 0, uses_anonymous_args = 0
 205              		@ link register save eliminated.
 206 0000 CA22     		movs	r2, #202
 207              		@ sp needed
 208 0002 064B     		ldr	r3, .L18
 209 0004 0649     		ldr	r1, .L18+4
 210 0006 5A62     		str	r2, [r3, #36]
 211 0008 773A     		subs	r2, r2, #119
 212 000a 5A62     		str	r2, [r3, #36]
 213 000c 9A68     		ldr	r2, [r3, #8]
 214 000e 0A40     		ands	r2, r1
 215 0010 9A60     		str	r2, [r3, #8]
 216 0012 9A68     		ldr	r2, [r3, #8]
 217 0014 0349     		ldr	r1, .L18+8
 218 0016 0A40     		ands	r2, r1
 219 0018 9A60     		str	r2, [r3, #8]
 220 001a 7047     		bx	lr
 221              	.L19:
 222              		.align	2
 223              	.L18:
 224 001c 00280040 		.word	1073752064
 225 0020 FFBFFFFF 		.word	-16385
 226 0024 FFFBFFFF 		.word	-1025
 228              		.section	.text.hal_rtc_set_offset_to_test_wrapping,"ax",%progbits
 229              		.align	1
 230              		.weak	hal_rtc_set_offset_to_test_wrapping
 231              		.syntax unified
 232              		.code	16
 233              		.thumb_func
 234              		.fpu softvfp
ARM GAS  /tmp/ccb0zsWA.s 			page 5


 236              	hal_rtc_set_offset_to_test_wrapping:
 237              		@ args = 0, pretend = 0, frame = 0
 238              		@ frame_needed = 0, uses_anonymous_args = 0
 239              		@ link register save eliminated.
 240 0000 014B     		ldr	r3, .L21
 241              		@ sp needed
 242 0002 1860     		str	r0, [r3]
 243 0004 7047     		bx	lr
 244              	.L22:
 245 0006 C046     		.align	2
 246              	.L21:
 247 0008 00000000 		.word	.LANCHOR0
 249              		.section	.text.rtc_get_timestamp_in_ticks,"ax",%progbits
 250              		.align	1
 251              		.weak	rtc_get_timestamp_in_ticks
 252              		.syntax unified
 253              		.code	16
 254              		.thumb_func
 255              		.fpu softvfp
 257              	rtc_get_timestamp_in_ticks:
 258              		@ args = 0, pretend = 0, frame = 24
 259              		@ frame_needed = 0, uses_anonymous_args = 0
 260 0000 F0B5     		push	{r4, r5, r6, r7, lr}
 261 0002 384B     		ldr	r3, .L28
 262 0004 87B0     		sub	sp, sp, #28
 263              	.L24:
 264 0006 9A6A     		ldr	r2, [r3, #40]
 265 0008 0592     		str	r2, [sp, #20]
 266 000a 9A6A     		ldr	r2, [r3, #40]
 267 000c 0292     		str	r2, [sp, #8]
 268 000e 5A68     		ldr	r2, [r3, #4]
 269 0010 1968     		ldr	r1, [r3]
 270 0012 986A     		ldr	r0, [r3, #40]
 271 0014 0091     		str	r1, [sp]
 272 0016 0599     		ldr	r1, [sp, #20]
 273 0018 8842     		cmp	r0, r1
 274 001a F4D1     		bne	.L24
 275 001c 0A20     		movs	r0, #10
 276 001e 0F26     		movs	r6, #15
 277 0020 0327     		movs	r7, #3
 278 0022 314D     		ldr	r5, .L28+4
 279 0024 314C     		ldr	r4, .L28+8
 280 0026 1540     		ands	r5, r2
 281 0028 2B0D     		lsrs	r3, r5, #20
 282 002a 4343     		muls	r3, r0
 283 002c 290C     		lsrs	r1, r5, #16
 284 002e 3140     		ands	r1, r6
 285 0030 5B18     		adds	r3, r3, r1
 286 0032 2F49     		ldr	r1, .L28+12
 287 0034 DBB2     		uxtb	r3, r3
 288 0036 5943     		muls	r1, r3
 289 0038 0331     		adds	r1, r1, #3
 290 003a 8908     		lsrs	r1, r1, #2
 291 003c 3B40     		ands	r3, r7
 292 003e 0191     		str	r1, [sp, #4]
 293 0040 5942     		rsbs	r1, r3, #0
 294 0042 4B41     		adcs	r3, r3, r1
ARM GAS  /tmp/ccb0zsWA.s 			page 6


 295 0044 2B49     		ldr	r1, .L28+16
 296 0046 5B42     		rsbs	r3, r3, #0
 297 0048 0B40     		ands	r3, r1
 298 004a 2B49     		ldr	r1, .L28+20
 299 004c 1211     		asrs	r2, r2, #4
 300 004e 5B18     		adds	r3, r3, r1
 301 0050 290A     		lsrs	r1, r5, #8
 302 0052 8C46     		mov	ip, r1
 303 0054 0099     		ldr	r1, [sp]
 304 0056 3A40     		ands	r2, r7
 305 0058 0C40     		ands	r4, r1
 306 005a E904     		lsls	r1, r5, #19
 307 005c C90F     		lsrs	r1, r1, #31
 308 005e 0391     		str	r1, [sp, #12]
 309 0060 6146     		mov	r1, ip
 310 0062 4243     		muls	r2, r0
 311 0064 3140     		ands	r1, r6
 312 0066 3540     		ands	r5, r6
 313 0068 8C46     		mov	ip, r1
 314 006a 5519     		adds	r5, r2, r5
 315 006c 019A     		ldr	r2, [sp, #4]
 316 006e 013D     		subs	r5, r5, #1
 317 0070 AD18     		adds	r5, r5, r2
 318 0072 3D22     		movs	r2, #61
 319 0074 0399     		ldr	r1, [sp, #12]
 320 0076 4143     		muls	r1, r0
 321 0078 6144     		add	r1, r1, ip
 322 007a 0139     		subs	r1, r1, #1
 323 007c 4A43     		muls	r2, r1
 324 007e 0132     		adds	r2, r2, #1
 325 0080 9446     		mov	ip, r2
 326 0082 4900     		lsls	r1, r1, #1
 327 0084 CB40     		lsrs	r3, r3, r1
 328 0086 D20F     		lsrs	r2, r2, #31
 329 0088 6244     		add	r2, r2, ip
 330 008a 5210     		asrs	r2, r2, #1
 331 008c 3B40     		ands	r3, r7
 332 008e AA18     		adds	r2, r5, r2
 333 0090 D21A     		subs	r2, r2, r3
 334 0092 230D     		lsrs	r3, r4, #20
 335 0094 3B40     		ands	r3, r7
 336 0096 4343     		muls	r3, r0
 337 0098 270C     		lsrs	r7, r4, #16
 338 009a 3740     		ands	r7, r6
 339 009c DB19     		adds	r3, r3, r7
 340 009e E127     		movs	r7, #225
 341 00a0 3F01     		lsls	r7, r7, #4
 342 00a2 7B43     		muls	r3, r7
 343 00a4 3C27     		movs	r7, #60
 344 00a6 210B     		lsrs	r1, r4, #12
 345 00a8 3140     		ands	r1, r6
 346 00aa 4143     		muls	r1, r0
 347 00ac 134D     		ldr	r5, .L28+24
 348 00ae 6A43     		muls	r2, r5
 349 00b0 250A     		lsrs	r5, r4, #8
 350 00b2 3540     		ands	r5, r6
 351 00b4 4919     		adds	r1, r1, r5
ARM GAS  /tmp/ccb0zsWA.s 			page 7


 352 00b6 C9B2     		uxtb	r1, r1
 353 00b8 7943     		muls	r1, r7
 354 00ba 5B18     		adds	r3, r3, r1
 355 00bc 0099     		ldr	r1, [sp]
 356 00be 3440     		ands	r4, r6
 357 00c0 4906     		lsls	r1, r1, #25
 358 00c2 490F     		lsrs	r1, r1, #29
 359 00c4 4843     		muls	r0, r1
 360 00c6 0019     		adds	r0, r0, r4
 361 00c8 1818     		adds	r0, r3, r0
 362 00ca 6B46     		mov	r3, sp
 363 00cc 1C89     		ldrh	r4, [r3, #8]
 364 00ce 0023     		movs	r3, #0
 365 00d0 0B4D     		ldr	r5, .L28+28
 366 00d2 8218     		adds	r2, r0, r2
 367 00d4 910D     		lsrs	r1, r2, #22
 368 00d6 9002     		lsls	r0, r2, #10
 369 00d8 2A1B     		subs	r2, r5, r4
 370 00da 8018     		adds	r0, r0, r2
 371 00dc 5941     		adcs	r1, r1, r3
 372 00de 07B0     		add	sp, sp, #28
 373              		@ sp needed
 374 00e0 F0BD     		pop	{r4, r5, r6, r7, pc}
 375              	.L29:
 376 00e2 C046     		.align	2
 377              	.L28:
 378 00e4 00280040 		.word	1073752064
 379 00e8 3FFFFF00 		.word	16777023
 380 00ec 7F7F7F00 		.word	8355711
 381 00f0 B5050000 		.word	1461
 382 00f4 B0AAAAFF 		.word	-5592400
 383 00f8 A0AA9900 		.word	10070688
 384 00fc 80510100 		.word	86400
 385 0100 FF030000 		.word	1023
 387              		.section	.text.rtc_get_calendar_time.constprop.0,"ax",%progbits
 388              		.align	1
 389              		.syntax unified
 390              		.code	16
 391              		.thumb_func
 392              		.fpu softvfp
 394              	rtc_get_calendar_time.constprop.0:
 395              		@ args = 0, pretend = 0, frame = 0
 396              		@ frame_needed = 0, uses_anonymous_args = 0
 397 0000 70B5     		push	{r4, r5, r6, lr}
 398 0002 0400     		movs	r4, r0
 399              		@ sp needed
 400 0004 FFF7FEFF 		bl	rtc_get_timestamp_in_ticks
 401 0008 074B     		ldr	r3, .L31
 402 000a 1D68     		ldr	r5, [r3]
 403 000c AB0D     		lsrs	r3, r5, #22
 404 000e AA02     		lsls	r2, r5, #10
 405 0010 8018     		adds	r0, r0, r2
 406 0012 5941     		adcs	r1, r1, r3
 407 0014 054B     		ldr	r3, .L31+4
 408 0016 8205     		lsls	r2, r0, #22
 409 0018 920D     		lsrs	r2, r2, #22
 410 001a 5343     		muls	r3, r2
ARM GAS  /tmp/ccb0zsWA.s 			page 8


 411 001c 9B0A     		lsrs	r3, r3, #10
 412 001e 2380     		strh	r3, [r4]
 413 0020 800A     		lsrs	r0, r0, #10
 414 0022 8B05     		lsls	r3, r1, #22
 415 0024 1843     		orrs	r0, r3
 416 0026 70BD     		pop	{r4, r5, r6, pc}
 417              	.L32:
 418              		.align	2
 419              	.L31:
 420 0028 00000000 		.word	.LANCHOR0
 421 002c 10270000 		.word	10000
 423              		.global	__aeabi_uidiv
 424              		.section	.text.hal_rtc_get_time_ms,"ax",%progbits
 425              		.align	1
 426              		.weak	hal_rtc_get_time_ms
 427              		.syntax unified
 428              		.code	16
 429              		.thumb_func
 430              		.fpu softvfp
 432              	hal_rtc_get_time_ms:
 433              		@ args = 0, pretend = 0, frame = 8
 434              		@ frame_needed = 0, uses_anonymous_args = 0
 435 0000 13B5     		push	{r0, r1, r4, lr}
 436 0002 6A46     		mov	r2, sp
 437              		@ sp needed
 438 0004 0023     		movs	r3, #0
 439 0006 901D     		adds	r0, r2, #6
 440 0008 D380     		strh	r3, [r2, #6]
 441 000a FFF7FEFF 		bl	rtc_get_calendar_time.constprop.0
 442 000e 6B46     		mov	r3, sp
 443 0010 0400     		movs	r4, r0
 444 0012 0A21     		movs	r1, #10
 445 0014 D888     		ldrh	r0, [r3, #6]
 446 0016 FFF7FEFF 		bl	__aeabi_uidiv
 447 001a FA23     		movs	r3, #250
 448 001c 9B00     		lsls	r3, r3, #2
 449 001e 6343     		muls	r3, r4
 450 0020 80B2     		uxth	r0, r0
 451 0022 C018     		adds	r0, r0, r3
 452 0024 16BD     		pop	{r1, r2, r4, pc}
 454              		.section	.text.hal_rtc_get_time_s,"ax",%progbits
 455              		.align	1
 456              		.weak	hal_rtc_get_time_s
 457              		.syntax unified
 458              		.code	16
 459              		.thumb_func
 460              		.fpu softvfp
 462              	hal_rtc_get_time_s:
 463              		@ args = 0, pretend = 0, frame = 8
 464              		@ frame_needed = 0, uses_anonymous_args = 0
 465 0000 07B5     		push	{r0, r1, r2, lr}
 466 0002 6B46     		mov	r3, sp
 467              		@ sp needed
 468 0004 981D     		adds	r0, r3, #6
 469 0006 0023     		movs	r3, #0
 470 0008 0380     		strh	r3, [r0]
 471 000a FFF7FEFF 		bl	rtc_get_calendar_time.constprop.0
ARM GAS  /tmp/ccb0zsWA.s 			page 9


 472 000e 0EBD     		pop	{r1, r2, r3, pc}
 474              		.section	.text.rtc_tick_2_ms,"ax",%progbits
 475              		.align	1
 476              		.weak	rtc_tick_2_ms
 477              		.syntax unified
 478              		.code	16
 479              		.thumb_func
 480              		.fpu softvfp
 482              	rtc_tick_2_ms:
 483              		@ args = 0, pretend = 0, frame = 0
 484              		@ frame_needed = 0, uses_anonymous_args = 0
 485              		@ link register save eliminated.
 486 0000 FA21     		movs	r1, #250
 487              		@ sp needed
 488 0002 0200     		movs	r2, r0
 489 0004 8005     		lsls	r0, r0, #22
 490 0006 8900     		lsls	r1, r1, #2
 491 0008 800D     		lsrs	r0, r0, #22
 492 000a 4843     		muls	r0, r1
 493 000c 920A     		lsrs	r2, r2, #10
 494 000e 4A43     		muls	r2, r1
 495 0010 800A     		lsrs	r0, r0, #10
 496 0012 8018     		adds	r0, r0, r2
 497 0014 7047     		bx	lr
 499              		.global	__aeabi_uldivmod
 500              		.global	__aeabi_ldivmod
 501              		.section	.text.rtc_ms_2_tick,"ax",%progbits
 502              		.align	1
 503              		.weak	rtc_ms_2_tick
 504              		.syntax unified
 505              		.code	16
 506              		.thumb_func
 507              		.fpu softvfp
 509              	rtc_ms_2_tick:
 510              		@ args = 0, pretend = 0, frame = 0
 511              		@ frame_needed = 0, uses_anonymous_args = 0
 512 0000 10B5     		push	{r4, lr}
 513 0002 410E     		lsrs	r1, r0, #25
 514 0004 7D22     		movs	r2, #125
 515              		@ sp needed
 516 0006 0023     		movs	r3, #0
 517 0008 C001     		lsls	r0, r0, #7
 518 000a FFF7FEFF 		bl	__aeabi_uldivmod
 519 000e 10BD     		pop	{r4, pc}
 521              		.section	.text.RTC_IRQHandler,"ax",%progbits
 522              		.align	1
 523              		.global	RTC_IRQHandler
 524              		.syntax unified
 525              		.code	16
 526              		.thumb_func
 527              		.fpu softvfp
 529              	RTC_IRQHandler:
 530              		@ args = 0, pretend = 0, frame = 0
 531              		@ frame_needed = 0, uses_anonymous_args = 0
 532 0000 084B     		ldr	r3, .L42
 533 0002 10B5     		push	{r4, lr}
 534 0004 DA68     		ldr	r2, [r3, #12]
ARM GAS  /tmp/ccb0zsWA.s 			page 10


 535 0006 5205     		lsls	r2, r2, #21
 536 0008 0AD5     		bpl	.L37
 537 000a D968     		ldr	r1, [r3, #12]
 538 000c 064A     		ldr	r2, .L42+4
 539 000e C9B2     		uxtb	r1, r1
 540 0010 0A43     		orrs	r2, r1
 541 0012 DA60     		str	r2, [r3, #12]
 542 0014 8022     		movs	r2, #128
 543 0016 054B     		ldr	r3, .L42+8
 544 0018 5203     		lsls	r2, r2, #13
 545 001a 5A61     		str	r2, [r3, #20]
 546 001c FFF7FEFF 		bl	RtcIrq
 547              	.L37:
 548              		@ sp needed
 549 0020 10BD     		pop	{r4, pc}
 550              	.L43:
 551 0022 C046     		.align	2
 552              	.L42:
 553 0024 00280040 		.word	1073752064
 554 0028 7FFBFFFF 		.word	-1153
 555 002c 00040140 		.word	1073808384
 557              		.section	.bss.offset_to_test_wrapping,"aw",%nobits
 558              		.align	2
 559              		.set	.LANCHOR0,. + 0
 562              	offset_to_test_wrapping:
 563 0000 00000000 		.space	4
 564              		.ident	"GCC: (15:10.3-2021.07-4) 10.3.1 20210621 (release)"
ARM GAS  /tmp/ccb0zsWA.s 			page 11


DEFINED SYMBOLS
                            *ABS*:0000000000000000 smtc_hal_rtc.c
     /tmp/ccb0zsWA.s:12     .text.hal_rtc_init:0000000000000000 $t
     /tmp/ccb0zsWA.s:20     .text.hal_rtc_init:0000000000000000 hal_rtc_init
     /tmp/ccb0zsWA.s:113    .text.hal_rtc_init:00000000000000a8 $d
     /tmp/ccb0zsWA.s:125    .text.hal_rtc_wakeup_timer_set_ms:0000000000000000 $t
     /tmp/ccb0zsWA.s:132    .text.hal_rtc_wakeup_timer_set_ms:0000000000000000 hal_rtc_wakeup_timer_set_ms
     /tmp/ccb0zsWA.s:190    .text.hal_rtc_wakeup_timer_set_ms:0000000000000060 $d
     /tmp/ccb0zsWA.s:195    .text.hal_rtc_wakeup_timer_stop:0000000000000000 $t
     /tmp/ccb0zsWA.s:202    .text.hal_rtc_wakeup_timer_stop:0000000000000000 hal_rtc_wakeup_timer_stop
     /tmp/ccb0zsWA.s:224    .text.hal_rtc_wakeup_timer_stop:000000000000001c $d
     /tmp/ccb0zsWA.s:229    .text.hal_rtc_set_offset_to_test_wrapping:0000000000000000 $t
     /tmp/ccb0zsWA.s:236    .text.hal_rtc_set_offset_to_test_wrapping:0000000000000000 hal_rtc_set_offset_to_test_wrapping
     /tmp/ccb0zsWA.s:247    .text.hal_rtc_set_offset_to_test_wrapping:0000000000000008 $d
     /tmp/ccb0zsWA.s:250    .text.rtc_get_timestamp_in_ticks:0000000000000000 $t
     /tmp/ccb0zsWA.s:257    .text.rtc_get_timestamp_in_ticks:0000000000000000 rtc_get_timestamp_in_ticks
     /tmp/ccb0zsWA.s:378    .text.rtc_get_timestamp_in_ticks:00000000000000e4 $d
     /tmp/ccb0zsWA.s:388    .text.rtc_get_calendar_time.constprop.0:0000000000000000 $t
     /tmp/ccb0zsWA.s:394    .text.rtc_get_calendar_time.constprop.0:0000000000000000 rtc_get_calendar_time.constprop.0
     /tmp/ccb0zsWA.s:420    .text.rtc_get_calendar_time.constprop.0:0000000000000028 $d
     /tmp/ccb0zsWA.s:425    .text.hal_rtc_get_time_ms:0000000000000000 $t
     /tmp/ccb0zsWA.s:432    .text.hal_rtc_get_time_ms:0000000000000000 hal_rtc_get_time_ms
     /tmp/ccb0zsWA.s:455    .text.hal_rtc_get_time_s:0000000000000000 $t
     /tmp/ccb0zsWA.s:462    .text.hal_rtc_get_time_s:0000000000000000 hal_rtc_get_time_s
     /tmp/ccb0zsWA.s:475    .text.rtc_tick_2_ms:0000000000000000 $t
     /tmp/ccb0zsWA.s:482    .text.rtc_tick_2_ms:0000000000000000 rtc_tick_2_ms
     /tmp/ccb0zsWA.s:502    .text.rtc_ms_2_tick:0000000000000000 $t
     /tmp/ccb0zsWA.s:509    .text.rtc_ms_2_tick:0000000000000000 rtc_ms_2_tick
     /tmp/ccb0zsWA.s:522    .text.RTC_IRQHandler:0000000000000000 $t
     /tmp/ccb0zsWA.s:529    .text.RTC_IRQHandler:0000000000000000 RTC_IRQHandler
     /tmp/ccb0zsWA.s:553    .text.RTC_IRQHandler:0000000000000024 $d
     /tmp/ccb0zsWA.s:558    .bss.offset_to_test_wrapping:0000000000000000 $d
     /tmp/ccb0zsWA.s:562    .bss.offset_to_test_wrapping:0000000000000000 offset_to_test_wrapping

UNDEFINED SYMBOLS
__aeabi_uidiv
__aeabi_uldivmod
__aeabi_ldivmod
RtcIrq
