ARM GAS  /tmp/ccTu5ij9.s 			page 1


   1              		.cpu cortex-m0plus
   2              		.eabi_attribute 23, 1
   3              		.eabi_attribute 24, 1
   4              		.eabi_attribute 25, 1
   5              		.eabi_attribute 26, 1
   6              		.eabi_attribute 30, 4
   7              		.eabi_attribute 34, 0
   8              		.eabi_attribute 18, 4
   9              		.file	"smtc_hal_lp_timer.c"
  10              		.text
  11              		.section	.rodata.hal_lp_timer_init.str1.1,"aMS",%progbits,1
  12              	.LC1:
  13 0000 4552524F 		.ascii	"ERROR: mcu_panic:%s\012\000"
  13      523A206D 
  13      63755F70 
  13      616E6963 
  13      3A25730A 
  14              	.LC3:
  15 0015 00       		.ascii	"\000"
  16              	.LC5:
  17 0016 4552524F 		.ascii	"ERROR: -> \000"
  17      523A202D 
  17      3E2000
  18              		.section	.text.hal_lp_timer_init,"ax",%progbits
  19              		.align	1
  20              		.weak	hal_lp_timer_init
  21              		.arch armv6s-m
  22              		.syntax unified
  23              		.code	16
  24              		.thumb_func
  25              		.fpu softvfp
  27              	hal_lp_timer_init:
  28              		@ args = 0, pretend = 0, frame = 8
  29              		@ frame_needed = 0, uses_anonymous_args = 0
  30 0000 13B5     		push	{r0, r1, r4, lr}
  31 0002 0028     		cmp	r0, #0
  32 0004 0FD0     		beq	.L2
  33 0006 1B49     		ldr	r1, .L6
  34 0008 1B48     		ldr	r0, .L6+4
  35 000a FFF7FEFF 		bl	hal_trace_print_var
  36 000e 1B4C     		ldr	r4, .L6+8
  37 0010 2000     		movs	r0, r4
  38 0012 FFF7FEFF 		bl	hal_trace_print_var
  39 0016 1A48     		ldr	r0, .L6+12
  40 0018 FFF7FEFF 		bl	hal_trace_print_var
  41 001c 2000     		movs	r0, r4
  42 001e FFF7FEFF 		bl	hal_trace_print_var
  43 0022 FFF7FEFF 		bl	hal_mcu_reset
  44              	.L2:
  45 0026 C321     		movs	r1, #195
  46 0028 164B     		ldr	r3, .L6+16
  47 002a 8900     		lsls	r1, r1, #2
  48 002c 5A58     		ldr	r2, [r3, r1]
  49 002e 1648     		ldr	r0, .L6+20
  50 0030 0240     		ands	r2, r0
  51 0032 5A50     		str	r2, [r3, r1]
  52 0034 8022     		movs	r2, #128
ARM GAS  /tmp/ccTu5ij9.s 			page 2


  53 0036 9201     		lsls	r2, r2, #6
  54 0038 1A60     		str	r2, [r3]
  55 003a 8022     		movs	r2, #128
  56              		@ sp needed
  57 003c 134B     		ldr	r3, .L6+24
  58 003e 1206     		lsls	r2, r2, #24
  59 0040 996B     		ldr	r1, [r3, #56]
  60 0042 0A43     		orrs	r2, r1
  61 0044 C021     		movs	r1, #192
  62 0046 9A63     		str	r2, [r3, #56]
  63 0048 9A6B     		ldr	r2, [r3, #56]
  64 004a 0903     		lsls	r1, r1, #12
  65 004c D20F     		lsrs	r2, r2, #31
  66 004e D207     		lsls	r2, r2, #31
  67 0050 0192     		str	r2, [sp, #4]
  68 0052 019A     		ldr	r2, [sp, #4]
  69 0054 DA6C     		ldr	r2, [r3, #76]
  70 0056 0A43     		orrs	r2, r1
  71 0058 0D49     		ldr	r1, .L6+28
  72 005a DA64     		str	r2, [r3, #76]
  73 005c CB68     		ldr	r3, [r1, #12]
  74 005e 0D4A     		ldr	r2, .L6+32
  75 0060 1A40     		ands	r2, r3
  76 0062 8023     		movs	r3, #128
  77 0064 1B01     		lsls	r3, r3, #4
  78 0066 1343     		orrs	r3, r2
  79 0068 0022     		movs	r2, #0
  80 006a CB60     		str	r3, [r1, #12]
  81 006c 0A4B     		ldr	r3, .L6+36
  82 006e 1A60     		str	r2, [r3]
  83 0070 5A60     		str	r2, [r3, #4]
  84 0072 13BD     		pop	{r0, r1, r4, pc}
  85              	.L7:
  86              		.align	2
  87              	.L6:
  88 0074 00000000 		.word	.LANCHOR0
  89 0078 00000000 		.word	.LC1
  90 007c 15000000 		.word	.LC3
  91 0080 16000000 		.word	.LC5
  92 0084 00E100E0 		.word	-536813312
  93 0088 FF00FFFF 		.word	-65281
  94 008c 00100240 		.word	1073876992
  95 0090 007C0040 		.word	1073773568
  96 0094 FFF1FFFF 		.word	-3585
  97 0098 00000000 		.word	.LANCHOR1
  99              		.global	__aeabi_uldivmod
 100              		.global	__aeabi_ldivmod
 101              		.section	.text.hal_lp_timer_start,"ax",%progbits
 102              		.align	1
 103              		.weak	hal_lp_timer_start
 104              		.syntax unified
 105              		.code	16
 106              		.thumb_func
 107              		.fpu softvfp
 109              	hal_lp_timer_start:
 110              		@ args = 0, pretend = 0, frame = 0
 111              		@ frame_needed = 0, uses_anonymous_args = 0
ARM GAS  /tmp/ccTu5ij9.s 			page 3


 112 0000 70B5     		push	{r4, r5, r6, lr}
 113 0002 0D00     		movs	r5, r1
 114 0004 1400     		movs	r4, r2
 115 0006 0028     		cmp	r0, #0
 116 0008 0FD0     		beq	.L9
 117 000a 2449     		ldr	r1, .L20
 118 000c 2448     		ldr	r0, .L20+4
 119 000e FFF7FEFF 		bl	hal_trace_print_var
 120 0012 244E     		ldr	r6, .L20+8
 121 0014 3000     		movs	r0, r6
 122 0016 FFF7FEFF 		bl	hal_trace_print_var
 123 001a 2348     		ldr	r0, .L20+12
 124 001c FFF7FEFF 		bl	hal_trace_print_var
 125 0020 3000     		movs	r0, r6
 126 0022 FFF7FEFF 		bl	hal_trace_print_var
 127 0026 FFF7FEFF 		bl	hal_mcu_reset
 128              	.L9:
 129 002a FA22     		movs	r2, #250
 130 002c 0023     		movs	r3, #0
 131 002e 690D     		lsrs	r1, r5, #21
 132 0030 E802     		lsls	r0, r5, #11
 133 0032 9200     		lsls	r2, r2, #2
 134 0034 FFF7FEFF 		bl	__aeabi_uldivmod
 135 0038 8023     		movs	r3, #128
 136 003a 0100     		movs	r1, r0
 137 003c 1B4D     		ldr	r5, .L20+16
 138 003e 5B02     		lsls	r3, r3, #9
 139 0040 9842     		cmp	r0, r3
 140 0042 00D3     		bcc	.L10
 141 0044 2900     		movs	r1, r5
 142              	.L10:
 143 0046 1A4B     		ldr	r3, .L20+20
 144 0048 05CC     		ldmia	r4!, {r0, r2}
 145 004a 05C3     		stmia	r3!, {r0, r2}
 146 004c 0120     		movs	r0, #1
 147 004e 194B     		ldr	r3, .L20+24
 148 0050 9A68     		ldr	r2, [r3, #8]
 149 0052 0243     		orrs	r2, r0
 150 0054 9A60     		str	r2, [r3, #8]
 151 0056 1A69     		ldr	r2, [r3, #16]
 152 0058 1043     		orrs	r0, r2
 153 005a 1861     		str	r0, [r3, #16]
 154 005c 1020     		movs	r0, #16
 155 005e 5A68     		ldr	r2, [r3, #4]
 156 0060 0243     		orrs	r2, r0
 157 0062 5A60     		str	r2, [r3, #4]
 158 0064 9A69     		ldr	r2, [r3, #24]
 159 0066 C240     		lsrs	r2, r2, r0
 160 0068 8240     		lsls	r2, r2, r0
 161 006a 2A43     		orrs	r2, r5
 162 006c 9A61     		str	r2, [r3, #24]
 163              	.L11:
 164 006e 1A68     		ldr	r2, [r3]
 165 0070 0242     		tst	r2, r0
 166 0072 FCD0     		beq	.L11
 167 0074 0824     		movs	r4, #8
 168 0076 5A68     		ldr	r2, [r3, #4]
ARM GAS  /tmp/ccTu5ij9.s 			page 4


 169 0078 2243     		orrs	r2, r4
 170 007a 5A60     		str	r2, [r3, #4]
 171 007c 5A69     		ldr	r2, [r3, #20]
 172 007e 120C     		lsrs	r2, r2, #16
 173 0080 1004     		lsls	r0, r2, #16
 174 0082 0843     		orrs	r0, r1
 175 0084 5861     		str	r0, [r3, #20]
 176              	.L12:
 177 0086 1A68     		ldr	r2, [r3]
 178 0088 2242     		tst	r2, r4
 179 008a FCD0     		beq	.L12
 180              		@ sp needed
 181 008c 0621     		movs	r1, #6
 182 008e 1A69     		ldr	r2, [r3, #16]
 183 0090 8A43     		bics	r2, r1
 184 0092 1100     		movs	r1, r2
 185 0094 0422     		movs	r2, #4
 186 0096 0A43     		orrs	r2, r1
 187 0098 1A61     		str	r2, [r3, #16]
 188 009a 70BD     		pop	{r4, r5, r6, pc}
 189              	.L21:
 190              		.align	2
 191              	.L20:
 192 009c 00000000 		.word	.LANCHOR2
 193 00a0 00000000 		.word	.LC1
 194 00a4 15000000 		.word	.LC3
 195 00a8 16000000 		.word	.LC5
 196 00ac FFFF0000 		.word	65535
 197 00b0 00000000 		.word	.LANCHOR1
 198 00b4 007C0040 		.word	1073773568
 200              		.section	.text.hal_lp_timer_stop,"ax",%progbits
 201              		.align	1
 202              		.weak	hal_lp_timer_stop
 203              		.syntax unified
 204              		.code	16
 205              		.thumb_func
 206              		.fpu softvfp
 208              	hal_lp_timer_stop:
 209              		@ args = 0, pretend = 0, frame = 0
 210              		@ frame_needed = 0, uses_anonymous_args = 0
 211 0000 10B5     		push	{r4, lr}
 212 0002 0028     		cmp	r0, #0
 213 0004 0FD0     		beq	.L23
 214 0006 0A49     		ldr	r1, .L27
 215 0008 0A48     		ldr	r0, .L27+4
 216 000a FFF7FEFF 		bl	hal_trace_print_var
 217 000e 0A4C     		ldr	r4, .L27+8
 218 0010 2000     		movs	r0, r4
 219 0012 FFF7FEFF 		bl	hal_trace_print_var
 220 0016 0948     		ldr	r0, .L27+12
 221 0018 FFF7FEFF 		bl	hal_trace_print_var
 222 001c 2000     		movs	r0, r4
 223 001e FFF7FEFF 		bl	hal_trace_print_var
 224 0022 FFF7FEFF 		bl	hal_mcu_reset
 225              	.L23:
 226              		@ sp needed
 227 0026 0648     		ldr	r0, .L27+16
ARM GAS  /tmp/ccTu5ij9.s 			page 5


 228 0028 FFF7FEFF 		bl	LL_LPTIM_Disable
 229 002c 10BD     		pop	{r4, pc}
 230              	.L28:
 231 002e C046     		.align	2
 232              	.L27:
 233 0030 00000000 		.word	.LANCHOR3
 234 0034 00000000 		.word	.LC1
 235 0038 15000000 		.word	.LC3
 236 003c 16000000 		.word	.LC5
 237 0040 007C0040 		.word	1073773568
 239              		.section	.text.hal_lp_timer_irq_enable,"ax",%progbits
 240              		.align	1
 241              		.weak	hal_lp_timer_irq_enable
 242              		.syntax unified
 243              		.code	16
 244              		.thumb_func
 245              		.fpu softvfp
 247              	hal_lp_timer_irq_enable:
 248              		@ args = 0, pretend = 0, frame = 0
 249              		@ frame_needed = 0, uses_anonymous_args = 0
 250 0000 10B5     		push	{r4, lr}
 251 0002 0028     		cmp	r0, #0
 252 0004 0FD0     		beq	.L30
 253 0006 0A49     		ldr	r1, .L34
 254 0008 0A48     		ldr	r0, .L34+4
 255 000a FFF7FEFF 		bl	hal_trace_print_var
 256 000e 0A4C     		ldr	r4, .L34+8
 257 0010 2000     		movs	r0, r4
 258 0012 FFF7FEFF 		bl	hal_trace_print_var
 259 0016 0948     		ldr	r0, .L34+12
 260 0018 FFF7FEFF 		bl	hal_trace_print_var
 261 001c 2000     		movs	r0, r4
 262 001e FFF7FEFF 		bl	hal_trace_print_var
 263 0022 FFF7FEFF 		bl	hal_mcu_reset
 264              	.L30:
 265 0026 8022     		movs	r2, #128
 266 0028 054B     		ldr	r3, .L34+16
 267 002a 9201     		lsls	r2, r2, #6
 268 002c 1A60     		str	r2, [r3]
 269              		@ sp needed
 270 002e 10BD     		pop	{r4, pc}
 271              	.L35:
 272              		.align	2
 273              	.L34:
 274 0030 00000000 		.word	.LANCHOR4
 275 0034 00000000 		.word	.LC1
 276 0038 15000000 		.word	.LC3
 277 003c 16000000 		.word	.LC5
 278 0040 00E100E0 		.word	-536813312
 280              		.section	.text.hal_lp_timer_irq_disable,"ax",%progbits
 281              		.align	1
 282              		.weak	hal_lp_timer_irq_disable
 283              		.syntax unified
 284              		.code	16
 285              		.thumb_func
 286              		.fpu softvfp
 288              	hal_lp_timer_irq_disable:
ARM GAS  /tmp/ccTu5ij9.s 			page 6


 289              		@ args = 0, pretend = 0, frame = 0
 290              		@ frame_needed = 0, uses_anonymous_args = 0
 291 0000 10B5     		push	{r4, lr}
 292 0002 0028     		cmp	r0, #0
 293 0004 0FD0     		beq	.L37
 294 0006 0C49     		ldr	r1, .L41
 295 0008 0C48     		ldr	r0, .L41+4
 296 000a FFF7FEFF 		bl	hal_trace_print_var
 297 000e 0C4C     		ldr	r4, .L41+8
 298 0010 2000     		movs	r0, r4
 299 0012 FFF7FEFF 		bl	hal_trace_print_var
 300 0016 0B48     		ldr	r0, .L41+12
 301 0018 FFF7FEFF 		bl	hal_trace_print_var
 302 001c 2000     		movs	r0, r4
 303 001e FFF7FEFF 		bl	hal_trace_print_var
 304 0022 FFF7FEFF 		bl	hal_mcu_reset
 305              	.L37:
 306 0026 8022     		movs	r2, #128
 307 0028 074B     		ldr	r3, .L41+16
 308 002a 9201     		lsls	r2, r2, #6
 309 002c DA67     		str	r2, [r3, #124]
 310              		.syntax divided
 311              	@ 946 "bsp_l0/mcu_drivers/cmsis/Core/Include/cmsis_gcc.h" 1
 312 002e BFF34F8F 		dsb 0xF
 313              	@ 0 "" 2
 314              	@ 935 "bsp_l0/mcu_drivers/cmsis/Core/Include/cmsis_gcc.h" 1
 315 0032 BFF36F8F 		isb 0xF
 316              	@ 0 "" 2
 317              		.thumb
 318              		.syntax unified
 319              		@ sp needed
 320 0036 10BD     		pop	{r4, pc}
 321              	.L42:
 322              		.align	2
 323              	.L41:
 324 0038 00000000 		.word	.LANCHOR5
 325 003c 00000000 		.word	.LC1
 326 0040 15000000 		.word	.LC3
 327 0044 16000000 		.word	.LC5
 328 0048 04E100E0 		.word	-536813308
 330              		.section	.text.LPTIM1_IRQHandler,"ax",%progbits
 331              		.align	1
 332              		.global	LPTIM1_IRQHandler
 333              		.syntax unified
 334              		.code	16
 335              		.thumb_func
 336              		.fpu softvfp
 338              	LPTIM1_IRQHandler:
 339              		@ args = 0, pretend = 0, frame = 0
 340              		@ frame_needed = 0, uses_anonymous_args = 0
 341 0000 0123     		movs	r3, #1
 342 0002 074A     		ldr	r2, .L50
 343 0004 10B5     		push	{r4, lr}
 344 0006 1168     		ldr	r1, [r2]
 345 0008 1942     		tst	r1, r3
 346 000a 08D0     		beq	.L43
 347 000c 5168     		ldr	r1, [r2, #4]
ARM GAS  /tmp/ccTu5ij9.s 			page 7


 348 000e 0B43     		orrs	r3, r1
 349 0010 5360     		str	r3, [r2, #4]
 350 0012 044A     		ldr	r2, .L50+4
 351 0014 5368     		ldr	r3, [r2, #4]
 352 0016 002B     		cmp	r3, #0
 353 0018 01D0     		beq	.L43
 354 001a 1068     		ldr	r0, [r2]
 355 001c 9847     		blx	r3
 356              	.L43:
 357              		@ sp needed
 358 001e 10BD     		pop	{r4, pc}
 359              	.L51:
 360              		.align	2
 361              	.L50:
 362 0020 007C0040 		.word	1073773568
 363 0024 00000000 		.word	.LANCHOR1
 365              		.section	.bss.lptim_tmr_irq,"aw",%nobits
 366              		.align	2
 367              		.set	.LANCHOR1,. + 0
 370              	lptim_tmr_irq:
 371 0000 00000000 		.space	8
 371      00000000 
 372              		.section	.rodata.__func__.0,"a"
 373              		.set	.LANCHOR5,. + 0
 376              	__func__.0:
 377 0000 68616C5F 		.ascii	"hal_lp_timer_irq_disable\000"
 377      6C705F74 
 377      696D6572 
 377      5F697271 
 377      5F646973 
 378              		.section	.rodata.__func__.1,"a"
 379              		.set	.LANCHOR4,. + 0
 382              	__func__.1:
 383 0000 68616C5F 		.ascii	"hal_lp_timer_irq_enable\000"
 383      6C705F74 
 383      696D6572 
 383      5F697271 
 383      5F656E61 
 384              		.section	.rodata.__func__.2,"a"
 385              		.set	.LANCHOR3,. + 0
 388              	__func__.2:
 389 0000 68616C5F 		.ascii	"hal_lp_timer_stop\000"
 389      6C705F74 
 389      696D6572 
 389      5F73746F 
 389      7000
 390              		.section	.rodata.__func__.3,"a"
 391              		.set	.LANCHOR2,. + 0
 394              	__func__.3:
 395 0000 68616C5F 		.ascii	"hal_lp_timer_start\000"
 395      6C705F74 
 395      696D6572 
 395      5F737461 
 395      727400
 396              		.section	.rodata.__func__.4,"a"
 397              		.set	.LANCHOR0,. + 0
 400              	__func__.4:
ARM GAS  /tmp/ccTu5ij9.s 			page 8


 401 0000 68616C5F 		.ascii	"hal_lp_timer_init\000"
 401      6C705F74 
 401      696D6572 
 401      5F696E69 
 401      7400
 402              		.ident	"GCC: (15:10.3-2021.07-4) 10.3.1 20210621 (release)"
ARM GAS  /tmp/ccTu5ij9.s 			page 9


DEFINED SYMBOLS
                            *ABS*:0000000000000000 smtc_hal_lp_timer.c
     /tmp/ccTu5ij9.s:19     .text.hal_lp_timer_init:0000000000000000 $t
     /tmp/ccTu5ij9.s:27     .text.hal_lp_timer_init:0000000000000000 hal_lp_timer_init
     /tmp/ccTu5ij9.s:88     .text.hal_lp_timer_init:0000000000000074 $d
     /tmp/ccTu5ij9.s:102    .text.hal_lp_timer_start:0000000000000000 $t
     /tmp/ccTu5ij9.s:109    .text.hal_lp_timer_start:0000000000000000 hal_lp_timer_start
     /tmp/ccTu5ij9.s:192    .text.hal_lp_timer_start:000000000000009c $d
     /tmp/ccTu5ij9.s:201    .text.hal_lp_timer_stop:0000000000000000 $t
     /tmp/ccTu5ij9.s:208    .text.hal_lp_timer_stop:0000000000000000 hal_lp_timer_stop
     /tmp/ccTu5ij9.s:233    .text.hal_lp_timer_stop:0000000000000030 $d
     /tmp/ccTu5ij9.s:240    .text.hal_lp_timer_irq_enable:0000000000000000 $t
     /tmp/ccTu5ij9.s:247    .text.hal_lp_timer_irq_enable:0000000000000000 hal_lp_timer_irq_enable
     /tmp/ccTu5ij9.s:274    .text.hal_lp_timer_irq_enable:0000000000000030 $d
     /tmp/ccTu5ij9.s:281    .text.hal_lp_timer_irq_disable:0000000000000000 $t
     /tmp/ccTu5ij9.s:288    .text.hal_lp_timer_irq_disable:0000000000000000 hal_lp_timer_irq_disable
     /tmp/ccTu5ij9.s:324    .text.hal_lp_timer_irq_disable:0000000000000038 $d
     /tmp/ccTu5ij9.s:331    .text.LPTIM1_IRQHandler:0000000000000000 $t
     /tmp/ccTu5ij9.s:338    .text.LPTIM1_IRQHandler:0000000000000000 LPTIM1_IRQHandler
     /tmp/ccTu5ij9.s:362    .text.LPTIM1_IRQHandler:0000000000000020 $d
     /tmp/ccTu5ij9.s:366    .bss.lptim_tmr_irq:0000000000000000 $d
     /tmp/ccTu5ij9.s:370    .bss.lptim_tmr_irq:0000000000000000 lptim_tmr_irq
     /tmp/ccTu5ij9.s:376    .rodata.__func__.0:0000000000000000 __func__.0
     /tmp/ccTu5ij9.s:382    .rodata.__func__.1:0000000000000000 __func__.1
     /tmp/ccTu5ij9.s:388    .rodata.__func__.2:0000000000000000 __func__.2
     /tmp/ccTu5ij9.s:394    .rodata.__func__.3:0000000000000000 __func__.3
     /tmp/ccTu5ij9.s:400    .rodata.__func__.4:0000000000000000 __func__.4

UNDEFINED SYMBOLS
hal_trace_print_var
hal_mcu_reset
__aeabi_uldivmod
__aeabi_ldivmod
LL_LPTIM_Disable
