ARM GAS  /tmp/cchTzAVD.s 			page 1


   1              		.cpu cortex-m0plus
   2              		.eabi_attribute 23, 1
   3              		.eabi_attribute 24, 1
   4              		.eabi_attribute 25, 1
   5              		.eabi_attribute 26, 1
   6              		.eabi_attribute 30, 4
   7              		.eabi_attribute 34, 0
   8              		.eabi_attribute 18, 4
   9              		.file	"smtc_modem_hal.c"
  10              		.text
  11              		.section	.text.smtc_modem_hal_reset_mcu,"ax",%progbits
  12              		.align	1
  13              		.global	smtc_modem_hal_reset_mcu
  14              		.arch armv6s-m
  15              		.syntax unified
  16              		.code	16
  17              		.thumb_func
  18              		.fpu softvfp
  20              	smtc_modem_hal_reset_mcu:
  21              		@ args = 0, pretend = 0, frame = 0
  22              		@ frame_needed = 0, uses_anonymous_args = 0
  23 0000 10B5     		push	{r4, lr}
  24 0002 FFF7FEFF 		bl	hal_mcu_reset
  25              		@ sp needed
  26 0006 10BD     		pop	{r4, pc}
  28              		.section	.text.smtc_modem_hal_reload_wdog,"ax",%progbits
  29              		.align	1
  30              		.global	smtc_modem_hal_reload_wdog
  31              		.syntax unified
  32              		.code	16
  33              		.thumb_func
  34              		.fpu softvfp
  36              	smtc_modem_hal_reload_wdog:
  37              		@ args = 0, pretend = 0, frame = 0
  38              		@ frame_needed = 0, uses_anonymous_args = 0
  39 0000 10B5     		push	{r4, lr}
  40 0002 FFF7FEFF 		bl	hal_watchdog_reload
  41              		@ sp needed
  42 0006 10BD     		pop	{r4, pc}
  44              		.section	.text.smtc_modem_hal_get_time_in_s,"ax",%progbits
  45              		.align	1
  46              		.global	smtc_modem_hal_get_time_in_s
  47              		.syntax unified
  48              		.code	16
  49              		.thumb_func
  50              		.fpu softvfp
  52              	smtc_modem_hal_get_time_in_s:
  53              		@ args = 0, pretend = 0, frame = 0
  54              		@ frame_needed = 0, uses_anonymous_args = 0
  55 0000 10B5     		push	{r4, lr}
  56 0002 FFF7FEFF 		bl	hal_rtc_get_time_s
  57              		@ sp needed
  58 0006 10BD     		pop	{r4, pc}
  60              		.section	.text.smtc_modem_hal_get_time_in_ms,"ax",%progbits
  61              		.align	1
  62              		.global	smtc_modem_hal_get_time_in_ms
  63              		.syntax unified
ARM GAS  /tmp/cchTzAVD.s 			page 2


  64              		.code	16
  65              		.thumb_func
  66              		.fpu softvfp
  68              	smtc_modem_hal_get_time_in_ms:
  69              		@ args = 0, pretend = 0, frame = 0
  70              		@ frame_needed = 0, uses_anonymous_args = 0
  71 0000 10B5     		push	{r4, lr}
  72 0002 FFF7FEFF 		bl	hal_rtc_get_time_ms
  73              		@ sp needed
  74 0006 10BD     		pop	{r4, pc}
  76              		.section	.text.smtc_modem_hal_set_offset_to_test_wrapping,"ax",%progbits
  77              		.align	1
  78              		.global	smtc_modem_hal_set_offset_to_test_wrapping
  79              		.syntax unified
  80              		.code	16
  81              		.thumb_func
  82              		.fpu softvfp
  84              	smtc_modem_hal_set_offset_to_test_wrapping:
  85              		@ args = 0, pretend = 0, frame = 0
  86              		@ frame_needed = 0, uses_anonymous_args = 0
  87 0000 10B5     		push	{r4, lr}
  88 0002 FFF7FEFF 		bl	hal_rtc_set_offset_to_test_wrapping
  89              		@ sp needed
  90 0006 10BD     		pop	{r4, pc}
  92              		.section	.text.smtc_modem_hal_start_timer,"ax",%progbits
  93              		.align	1
  94              		.global	smtc_modem_hal_start_timer
  95              		.syntax unified
  96              		.code	16
  97              		.thumb_func
  98              		.fpu softvfp
 100              	smtc_modem_hal_start_timer:
 101              		@ args = 0, pretend = 0, frame = 8
 102              		@ frame_needed = 0, uses_anonymous_args = 0
 103 0000 07B5     		push	{r0, r1, r2, lr}
 104 0002 0092     		str	r2, [sp]
 105 0004 0191     		str	r1, [sp, #4]
 106 0006 6A46     		mov	r2, sp
 107              		@ sp needed
 108 0008 0100     		movs	r1, r0
 109 000a 0020     		movs	r0, #0
 110 000c FFF7FEFF 		bl	hal_lp_timer_start
 111 0010 07BD     		pop	{r0, r1, r2, pc}
 113              		.section	.text.smtc_modem_hal_stop_timer,"ax",%progbits
 114              		.align	1
 115              		.global	smtc_modem_hal_stop_timer
 116              		.syntax unified
 117              		.code	16
 118              		.thumb_func
 119              		.fpu softvfp
 121              	smtc_modem_hal_stop_timer:
 122              		@ args = 0, pretend = 0, frame = 0
 123              		@ frame_needed = 0, uses_anonymous_args = 0
 124 0000 10B5     		push	{r4, lr}
 125 0002 0020     		movs	r0, #0
 126              		@ sp needed
 127 0004 FFF7FEFF 		bl	hal_lp_timer_stop
ARM GAS  /tmp/cchTzAVD.s 			page 3


 128 0008 10BD     		pop	{r4, pc}
 130              		.section	.text.smtc_modem_hal_disable_modem_irq,"ax",%progbits
 131              		.align	1
 132              		.global	smtc_modem_hal_disable_modem_irq
 133              		.syntax unified
 134              		.code	16
 135              		.thumb_func
 136              		.fpu softvfp
 138              	smtc_modem_hal_disable_modem_irq:
 139              		@ args = 0, pretend = 0, frame = 0
 140              		@ frame_needed = 0, uses_anonymous_args = 0
 141 0000 10B5     		push	{r4, lr}
 142 0002 FFF7FEFF 		bl	hal_gpio_irq_disable
 143              		@ sp needed
 144 0006 0020     		movs	r0, #0
 145 0008 FFF7FEFF 		bl	hal_lp_timer_irq_disable
 146 000c 10BD     		pop	{r4, pc}
 148              		.section	.text.smtc_modem_hal_enable_modem_irq,"ax",%progbits
 149              		.align	1
 150              		.global	smtc_modem_hal_enable_modem_irq
 151              		.syntax unified
 152              		.code	16
 153              		.thumb_func
 154              		.fpu softvfp
 156              	smtc_modem_hal_enable_modem_irq:
 157              		@ args = 0, pretend = 0, frame = 0
 158              		@ frame_needed = 0, uses_anonymous_args = 0
 159 0000 10B5     		push	{r4, lr}
 160 0002 FFF7FEFF 		bl	hal_gpio_irq_enable
 161              		@ sp needed
 162 0006 0020     		movs	r0, #0
 163 0008 FFF7FEFF 		bl	hal_lp_timer_irq_enable
 164 000c 10BD     		pop	{r4, pc}
 166              		.section	.rodata.smtc_modem_hal_context_restore.str1.1,"aMS",%progbits,1
 167              	.LC1:
 168 0000 4552524F 		.ascii	"ERROR: mcu_panic:%s\012\000"
 168      523A206D 
 168      63755F70 
 168      616E6963 
 168      3A25730A 
 169              	.LC3:
 170 0015 00       		.ascii	"\000"
 171              	.LC5:
 172 0016 4552524F 		.ascii	"ERROR: -> \000"
 172      523A202D 
 172      3E2000
 173              		.section	.text.smtc_modem_hal_context_restore,"ax",%progbits
 174              		.align	1
 175              		.global	smtc_modem_hal_context_restore
 176              		.syntax unified
 177              		.code	16
 178              		.thumb_func
 179              		.fpu softvfp
 181              	smtc_modem_hal_context_restore:
 182              		@ args = 0, pretend = 0, frame = 0
 183              		@ frame_needed = 0, uses_anonymous_args = 0
 184 0000 10B5     		push	{r4, lr}
ARM GAS  /tmp/cchTzAVD.s 			page 4


 185 0002 0C00     		movs	r4, r1
 186 0004 1100     		movs	r1, r2
 187 0006 1A00     		movs	r2, r3
 188 0008 0528     		cmp	r0, #5
 189 000a 13D8     		bhi	.L11
 190 000c FFF7FEFF 		bl	__gnu_thumb1_case_uqi
 191              	.L13:
 192 0010 03       		.byte	(.L18-.L13)/2
 193 0011 07       		.byte	(.L17-.L13)/2
 194 0012 09       		.byte	(.L16-.L13)/2
 195 0013 06       		.byte	(.L10-.L13)/2
 196 0014 10       		.byte	(.L14-.L13)/2
 197 0015 0D       		.byte	(.L12-.L13)/2
 198              		.p2align 1
 199              	.L18:
 200 0016 1048     		ldr	r0, .L20
 201              	.L19:
 202 0018 FFF7FEFF 		bl	hal_eeprom_read_buffer
 203              	.L10:
 204              		@ sp needed
 205 001c 10BD     		pop	{r4, pc}
 206              	.L17:
 207 001e 0F48     		ldr	r0, .L20+4
 208 0020 FAE7     		b	.L19
 209              	.L16:
 210 0022 8023     		movs	r3, #128
 211 0024 1B01     		lsls	r3, r3, #4
 212 0026 E018     		adds	r0, r4, r3
 213 0028 F6E7     		b	.L19
 214              	.L12:
 215 002a 601C     		adds	r0, r4, #1
 216 002c FF30     		adds	r0, r0, #255
 217 002e F3E7     		b	.L19
 218              	.L14:
 219 0030 0B48     		ldr	r0, .L20+8
 220 0032 F1E7     		b	.L19
 221              	.L11:
 222 0034 0B49     		ldr	r1, .L20+12
 223 0036 0C48     		ldr	r0, .L20+16
 224 0038 FFF7FEFF 		bl	hal_trace_print_var
 225 003c 0B4C     		ldr	r4, .L20+20
 226 003e 2000     		movs	r0, r4
 227 0040 FFF7FEFF 		bl	hal_trace_print_var
 228 0044 0A48     		ldr	r0, .L20+24
 229 0046 FFF7FEFF 		bl	hal_trace_print_var
 230 004a 2000     		movs	r0, r4
 231 004c FFF7FEFF 		bl	hal_trace_print_var
 232 0050 FFF7FEFF 		bl	hal_mcu_reset
 233 0054 E2E7     		b	.L10
 234              	.L21:
 235 0056 C046     		.align	2
 236              	.L20:
 237 0058 4B080000 		.word	2123
 238 005c 32080000 		.word	2098
 239 0060 64080000 		.word	2148
 240 0064 00000000 		.word	.LANCHOR0
 241 0068 00000000 		.word	.LC1
ARM GAS  /tmp/cchTzAVD.s 			page 5


 242 006c 15000000 		.word	.LC3
 243 0070 16000000 		.word	.LC5
 245              		.section	.text.smtc_modem_hal_context_store,"ax",%progbits
 246              		.align	1
 247              		.global	smtc_modem_hal_context_store
 248              		.syntax unified
 249              		.code	16
 250              		.thumb_func
 251              		.fpu softvfp
 253              	smtc_modem_hal_context_store:
 254              		@ args = 0, pretend = 0, frame = 0
 255              		@ frame_needed = 0, uses_anonymous_args = 0
 256 0000 10B5     		push	{r4, lr}
 257 0002 0C00     		movs	r4, r1
 258 0004 1100     		movs	r1, r2
 259 0006 1A00     		movs	r2, r3
 260 0008 0528     		cmp	r0, #5
 261 000a 13D8     		bhi	.L23
 262 000c FFF7FEFF 		bl	__gnu_thumb1_case_uqi
 263              	.L25:
 264 0010 03       		.byte	(.L30-.L25)/2
 265 0011 07       		.byte	(.L29-.L25)/2
 266 0012 09       		.byte	(.L28-.L25)/2
 267 0013 06       		.byte	(.L22-.L25)/2
 268 0014 10       		.byte	(.L26-.L25)/2
 269 0015 0D       		.byte	(.L24-.L25)/2
 270              		.p2align 1
 271              	.L30:
 272 0016 1048     		ldr	r0, .L32
 273              	.L31:
 274 0018 FFF7FEFF 		bl	hal_eeprom_write_buffer
 275              	.L22:
 276              		@ sp needed
 277 001c 10BD     		pop	{r4, pc}
 278              	.L29:
 279 001e 0F48     		ldr	r0, .L32+4
 280 0020 FAE7     		b	.L31
 281              	.L28:
 282 0022 8023     		movs	r3, #128
 283 0024 1B01     		lsls	r3, r3, #4
 284 0026 E018     		adds	r0, r4, r3
 285 0028 F6E7     		b	.L31
 286              	.L24:
 287 002a 601C     		adds	r0, r4, #1
 288 002c FF30     		adds	r0, r0, #255
 289 002e F3E7     		b	.L31
 290              	.L26:
 291 0030 0B48     		ldr	r0, .L32+8
 292 0032 F1E7     		b	.L31
 293              	.L23:
 294 0034 0B49     		ldr	r1, .L32+12
 295 0036 0C48     		ldr	r0, .L32+16
 296 0038 FFF7FEFF 		bl	hal_trace_print_var
 297 003c 0B4C     		ldr	r4, .L32+20
 298 003e 2000     		movs	r0, r4
 299 0040 FFF7FEFF 		bl	hal_trace_print_var
 300 0044 0A48     		ldr	r0, .L32+24
ARM GAS  /tmp/cchTzAVD.s 			page 6


 301 0046 FFF7FEFF 		bl	hal_trace_print_var
 302 004a 2000     		movs	r0, r4
 303 004c FFF7FEFF 		bl	hal_trace_print_var
 304 0050 FFF7FEFF 		bl	hal_mcu_reset
 305 0054 E2E7     		b	.L22
 306              	.L33:
 307 0056 C046     		.align	2
 308              	.L32:
 309 0058 4B080000 		.word	2123
 310 005c 32080000 		.word	2098
 311 0060 64080000 		.word	2148
 312 0064 00000000 		.word	.LANCHOR1
 313 0068 00000000 		.word	.LC1
 314 006c 15000000 		.word	.LC3
 315 0070 16000000 		.word	.LC5
 317              		.section	.text.smtc_modem_hal_context_flash_pages_erase,"ax",%progbits
 318              		.align	1
 319              		.global	smtc_modem_hal_context_flash_pages_erase
 320              		.syntax unified
 321              		.code	16
 322              		.thumb_func
 323              		.fpu softvfp
 325              	smtc_modem_hal_context_flash_pages_erase:
 326              		@ args = 0, pretend = 0, frame = 256
 327              		@ frame_needed = 0, uses_anonymous_args = 0
 328 0000 70B5     		push	{r4, r5, r6, lr}
 329 0002 0C00     		movs	r4, r1
 330 0004 1500     		movs	r5, r2
 331 0006 C0B0     		sub	sp, sp, #256
 332 0008 0528     		cmp	r0, #5
 333 000a 1ED1     		bne	.L35
 334 000c 0123     		movs	r3, #1
 335 000e FC22     		movs	r2, #252
 336 0010 0021     		movs	r1, #0
 337 0012 01A8     		add	r0, sp, #4
 338 0014 0093     		str	r3, [sp]
 339 0016 FFF7FEFF 		bl	memset
 340 001a 8022     		movs	r2, #128
 341 001c FF21     		movs	r1, #255
 342 001e 6846     		mov	r0, sp
 343 0020 8026     		movs	r6, #128
 344 0022 5200     		lsls	r2, r2, #1
 345 0024 FFF7FEFF 		bl	memset
 346 0028 0134     		adds	r4, r4, #1
 347 002a FF34     		adds	r4, r4, #255
 348 002c 2D02     		lsls	r5, r5, #8
 349 002e 2D19     		adds	r5, r5, r4
 350 0030 7600     		lsls	r6, r6, #1
 351              	.L36:
 352 0032 AC42     		cmp	r4, r5
 353 0034 01D1     		bne	.L37
 354              	.L34:
 355 0036 40B0     		add	sp, sp, #256
 356              		@ sp needed
 357 0038 70BD     		pop	{r4, r5, r6, pc}
 358              	.L37:
 359 003a 2000     		movs	r0, r4
ARM GAS  /tmp/cchTzAVD.s 			page 7


 360 003c 3200     		movs	r2, r6
 361 003e 6946     		mov	r1, sp
 362 0040 0134     		adds	r4, r4, #1
 363 0042 FFF7FEFF 		bl	hal_eeprom_write_buffer
 364 0046 FF34     		adds	r4, r4, #255
 365 0048 F3E7     		b	.L36
 366              	.L35:
 367 004a 0849     		ldr	r1, .L39
 368 004c 0848     		ldr	r0, .L39+4
 369 004e FFF7FEFF 		bl	hal_trace_print_var
 370 0052 084C     		ldr	r4, .L39+8
 371 0054 2000     		movs	r0, r4
 372 0056 FFF7FEFF 		bl	hal_trace_print_var
 373 005a 0748     		ldr	r0, .L39+12
 374 005c FFF7FEFF 		bl	hal_trace_print_var
 375 0060 2000     		movs	r0, r4
 376 0062 FFF7FEFF 		bl	hal_trace_print_var
 377 0066 FFF7FEFF 		bl	hal_mcu_reset
 378 006a E4E7     		b	.L34
 379              	.L40:
 380              		.align	2
 381              	.L39:
 382 006c 00000000 		.word	.LANCHOR2
 383 0070 00000000 		.word	.LC1
 384 0074 15000000 		.word	.LC3
 385 0078 16000000 		.word	.LC5
 387              		.section	.rodata.smtc_modem_hal_crashlog_store.cst1,"aM",%progbits,1
 388              	.LC17:
 389 0000 F2       		.byte	-14
 390              		.section	.text.smtc_modem_hal_crashlog_store,"ax",%progbits
 391              		.align	1
 392              		.global	smtc_modem_hal_crashlog_store
 393              		.syntax unified
 394              		.code	16
 395              		.thumb_func
 396              		.fpu softvfp
 398              	smtc_modem_hal_crashlog_store:
 399              		@ args = 0, pretend = 0, frame = 0
 400              		@ frame_needed = 0, uses_anonymous_args = 0
 401 0000 10B5     		push	{r4, lr}
 402 0002 0B1C     		adds	r3, r1, #0
 403 0004 F229     		cmp	r1, #242
 404 0006 01D9     		bls	.L42
 405 0008 064B     		ldr	r3, .L43
 406 000a 1B78     		ldrb	r3, [r3]
 407              	.L42:
 408 000c 064C     		ldr	r4, .L43+4
 409 000e 0100     		movs	r1, r0
 410              		@ sp needed
 411 0010 2370     		strb	r3, [r4]
 412 0012 2278     		ldrb	r2, [r4]
 413 0014 0548     		ldr	r0, .L43+8
 414 0016 D2B2     		uxtb	r2, r2
 415 0018 FFF7FEFF 		bl	memcpy
 416 001c 0123     		movs	r3, #1
 417 001e 6370     		strb	r3, [r4, #1]
 418 0020 10BD     		pop	{r4, pc}
ARM GAS  /tmp/cchTzAVD.s 			page 8


 419              	.L44:
 420 0022 C046     		.align	2
 421              	.L43:
 422 0024 00000000 		.word	.LC17
 423 0028 00000000 		.word	.LANCHOR3
 424 002c 02000000 		.word	crashlog_buff_noinit
 426              		.section	.text.smtc_modem_hal_crashlog_restore,"ax",%progbits
 427              		.align	1
 428              		.global	smtc_modem_hal_crashlog_restore
 429              		.syntax unified
 430              		.code	16
 431              		.thumb_func
 432              		.fpu softvfp
 434              	smtc_modem_hal_crashlog_restore:
 435              		@ args = 0, pretend = 0, frame = 0
 436              		@ frame_needed = 0, uses_anonymous_args = 0
 437 0000 F222     		movs	r2, #242
 438 0002 10B5     		push	{r4, lr}
 439 0004 054B     		ldr	r3, .L48
 440 0006 1C78     		ldrb	r4, [r3]
 441 0008 9442     		cmp	r4, r2
 442 000a 01D8     		bhi	.L46
 443 000c 1A78     		ldrb	r2, [r3]
 444 000e D2B2     		uxtb	r2, r2
 445              	.L46:
 446 0010 0A70     		strb	r2, [r1]
 447 0012 0349     		ldr	r1, .L48+4
 448 0014 FFF7FEFF 		bl	memcpy
 449              		@ sp needed
 450 0018 10BD     		pop	{r4, pc}
 451              	.L49:
 452 001a C046     		.align	2
 453              	.L48:
 454 001c 00000000 		.word	.LANCHOR3
 455 0020 02000000 		.word	crashlog_buff_noinit
 457              		.section	.text.smtc_modem_hal_crashlog_set_status,"ax",%progbits
 458              		.align	1
 459              		.global	smtc_modem_hal_crashlog_set_status
 460              		.syntax unified
 461              		.code	16
 462              		.thumb_func
 463              		.fpu softvfp
 465              	smtc_modem_hal_crashlog_set_status:
 466              		@ args = 0, pretend = 0, frame = 0
 467              		@ frame_needed = 0, uses_anonymous_args = 0
 468              		@ link register save eliminated.
 469 0000 014B     		ldr	r3, .L51
 470              		@ sp needed
 471 0002 5870     		strb	r0, [r3, #1]
 472 0004 7047     		bx	lr
 473              	.L52:
 474 0006 C046     		.align	2
 475              	.L51:
 476 0008 00000000 		.word	.LANCHOR3
 478              		.section	.text.smtc_modem_hal_crashlog_get_status,"ax",%progbits
 479              		.align	1
 480              		.global	smtc_modem_hal_crashlog_get_status
ARM GAS  /tmp/cchTzAVD.s 			page 9


 481              		.syntax unified
 482              		.code	16
 483              		.thumb_func
 484              		.fpu softvfp
 486              	smtc_modem_hal_crashlog_get_status:
 487              		@ args = 0, pretend = 0, frame = 0
 488              		@ frame_needed = 0, uses_anonymous_args = 0
 489              		@ link register save eliminated.
 490 0000 014B     		ldr	r3, .L54
 491              		@ sp needed
 492 0002 5878     		ldrb	r0, [r3, #1]
 493 0004 C0B2     		uxtb	r0, r0
 494 0006 7047     		bx	lr
 495              	.L55:
 496              		.align	2
 497              	.L54:
 498 0008 00000000 		.word	.LANCHOR3
 500              		.section	.rodata.smtc_modem_hal_on_panic.str1.1,"aMS",%progbits,1
 501              	.LC22:
 502 0000 25733A25 		.ascii	"%s:%lu \000"
 502      6C752000 
 503              	.LC24:
 504 0008 4552524F 		.ascii	"ERROR: Modem panic: %s\012\000"
 504      523A204D 
 504      6F64656D 
 504      2070616E 
 504      69633A20 
 505              		.section	.text.smtc_modem_hal_on_panic,"ax",%progbits
 506              		.align	1
 507              		.global	smtc_modem_hal_on_panic
 508              		.syntax unified
 509              		.code	16
 510              		.thumb_func
 511              		.fpu softvfp
 513              	smtc_modem_hal_on_panic:
 514              		@ args = 4, pretend = 8, frame = 264
 515              		@ frame_needed = 0, uses_anonymous_args = 1
 516 0000 0CB4     		push	{r2, r3}
 517 0002 F0B5     		push	{r4, r5, r6, r7, lr}
 518 0004 0400     		movs	r4, r0
 519 0006 0F00     		movs	r7, r1
 520 0008 0021     		movs	r1, #0
 521 000a C5B0     		sub	sp, sp, #276
 522 000c 4AAD     		add	r5, sp, #296
 523 000e FB22     		movs	r2, #251
 524 0010 05A8     		add	r0, sp, #20
 525 0012 40CD     		ldmia	r5!, {r6}
 526 0014 0491     		str	r1, [sp, #16]
 527 0016 FFF7FEFF 		bl	memset
 528 001a 2300     		movs	r3, r4
 529 001c FF21     		movs	r1, #255
 530 001e 104A     		ldr	r2, .L57
 531 0020 0097     		str	r7, [sp]
 532 0022 04A8     		add	r0, sp, #16
 533 0024 FFF7FEFF 		bl	snprintf
 534 0028 04AB     		add	r3, sp, #16
 535 002a C4B2     		uxtb	r4, r0
ARM GAS  /tmp/cchTzAVD.s 			page 10


 536 002c C0B2     		uxtb	r0, r0
 537 002e 2A00     		movs	r2, r5
 538 0030 1818     		adds	r0, r3, r0
 539 0032 3100     		movs	r1, r6
 540 0034 0395     		str	r5, [sp, #12]
 541 0036 FFF7FEFF 		bl	vsprintf
 542 003a 2418     		adds	r4, r4, r0
 543 003c E1B2     		uxtb	r1, r4
 544 003e 04A8     		add	r0, sp, #16
 545 0040 FFF7FEFF 		bl	smtc_modem_hal_crashlog_store
 546 0044 04A9     		add	r1, sp, #16
 547 0046 0748     		ldr	r0, .L57+4
 548 0048 FFF7FEFF 		bl	hal_trace_print_var
 549 004c 0648     		ldr	r0, .L57+8
 550 004e FFF7FEFF 		bl	hal_trace_print_var
 551 0052 FFF7FEFF 		bl	hal_mcu_reset
 552 0056 45B0     		add	sp, sp, #276
 553              		@ sp needed
 554 0058 F0BC     		pop	{r4, r5, r6, r7}
 555 005a 08BC     		pop	{r3}
 556 005c 02B0     		add	sp, sp, #8
 557 005e 1847     		bx	r3
 558              	.L58:
 559              		.align	2
 560              	.L57:
 561 0060 00000000 		.word	.LC22
 562 0064 08000000 		.word	.LC24
 563 0068 15000000 		.word	.LC3
 565              		.section	.text.smtc_modem_hal_get_random_nb_in_range,"ax",%progbits
 566              		.align	1
 567              		.global	smtc_modem_hal_get_random_nb_in_range
 568              		.syntax unified
 569              		.code	16
 570              		.thumb_func
 571              		.fpu softvfp
 573              	smtc_modem_hal_get_random_nb_in_range:
 574              		@ args = 0, pretend = 0, frame = 0
 575              		@ frame_needed = 0, uses_anonymous_args = 0
 576 0000 10B5     		push	{r4, lr}
 577 0002 FFF7FEFF 		bl	hal_rng_get_random_in_range
 578              		@ sp needed
 579 0006 10BD     		pop	{r4, pc}
 581              		.section	.text.smtc_modem_hal_irq_config_radio_irq,"ax",%progbits
 582              		.align	1
 583              		.global	smtc_modem_hal_irq_config_radio_irq
 584              		.syntax unified
 585              		.code	16
 586              		.thumb_func
 587              		.fpu softvfp
 589              	smtc_modem_hal_irq_config_radio_irq:
 590              		@ args = 0, pretend = 0, frame = 0
 591              		@ frame_needed = 0, uses_anonymous_args = 0
 592 0000 0122     		movs	r2, #1
 593 0002 10B5     		push	{r4, lr}
 594 0004 034B     		ldr	r3, .L61
 595              		@ sp needed
 596 0006 9860     		str	r0, [r3, #8]
ARM GAS  /tmp/cchTzAVD.s 			page 11


 597 0008 1800     		movs	r0, r3
 598 000a 1A70     		strb	r2, [r3]
 599 000c 5960     		str	r1, [r3, #4]
 600 000e FFF7FEFF 		bl	hal_gpio_irq_attach
 601 0012 10BD     		pop	{r4, pc}
 602              	.L62:
 603              		.align	2
 604              	.L61:
 605 0014 00000000 		.word	.LANCHOR4
 607              		.section	.text.smtc_modem_hal_radio_irq_clear_pending,"ax",%progbits
 608              		.align	1
 609              		.global	smtc_modem_hal_radio_irq_clear_pending
 610              		.syntax unified
 611              		.code	16
 612              		.thumb_func
 613              		.fpu softvfp
 615              	smtc_modem_hal_radio_irq_clear_pending:
 616              		@ args = 0, pretend = 0, frame = 0
 617              		@ frame_needed = 0, uses_anonymous_args = 0
 618 0000 10B5     		push	{r4, lr}
 619 0002 0120     		movs	r0, #1
 620              		@ sp needed
 621 0004 FFF7FEFF 		bl	hal_gpio_clear_pending_irq
 622 0008 10BD     		pop	{r4, pc}
 624              		.section	.text.smtc_modem_hal_start_radio_tcxo,"ax",%progbits
 625              		.align	1
 626              		.global	smtc_modem_hal_start_radio_tcxo
 627              		.syntax unified
 628              		.code	16
 629              		.thumb_func
 630              		.fpu softvfp
 632              	smtc_modem_hal_start_radio_tcxo:
 633              		@ args = 0, pretend = 0, frame = 0
 634              		@ frame_needed = 0, uses_anonymous_args = 0
 635              		@ link register save eliminated.
 636              		@ sp needed
 637 0000 7047     		bx	lr
 639              		.section	.text.smtc_modem_hal_stop_radio_tcxo,"ax",%progbits
 640              		.align	1
 641              		.global	smtc_modem_hal_stop_radio_tcxo
 642              		.syntax unified
 643              		.code	16
 644              		.thumb_func
 645              		.fpu softvfp
 647              	smtc_modem_hal_stop_radio_tcxo:
 648              		@ args = 0, pretend = 0, frame = 0
 649              		@ frame_needed = 0, uses_anonymous_args = 0
 650              		@ link register save eliminated.
 651              		@ sp needed
 652 0000 7047     		bx	lr
 654              		.section	.text.smtc_modem_hal_get_radio_tcxo_startup_delay_ms,"ax",%progbits
 655              		.align	1
 656              		.global	smtc_modem_hal_get_radio_tcxo_startup_delay_ms
 657              		.syntax unified
 658              		.code	16
 659              		.thumb_func
 660              		.fpu softvfp
ARM GAS  /tmp/cchTzAVD.s 			page 12


 662              	smtc_modem_hal_get_radio_tcxo_startup_delay_ms:
 663              		@ args = 0, pretend = 0, frame = 0
 664              		@ frame_needed = 0, uses_anonymous_args = 0
 665              		@ link register save eliminated.
 666 0000 0020     		movs	r0, #0
 667              		@ sp needed
 668 0002 7047     		bx	lr
 670              		.section	.text.smtc_modem_hal_set_ant_switch,"ax",%progbits
 671              		.align	1
 672              		.global	smtc_modem_hal_set_ant_switch
 673              		.syntax unified
 674              		.code	16
 675              		.thumb_func
 676              		.fpu softvfp
 678              	smtc_modem_hal_set_ant_switch:
 679              		@ args = 0, pretend = 0, frame = 0
 680              		@ frame_needed = 0, uses_anonymous_args = 0
 681 0000 10B5     		push	{r4, lr}
 682 0002 0100     		movs	r1, r0
 683              		@ sp needed
 684 0004 1C20     		movs	r0, #28
 685 0006 FFF7FEFF 		bl	hal_gpio_set_value
 686 000a 10BD     		pop	{r4, pc}
 688              		.section	.text.smtc_modem_hal_get_battery_level,"ax",%progbits
 689              		.align	1
 690              		.global	smtc_modem_hal_get_battery_level
 691              		.syntax unified
 692              		.code	16
 693              		.thumb_func
 694              		.fpu softvfp
 696              	smtc_modem_hal_get_battery_level:
 697              		@ args = 0, pretend = 0, frame = 0
 698              		@ frame_needed = 0, uses_anonymous_args = 0
 699              		@ link register save eliminated.
 700 0000 FF20     		movs	r0, #255
 701              		@ sp needed
 702 0002 7047     		bx	lr
 704              		.section	.text.smtc_modem_hal_get_board_delay_ms,"ax",%progbits
 705              		.align	1
 706              		.global	smtc_modem_hal_get_board_delay_ms
 707              		.syntax unified
 708              		.code	16
 709              		.thumb_func
 710              		.fpu softvfp
 712              	smtc_modem_hal_get_board_delay_ms:
 713              		@ args = 0, pretend = 0, frame = 0
 714              		@ frame_needed = 0, uses_anonymous_args = 0
 715              		@ link register save eliminated.
 716 0000 0120     		movs	r0, #1
 717              		@ sp needed
 718 0002 7047     		bx	lr
 720              		.section	.text.smtc_modem_hal_print_trace,"ax",%progbits
 721              		.align	1
 722              		.global	smtc_modem_hal_print_trace
 723              		.syntax unified
 724              		.code	16
 725              		.thumb_func
ARM GAS  /tmp/cchTzAVD.s 			page 13


 726              		.fpu softvfp
 728              	smtc_modem_hal_print_trace:
 729              		@ args = 4, pretend = 16, frame = 8
 730              		@ frame_needed = 0, uses_anonymous_args = 1
 731 0000 0FB4     		push	{r0, r1, r2, r3}
 732 0002 07B5     		push	{r0, r1, r2, lr}
 733 0004 04A9     		add	r1, sp, #16
 734 0006 01C9     		ldmia	r1!, {r0}
 735 0008 0191     		str	r1, [sp, #4]
 736 000a FFF7FEFF 		bl	hal_trace_print
 737 000e 03B0     		add	sp, sp, #12
 738              		@ sp needed
 739 0010 08BC     		pop	{r3}
 740 0012 04B0     		add	sp, sp, #16
 741 0014 1847     		bx	r3
 743              		.section	.text.smtc_modem_hal_get_temperature,"ax",%progbits
 744              		.align	1
 745              		.global	smtc_modem_hal_get_temperature
 746              		.syntax unified
 747              		.code	16
 748              		.thumb_func
 749              		.fpu softvfp
 751              	smtc_modem_hal_get_temperature:
 752              		@ args = 0, pretend = 0, frame = 0
 753              		@ frame_needed = 0, uses_anonymous_args = 0
 754              		@ link register save eliminated.
 755 0000 1920     		movs	r0, #25
 756              		@ sp needed
 757 0002 7047     		bx	lr
 759              		.section	.text.smtc_modem_hal_get_voltage_mv,"ax",%progbits
 760              		.align	1
 761              		.global	smtc_modem_hal_get_voltage_mv
 762              		.syntax unified
 763              		.code	16
 764              		.thumb_func
 765              		.fpu softvfp
 767              	smtc_modem_hal_get_voltage_mv:
 768              		@ args = 0, pretend = 0, frame = 0
 769              		@ frame_needed = 0, uses_anonymous_args = 0
 770              		@ link register save eliminated.
 771 0000 0048     		ldr	r0, .L73
 772              		@ sp needed
 773 0002 7047     		bx	lr
 774              	.L74:
 775              		.align	2
 776              	.L73:
 777 0004 E40C0000 		.word	3300
 779              		.section	.text.smtc_modem_hal_user_lbm_irq,"ax",%progbits
 780              		.align	1
 781              		.global	smtc_modem_hal_user_lbm_irq
 782              		.syntax unified
 783              		.code	16
 784              		.thumb_func
 785              		.fpu softvfp
 787              	smtc_modem_hal_user_lbm_irq:
 788              		@ args = 0, pretend = 0, frame = 0
 789              		@ frame_needed = 0, uses_anonymous_args = 0
ARM GAS  /tmp/cchTzAVD.s 			page 14


 790              		@ link register save eliminated.
 791              		@ sp needed
 792 0000 7047     		bx	lr
 794              		.section	.bss.radio_dio_irq,"aw",%nobits
 795              		.align	2
 796              		.set	.LANCHOR4,. + 0
 799              	radio_dio_irq:
 800 0000 00000000 		.space	12
 800      00000000 
 800      00000000 
 801              		.section	.noinit,"aw"
 802              		.set	.LANCHOR3,. + 0
 805              	crashlog_length_noinit:
 806 0000 00       		.space	1
 809              	crashlog_available_noinit:
 810 0001 00       		.space	1
 813              	crashlog_buff_noinit:
 814 0002 00000000 		.space	242
 814      00000000 
 814      00000000 
 814      00000000 
 814      00000000 
 815              		.section	.rodata.__func__.0,"a"
 816              		.set	.LANCHOR2,. + 0
 819              	__func__.0:
 820 0000 736D7463 		.ascii	"smtc_modem_hal_context_flash_pages_erase\000"
 820      5F6D6F64 
 820      656D5F68 
 820      616C5F63 
 820      6F6E7465 
 821              		.section	.rodata.__func__.1,"a"
 822              		.set	.LANCHOR1,. + 0
 825              	__func__.1:
 826 0000 736D7463 		.ascii	"smtc_modem_hal_context_store\000"
 826      5F6D6F64 
 826      656D5F68 
 826      616C5F63 
 826      6F6E7465 
 827              		.section	.rodata.__func__.2,"a"
 828              		.set	.LANCHOR0,. + 0
 831              	__func__.2:
 832 0000 736D7463 		.ascii	"smtc_modem_hal_context_restore\000"
 832      5F6D6F64 
 832      656D5F68 
 832      616C5F63 
 832      6F6E7465 
 833              		.ident	"GCC: (15:10.3-2021.07-4) 10.3.1 20210621 (release)"
ARM GAS  /tmp/cchTzAVD.s 			page 15


DEFINED SYMBOLS
                            *ABS*:0000000000000000 smtc_modem_hal.c
     /tmp/cchTzAVD.s:12     .text.smtc_modem_hal_reset_mcu:0000000000000000 $t
     /tmp/cchTzAVD.s:20     .text.smtc_modem_hal_reset_mcu:0000000000000000 smtc_modem_hal_reset_mcu
     /tmp/cchTzAVD.s:29     .text.smtc_modem_hal_reload_wdog:0000000000000000 $t
     /tmp/cchTzAVD.s:36     .text.smtc_modem_hal_reload_wdog:0000000000000000 smtc_modem_hal_reload_wdog
     /tmp/cchTzAVD.s:45     .text.smtc_modem_hal_get_time_in_s:0000000000000000 $t
     /tmp/cchTzAVD.s:52     .text.smtc_modem_hal_get_time_in_s:0000000000000000 smtc_modem_hal_get_time_in_s
     /tmp/cchTzAVD.s:61     .text.smtc_modem_hal_get_time_in_ms:0000000000000000 $t
     /tmp/cchTzAVD.s:68     .text.smtc_modem_hal_get_time_in_ms:0000000000000000 smtc_modem_hal_get_time_in_ms
     /tmp/cchTzAVD.s:77     .text.smtc_modem_hal_set_offset_to_test_wrapping:0000000000000000 $t
     /tmp/cchTzAVD.s:84     .text.smtc_modem_hal_set_offset_to_test_wrapping:0000000000000000 smtc_modem_hal_set_offset_to_test_wrapping
     /tmp/cchTzAVD.s:93     .text.smtc_modem_hal_start_timer:0000000000000000 $t
     /tmp/cchTzAVD.s:100    .text.smtc_modem_hal_start_timer:0000000000000000 smtc_modem_hal_start_timer
     /tmp/cchTzAVD.s:114    .text.smtc_modem_hal_stop_timer:0000000000000000 $t
     /tmp/cchTzAVD.s:121    .text.smtc_modem_hal_stop_timer:0000000000000000 smtc_modem_hal_stop_timer
     /tmp/cchTzAVD.s:131    .text.smtc_modem_hal_disable_modem_irq:0000000000000000 $t
     /tmp/cchTzAVD.s:138    .text.smtc_modem_hal_disable_modem_irq:0000000000000000 smtc_modem_hal_disable_modem_irq
     /tmp/cchTzAVD.s:149    .text.smtc_modem_hal_enable_modem_irq:0000000000000000 $t
     /tmp/cchTzAVD.s:156    .text.smtc_modem_hal_enable_modem_irq:0000000000000000 smtc_modem_hal_enable_modem_irq
     /tmp/cchTzAVD.s:174    .text.smtc_modem_hal_context_restore:0000000000000000 $t
     /tmp/cchTzAVD.s:181    .text.smtc_modem_hal_context_restore:0000000000000000 smtc_modem_hal_context_restore
     /tmp/cchTzAVD.s:192    .text.smtc_modem_hal_context_restore:0000000000000010 $d
     /tmp/cchTzAVD.s:198    .text.smtc_modem_hal_context_restore:0000000000000016 $t
     /tmp/cchTzAVD.s:237    .text.smtc_modem_hal_context_restore:0000000000000058 $d
     /tmp/cchTzAVD.s:246    .text.smtc_modem_hal_context_store:0000000000000000 $t
     /tmp/cchTzAVD.s:253    .text.smtc_modem_hal_context_store:0000000000000000 smtc_modem_hal_context_store
     /tmp/cchTzAVD.s:264    .text.smtc_modem_hal_context_store:0000000000000010 $d
     /tmp/cchTzAVD.s:270    .text.smtc_modem_hal_context_store:0000000000000016 $t
     /tmp/cchTzAVD.s:309    .text.smtc_modem_hal_context_store:0000000000000058 $d
     /tmp/cchTzAVD.s:318    .text.smtc_modem_hal_context_flash_pages_erase:0000000000000000 $t
     /tmp/cchTzAVD.s:325    .text.smtc_modem_hal_context_flash_pages_erase:0000000000000000 smtc_modem_hal_context_flash_pages_erase
     /tmp/cchTzAVD.s:382    .text.smtc_modem_hal_context_flash_pages_erase:000000000000006c $d
     /tmp/cchTzAVD.s:391    .text.smtc_modem_hal_crashlog_store:0000000000000000 $t
     /tmp/cchTzAVD.s:398    .text.smtc_modem_hal_crashlog_store:0000000000000000 smtc_modem_hal_crashlog_store
     /tmp/cchTzAVD.s:422    .text.smtc_modem_hal_crashlog_store:0000000000000024 $d
     /tmp/cchTzAVD.s:813    .noinit:0000000000000002 crashlog_buff_noinit
     /tmp/cchTzAVD.s:427    .text.smtc_modem_hal_crashlog_restore:0000000000000000 $t
     /tmp/cchTzAVD.s:434    .text.smtc_modem_hal_crashlog_restore:0000000000000000 smtc_modem_hal_crashlog_restore
     /tmp/cchTzAVD.s:454    .text.smtc_modem_hal_crashlog_restore:000000000000001c $d
     /tmp/cchTzAVD.s:458    .text.smtc_modem_hal_crashlog_set_status:0000000000000000 $t
     /tmp/cchTzAVD.s:465    .text.smtc_modem_hal_crashlog_set_status:0000000000000000 smtc_modem_hal_crashlog_set_status
     /tmp/cchTzAVD.s:476    .text.smtc_modem_hal_crashlog_set_status:0000000000000008 $d
     /tmp/cchTzAVD.s:479    .text.smtc_modem_hal_crashlog_get_status:0000000000000000 $t
     /tmp/cchTzAVD.s:486    .text.smtc_modem_hal_crashlog_get_status:0000000000000000 smtc_modem_hal_crashlog_get_status
     /tmp/cchTzAVD.s:498    .text.smtc_modem_hal_crashlog_get_status:0000000000000008 $d
     /tmp/cchTzAVD.s:506    .text.smtc_modem_hal_on_panic:0000000000000000 $t
     /tmp/cchTzAVD.s:513    .text.smtc_modem_hal_on_panic:0000000000000000 smtc_modem_hal_on_panic
     /tmp/cchTzAVD.s:561    .text.smtc_modem_hal_on_panic:0000000000000060 $d
     /tmp/cchTzAVD.s:566    .text.smtc_modem_hal_get_random_nb_in_range:0000000000000000 $t
     /tmp/cchTzAVD.s:573    .text.smtc_modem_hal_get_random_nb_in_range:0000000000000000 smtc_modem_hal_get_random_nb_in_range
     /tmp/cchTzAVD.s:582    .text.smtc_modem_hal_irq_config_radio_irq:0000000000000000 $t
     /tmp/cchTzAVD.s:589    .text.smtc_modem_hal_irq_config_radio_irq:0000000000000000 smtc_modem_hal_irq_config_radio_irq
     /tmp/cchTzAVD.s:605    .text.smtc_modem_hal_irq_config_radio_irq:0000000000000014 $d
     /tmp/cchTzAVD.s:608    .text.smtc_modem_hal_radio_irq_clear_pending:0000000000000000 $t
     /tmp/cchTzAVD.s:615    .text.smtc_modem_hal_radio_irq_clear_pending:0000000000000000 smtc_modem_hal_radio_irq_clear_pending
     /tmp/cchTzAVD.s:625    .text.smtc_modem_hal_start_radio_tcxo:0000000000000000 $t
ARM GAS  /tmp/cchTzAVD.s 			page 16


     /tmp/cchTzAVD.s:632    .text.smtc_modem_hal_start_radio_tcxo:0000000000000000 smtc_modem_hal_start_radio_tcxo
     /tmp/cchTzAVD.s:640    .text.smtc_modem_hal_stop_radio_tcxo:0000000000000000 $t
     /tmp/cchTzAVD.s:647    .text.smtc_modem_hal_stop_radio_tcxo:0000000000000000 smtc_modem_hal_stop_radio_tcxo
     /tmp/cchTzAVD.s:655    .text.smtc_modem_hal_get_radio_tcxo_startup_delay_ms:0000000000000000 $t
     /tmp/cchTzAVD.s:662    .text.smtc_modem_hal_get_radio_tcxo_startup_delay_ms:0000000000000000 smtc_modem_hal_get_radio_tcxo_startup_delay_ms
     /tmp/cchTzAVD.s:671    .text.smtc_modem_hal_set_ant_switch:0000000000000000 $t
     /tmp/cchTzAVD.s:678    .text.smtc_modem_hal_set_ant_switch:0000000000000000 smtc_modem_hal_set_ant_switch
     /tmp/cchTzAVD.s:689    .text.smtc_modem_hal_get_battery_level:0000000000000000 $t
     /tmp/cchTzAVD.s:696    .text.smtc_modem_hal_get_battery_level:0000000000000000 smtc_modem_hal_get_battery_level
     /tmp/cchTzAVD.s:705    .text.smtc_modem_hal_get_board_delay_ms:0000000000000000 $t
     /tmp/cchTzAVD.s:712    .text.smtc_modem_hal_get_board_delay_ms:0000000000000000 smtc_modem_hal_get_board_delay_ms
     /tmp/cchTzAVD.s:721    .text.smtc_modem_hal_print_trace:0000000000000000 $t
     /tmp/cchTzAVD.s:728    .text.smtc_modem_hal_print_trace:0000000000000000 smtc_modem_hal_print_trace
     /tmp/cchTzAVD.s:744    .text.smtc_modem_hal_get_temperature:0000000000000000 $t
     /tmp/cchTzAVD.s:751    .text.smtc_modem_hal_get_temperature:0000000000000000 smtc_modem_hal_get_temperature
     /tmp/cchTzAVD.s:760    .text.smtc_modem_hal_get_voltage_mv:0000000000000000 $t
     /tmp/cchTzAVD.s:767    .text.smtc_modem_hal_get_voltage_mv:0000000000000000 smtc_modem_hal_get_voltage_mv
     /tmp/cchTzAVD.s:777    .text.smtc_modem_hal_get_voltage_mv:0000000000000004 $d
     /tmp/cchTzAVD.s:780    .text.smtc_modem_hal_user_lbm_irq:0000000000000000 $t
     /tmp/cchTzAVD.s:787    .text.smtc_modem_hal_user_lbm_irq:0000000000000000 smtc_modem_hal_user_lbm_irq
     /tmp/cchTzAVD.s:795    .bss.radio_dio_irq:0000000000000000 $d
     /tmp/cchTzAVD.s:799    .bss.radio_dio_irq:0000000000000000 radio_dio_irq
     /tmp/cchTzAVD.s:805    .noinit:0000000000000000 crashlog_length_noinit
     /tmp/cchTzAVD.s:806    .noinit:0000000000000000 $d
     /tmp/cchTzAVD.s:809    .noinit:0000000000000001 crashlog_available_noinit
     /tmp/cchTzAVD.s:819    .rodata.__func__.0:0000000000000000 __func__.0
     /tmp/cchTzAVD.s:825    .rodata.__func__.1:0000000000000000 __func__.1
     /tmp/cchTzAVD.s:831    .rodata.__func__.2:0000000000000000 __func__.2

UNDEFINED SYMBOLS
hal_mcu_reset
hal_watchdog_reload
hal_rtc_get_time_s
hal_rtc_get_time_ms
hal_rtc_set_offset_to_test_wrapping
hal_lp_timer_start
hal_lp_timer_stop
hal_gpio_irq_disable
hal_lp_timer_irq_disable
hal_gpio_irq_enable
hal_lp_timer_irq_enable
__gnu_thumb1_case_uqi
hal_eeprom_read_buffer
hal_trace_print_var
hal_eeprom_write_buffer
memset
memcpy
snprintf
vsprintf
hal_rng_get_random_in_range
hal_gpio_irq_attach
hal_gpio_clear_pending_irq
hal_gpio_set_value
hal_trace_print
