ARM GAS  /tmp/ccqzrE7C.s 			page 1


   1              		.cpu cortex-m0plus
   2              		.eabi_attribute 23, 1
   3              		.eabi_attribute 24, 1
   4              		.eabi_attribute 25, 1
   5              		.eabi_attribute 26, 1
   6              		.eabi_attribute 30, 4
   7              		.eabi_attribute 34, 0
   8              		.eabi_attribute 18, 4
   9              		.file	"smtc_hal_watchdog.c"
  10              		.text
  11              		.section	.text.hal_watchdog_init,"ax",%progbits
  12              		.align	1
  13              		.weak	hal_watchdog_init
  14              		.arch armv6s-m
  15              		.syntax unified
  16              		.code	16
  17              		.thumb_func
  18              		.fpu softvfp
  20              	hal_watchdog_init:
  21              		@ args = 0, pretend = 0, frame = 0
  22              		@ frame_needed = 0, uses_anonymous_args = 0
  23              		@ link register save eliminated.
  24 0000 0122     		movs	r2, #1
  25 0002 0C4B     		ldr	r3, .L7
  26 0004 196D     		ldr	r1, [r3, #80]
  27 0006 0A43     		orrs	r2, r1
  28 0008 1A65     		str	r2, [r3, #80]
  29 000a 0222     		movs	r2, #2
  30              	.L2:
  31 000c 196D     		ldr	r1, [r3, #80]
  32 000e 1142     		tst	r1, r2
  33 0010 FCD0     		beq	.L2
  34 0012 094B     		ldr	r3, .L7+4
  35 0014 094A     		ldr	r2, .L7+8
  36 0016 1A60     		str	r2, [r3]
  37 0018 094A     		ldr	r2, .L7+12
  38 001a 1A60     		str	r2, [r3]
  39 001c 0622     		movs	r2, #6
  40 001e 5A60     		str	r2, [r3, #4]
  41 0020 084A     		ldr	r2, .L7+16
  42 0022 9A60     		str	r2, [r3, #8]
  43 0024 0722     		movs	r2, #7
  44              	.L3:
  45 0026 D968     		ldr	r1, [r3, #12]
  46 0028 1142     		tst	r1, r2
  47 002a FCD1     		bne	.L3
  48              		@ sp needed
  49 002c 064A     		ldr	r2, .L7+20
  50 002e 1A60     		str	r2, [r3]
  51 0030 7047     		bx	lr
  52              	.L8:
  53 0032 C046     		.align	2
  54              	.L7:
  55 0034 00100240 		.word	1073876992
  56 0038 00300040 		.word	1073754112
  57 003c CCCC0000 		.word	52428
  58 0040 55550000 		.word	21845
ARM GAS  /tmp/ccqzrE7C.s 			page 2


  59 0044 EE0F0000 		.word	4078
  60 0048 AAAA0000 		.word	43690
  62              		.section	.text.hal_watchdog_reload,"ax",%progbits
  63              		.align	1
  64              		.weak	hal_watchdog_reload
  65              		.syntax unified
  66              		.code	16
  67              		.thumb_func
  68              		.fpu softvfp
  70              	hal_watchdog_reload:
  71              		@ args = 0, pretend = 0, frame = 0
  72              		@ frame_needed = 0, uses_anonymous_args = 0
  73              		@ link register save eliminated.
  74 0000 014B     		ldr	r3, .L10
  75 0002 024A     		ldr	r2, .L10+4
  76              		@ sp needed
  77 0004 1A60     		str	r2, [r3]
  78 0006 7047     		bx	lr
  79              	.L11:
  80              		.align	2
  81              	.L10:
  82 0008 00300040 		.word	1073754112
  83 000c AAAA0000 		.word	43690
  85              		.ident	"GCC: (15:10.3-2021.07-4) 10.3.1 20210621 (release)"
ARM GAS  /tmp/ccqzrE7C.s 			page 3


DEFINED SYMBOLS
                            *ABS*:0000000000000000 smtc_hal_watchdog.c
     /tmp/ccqzrE7C.s:12     .text.hal_watchdog_init:0000000000000000 $t
     /tmp/ccqzrE7C.s:20     .text.hal_watchdog_init:0000000000000000 hal_watchdog_init
     /tmp/ccqzrE7C.s:55     .text.hal_watchdog_init:0000000000000034 $d
     /tmp/ccqzrE7C.s:63     .text.hal_watchdog_reload:0000000000000000 $t
     /tmp/ccqzrE7C.s:70     .text.hal_watchdog_reload:0000000000000000 hal_watchdog_reload
     /tmp/ccqzrE7C.s:82     .text.hal_watchdog_reload:0000000000000008 $d

NO UNDEFINED SYMBOLS
