ARM GAS  /tmp/ccdSIo8F.s 			page 1


   1              		.cpu cortex-m0plus
   2              		.eabi_attribute 23, 1
   3              		.eabi_attribute 24, 1
   4              		.eabi_attribute 25, 1
   5              		.eabi_attribute 26, 1
   6              		.eabi_attribute 30, 4
   7              		.eabi_attribute 34, 0
   8              		.eabi_attribute 18, 4
   9              		.file	"stm32l0xx_ll_usart.c"
  10              		.text
  11              		.section	.text.LL_USART_DeInit,"ax",%progbits
  12              		.align	1
  13              		.global	LL_USART_DeInit
  14              		.arch armv6s-m
  15              		.syntax unified
  16              		.code	16
  17              		.thumb_func
  18              		.fpu softvfp
  20              	LL_USART_DeInit:
  21              		@ args = 0, pretend = 0, frame = 0
  22              		@ frame_needed = 0, uses_anonymous_args = 0
  23              		@ link register save eliminated.
  24 0000 1B4A     		ldr	r2, .L9
  25 0002 0300     		movs	r3, r0
  26 0004 9042     		cmp	r0, r2
  27 0006 0BD1     		bne	.L2
  28 0008 8022     		movs	r2, #128
  29 000a 1A4B     		ldr	r3, .L9+4
  30 000c D201     		lsls	r2, r2, #7
  31 000e 596A     		ldr	r1, [r3, #36]
  32 0010 0A43     		orrs	r2, r1
  33 0012 5A62     		str	r2, [r3, #36]
  34 0014 5A6A     		ldr	r2, [r3, #36]
  35 0016 1849     		ldr	r1, .L9+8
  36 0018 0A40     		ands	r2, r1
  37 001a 5A62     		str	r2, [r3, #36]
  38              	.L7:
  39 001c 0020     		movs	r0, #0
  40              	.L3:
  41              		@ sp needed
  42 001e 7047     		bx	lr
  43              	.L2:
  44 0020 164A     		ldr	r2, .L9+12
  45 0022 9042     		cmp	r0, r2
  46 0024 0AD1     		bne	.L4
  47 0026 8022     		movs	r2, #128
  48 0028 124B     		ldr	r3, .L9+4
  49 002a 9202     		lsls	r2, r2, #10
  50 002c 996A     		ldr	r1, [r3, #40]
  51 002e 0A43     		orrs	r2, r1
  52 0030 9A62     		str	r2, [r3, #40]
  53 0032 9A6A     		ldr	r2, [r3, #40]
  54 0034 1249     		ldr	r1, .L9+16
  55              	.L8:
  56 0036 0A40     		ands	r2, r1
  57 0038 9A62     		str	r2, [r3, #40]
  58 003a EFE7     		b	.L7
ARM GAS  /tmp/ccdSIo8F.s 			page 2


  59              	.L4:
  60 003c 114A     		ldr	r2, .L9+20
  61 003e 9042     		cmp	r0, r2
  62 0040 08D1     		bne	.L5
  63 0042 8022     		movs	r2, #128
  64 0044 0B4B     		ldr	r3, .L9+4
  65 0046 1203     		lsls	r2, r2, #12
  66 0048 996A     		ldr	r1, [r3, #40]
  67 004a 0A43     		orrs	r2, r1
  68 004c 9A62     		str	r2, [r3, #40]
  69 004e 9A6A     		ldr	r2, [r3, #40]
  70 0050 0D49     		ldr	r1, .L9+24
  71 0052 F0E7     		b	.L8
  72              	.L5:
  73 0054 0D4A     		ldr	r2, .L9+28
  74 0056 0120     		movs	r0, #1
  75 0058 9342     		cmp	r3, r2
  76 005a E0D1     		bne	.L3
  77 005c 8022     		movs	r2, #128
  78 005e 054B     		ldr	r3, .L9+4
  79 0060 5203     		lsls	r2, r2, #13
  80 0062 996A     		ldr	r1, [r3, #40]
  81 0064 0A43     		orrs	r2, r1
  82 0066 9A62     		str	r2, [r3, #40]
  83 0068 9A6A     		ldr	r2, [r3, #40]
  84 006a 0949     		ldr	r1, .L9+32
  85 006c E3E7     		b	.L8
  86              	.L10:
  87 006e C046     		.align	2
  88              	.L9:
  89 0070 00380140 		.word	1073821696
  90 0074 00100240 		.word	1073876992
  91 0078 FFBFFFFF 		.word	-16385
  92 007c 00440040 		.word	1073759232
  93 0080 FFFFFDFF 		.word	-131073
  94 0084 004C0040 		.word	1073761280
  95 0088 FFFFF7FF 		.word	-524289
  96 008c 00500040 		.word	1073762304
  97 0090 FFFFEFFF 		.word	-1048577
  99              		.global	__aeabi_uidiv
 100              		.section	.text.LL_USART_Init,"ax",%progbits
 101              		.align	1
 102              		.global	LL_USART_Init
 103              		.syntax unified
 104              		.code	16
 105              		.thumb_func
 106              		.fpu softvfp
 108              	LL_USART_Init:
 109              		@ args = 0, pretend = 0, frame = 16
 110              		@ frame_needed = 0, uses_anonymous_args = 0
 111 0000 30B5     		push	{r4, r5, lr}
 112 0002 0368     		ldr	r3, [r0]
 113 0004 0400     		movs	r4, r0
 114 0006 0D00     		movs	r5, r1
 115 0008 85B0     		sub	sp, sp, #20
 116 000a DB07     		lsls	r3, r3, #31
 117 000c 02D5     		bpl	.L12
ARM GAS  /tmp/ccdSIo8F.s 			page 3


 118              	.L19:
 119 000e 0120     		movs	r0, #1
 120              	.L13:
 121 0010 05B0     		add	sp, sp, #20
 122              		@ sp needed
 123 0012 30BD     		pop	{r4, r5, pc}
 124              	.L12:
 125 0014 4B68     		ldr	r3, [r1, #4]
 126 0016 C968     		ldr	r1, [r1, #12]
 127 0018 0268     		ldr	r2, [r0]
 128 001a 0B43     		orrs	r3, r1
 129 001c 2969     		ldr	r1, [r5, #16]
 130 001e 0B43     		orrs	r3, r1
 131 0020 A969     		ldr	r1, [r5, #24]
 132 0022 0B43     		orrs	r3, r1
 133 0024 2049     		ldr	r1, .L29
 134 0026 0A40     		ands	r2, r1
 135 0028 1343     		orrs	r3, r2
 136 002a 0360     		str	r3, [r0]
 137 002c 4368     		ldr	r3, [r0, #4]
 138 002e 1F4A     		ldr	r2, .L29+4
 139 0030 1340     		ands	r3, r2
 140 0032 AA68     		ldr	r2, [r5, #8]
 141 0034 1343     		orrs	r3, r2
 142 0036 4360     		str	r3, [r0, #4]
 143 0038 8368     		ldr	r3, [r0, #8]
 144 003a 1D4A     		ldr	r2, .L29+8
 145 003c 1340     		ands	r3, r2
 146 003e 6A69     		ldr	r2, [r5, #20]
 147 0040 1343     		orrs	r3, r2
 148 0042 8360     		str	r3, [r0, #8]
 149 0044 1B4B     		ldr	r3, .L29+12
 150 0046 0320     		movs	r0, #3
 151 0048 9C42     		cmp	r4, r3
 152 004a 03D0     		beq	.L27
 153 004c 1A4B     		ldr	r3, .L29+16
 154 004e 9C42     		cmp	r4, r3
 155 0050 19D1     		bne	.L16
 156 0052 0C20     		movs	r0, #12
 157              	.L27:
 158 0054 FFF7FEFF 		bl	LL_RCC_GetUSARTClockFreq
 159              	.L15:
 160 0058 0028     		cmp	r0, #0
 161 005a D8D0     		beq	.L19
 162 005c 2968     		ldr	r1, [r5]
 163 005e 0029     		cmp	r1, #0
 164 0060 D5D0     		beq	.L19
 165 0062 8022     		movs	r2, #128
 166 0064 AD69     		ldr	r5, [r5, #24]
 167 0066 4B08     		lsrs	r3, r1, #1
 168 0068 1202     		lsls	r2, r2, #8
 169 006a 9542     		cmp	r5, r2
 170 006c 17D1     		bne	.L20
 171 006e 4000     		lsls	r0, r0, #1
 172 0070 C018     		adds	r0, r0, r3
 173 0072 FFF7FEFF 		bl	__aeabi_uidiv
 174 0076 114B     		ldr	r3, .L29+20
ARM GAS  /tmp/ccdSIo8F.s 			page 4


 175 0078 0340     		ands	r3, r0
 176 007a 0007     		lsls	r0, r0, #28
 177 007c 400F     		lsrs	r0, r0, #29
 178 007e 1843     		orrs	r0, r3
 179              	.L28:
 180 0080 E060     		str	r0, [r4, #12]
 181 0082 0020     		movs	r0, #0
 182 0084 C4E7     		b	.L13
 183              	.L16:
 184 0086 0E4B     		ldr	r3, .L29+24
 185 0088 9C42     		cmp	r4, r3
 186 008a 04D1     		bne	.L17
 187              	.L18:
 188 008c 6846     		mov	r0, sp
 189 008e FFF7FEFF 		bl	LL_RCC_GetSystemClocksFreq
 190 0092 0298     		ldr	r0, [sp, #8]
 191 0094 E0E7     		b	.L15
 192              	.L17:
 193 0096 0B4B     		ldr	r3, .L29+28
 194 0098 9C42     		cmp	r4, r3
 195 009a B8D1     		bne	.L19
 196 009c F6E7     		b	.L18
 197              	.L20:
 198 009e C018     		adds	r0, r0, r3
 199 00a0 FFF7FEFF 		bl	__aeabi_uidiv
 200 00a4 80B2     		uxth	r0, r0
 201 00a6 EBE7     		b	.L28
 202              	.L30:
 203              		.align	2
 204              	.L29:
 205 00a8 F369FFEF 		.word	-268473869
 206 00ac FFCFFFFF 		.word	-12289
 207 00b0 FFFCFFFF 		.word	-769
 208 00b4 00380140 		.word	1073821696
 209 00b8 00440040 		.word	1073759232
 210 00bc F0FF0000 		.word	65520
 211 00c0 004C0040 		.word	1073761280
 212 00c4 00500040 		.word	1073762304
 214              		.section	.text.LL_USART_StructInit,"ax",%progbits
 215              		.align	1
 216              		.global	LL_USART_StructInit
 217              		.syntax unified
 218              		.code	16
 219              		.thumb_func
 220              		.fpu softvfp
 222              	LL_USART_StructInit:
 223              		@ args = 0, pretend = 0, frame = 0
 224              		@ frame_needed = 0, uses_anonymous_args = 0
 225              		@ link register save eliminated.
 226 0000 9623     		movs	r3, #150
 227              		@ sp needed
 228 0002 9B01     		lsls	r3, r3, #6
 229 0004 0C22     		movs	r2, #12
 230 0006 0360     		str	r3, [r0]
 231 0008 0023     		movs	r3, #0
 232 000a 0261     		str	r2, [r0, #16]
 233 000c 4360     		str	r3, [r0, #4]
ARM GAS  /tmp/ccdSIo8F.s 			page 5


 234 000e 8360     		str	r3, [r0, #8]
 235 0010 C360     		str	r3, [r0, #12]
 236 0012 4361     		str	r3, [r0, #20]
 237 0014 8361     		str	r3, [r0, #24]
 238 0016 7047     		bx	lr
 240              		.section	.text.LL_USART_ClockInit,"ax",%progbits
 241              		.align	1
 242              		.global	LL_USART_ClockInit
 243              		.syntax unified
 244              		.code	16
 245              		.thumb_func
 246              		.fpu softvfp
 248              	LL_USART_ClockInit:
 249              		@ args = 0, pretend = 0, frame = 0
 250              		@ frame_needed = 0, uses_anonymous_args = 0
 251 0000 0268     		ldr	r2, [r0]
 252 0002 0300     		movs	r3, r0
 253 0004 30B5     		push	{r4, r5, lr}
 254 0006 0120     		movs	r0, #1
 255 0008 1400     		movs	r4, r2
 256 000a 0440     		ands	r4, r0
 257 000c 0242     		tst	r2, r0
 258 000e 06D1     		bne	.L33
 259 0010 0868     		ldr	r0, [r1]
 260 0012 0028     		cmp	r0, #0
 261 0014 04D1     		bne	.L34
 262 0016 5A68     		ldr	r2, [r3, #4]
 263 0018 0949     		ldr	r1, .L36
 264 001a 0A40     		ands	r2, r1
 265 001c 5A60     		str	r2, [r3, #4]
 266              	.L33:
 267              		@ sp needed
 268 001e 30BD     		pop	{r4, r5, pc}
 269              	.L34:
 270 0020 8D68     		ldr	r5, [r1, #8]
 271 0022 4A68     		ldr	r2, [r1, #4]
 272 0024 5868     		ldr	r0, [r3, #4]
 273 0026 2A43     		orrs	r2, r5
 274 0028 064D     		ldr	r5, .L36+4
 275 002a C968     		ldr	r1, [r1, #12]
 276 002c 2840     		ands	r0, r5
 277 002e 0243     		orrs	r2, r0
 278 0030 0A43     		orrs	r2, r1
 279 0032 8021     		movs	r1, #128
 280 0034 0901     		lsls	r1, r1, #4
 281 0036 0A43     		orrs	r2, r1
 282 0038 2000     		movs	r0, r4
 283 003a 5A60     		str	r2, [r3, #4]
 284 003c EFE7     		b	.L33
 285              	.L37:
 286 003e C046     		.align	2
 287              	.L36:
 288 0040 FFF7FFFF 		.word	-2049
 289 0044 FFF0FFFF 		.word	-3841
 291              		.section	.text.LL_USART_ClockStructInit,"ax",%progbits
 292              		.align	1
 293              		.global	LL_USART_ClockStructInit
ARM GAS  /tmp/ccdSIo8F.s 			page 6


 294              		.syntax unified
 295              		.code	16
 296              		.thumb_func
 297              		.fpu softvfp
 299              	LL_USART_ClockStructInit:
 300              		@ args = 0, pretend = 0, frame = 0
 301              		@ frame_needed = 0, uses_anonymous_args = 0
 302              		@ link register save eliminated.
 303 0000 0023     		movs	r3, #0
 304              		@ sp needed
 305 0002 0360     		str	r3, [r0]
 306 0004 4360     		str	r3, [r0, #4]
 307 0006 8360     		str	r3, [r0, #8]
 308 0008 C360     		str	r3, [r0, #12]
 309 000a 7047     		bx	lr
 311              		.ident	"GCC: (15:10.3-2021.07-4) 10.3.1 20210621 (release)"
ARM GAS  /tmp/ccdSIo8F.s 			page 7


DEFINED SYMBOLS
                            *ABS*:0000000000000000 stm32l0xx_ll_usart.c
     /tmp/ccdSIo8F.s:12     .text.LL_USART_DeInit:0000000000000000 $t
     /tmp/ccdSIo8F.s:20     .text.LL_USART_DeInit:0000000000000000 LL_USART_DeInit
     /tmp/ccdSIo8F.s:89     .text.LL_USART_DeInit:0000000000000070 $d
     /tmp/ccdSIo8F.s:101    .text.LL_USART_Init:0000000000000000 $t
     /tmp/ccdSIo8F.s:108    .text.LL_USART_Init:0000000000000000 LL_USART_Init
     /tmp/ccdSIo8F.s:205    .text.LL_USART_Init:00000000000000a8 $d
     /tmp/ccdSIo8F.s:215    .text.LL_USART_StructInit:0000000000000000 $t
     /tmp/ccdSIo8F.s:222    .text.LL_USART_StructInit:0000000000000000 LL_USART_StructInit
     /tmp/ccdSIo8F.s:241    .text.LL_USART_ClockInit:0000000000000000 $t
     /tmp/ccdSIo8F.s:248    .text.LL_USART_ClockInit:0000000000000000 LL_USART_ClockInit
     /tmp/ccdSIo8F.s:288    .text.LL_USART_ClockInit:0000000000000040 $d
     /tmp/ccdSIo8F.s:292    .text.LL_USART_ClockStructInit:0000000000000000 $t
     /tmp/ccdSIo8F.s:299    .text.LL_USART_ClockStructInit:0000000000000000 LL_USART_ClockStructInit

UNDEFINED SYMBOLS
__aeabi_uidiv
LL_RCC_GetUSARTClockFreq
LL_RCC_GetSystemClocksFreq
