ARM GAS  /tmp/cc43HGet.s 			page 1


   1              		.cpu cortex-m0plus
   2              		.eabi_attribute 23, 1
   3              		.eabi_attribute 24, 1
   4              		.eabi_attribute 25, 1
   5              		.eabi_attribute 26, 1
   6              		.eabi_attribute 30, 4
   7              		.eabi_attribute 34, 0
   8              		.eabi_attribute 18, 4
   9              		.file	"system_stm32l0xx.c"
  10              		.text
  11              		.section	.text.SystemInit,"ax",%progbits
  12              		.align	1
  13              		.global	SystemInit
  14              		.arch armv6s-m
  15              		.syntax unified
  16              		.code	16
  17              		.thumb_func
  18              		.fpu softvfp
  20              	SystemInit:
  21              		@ args = 0, pretend = 0, frame = 0
  22              		@ frame_needed = 0, uses_anonymous_args = 0
  23              		@ link register save eliminated.
  24              		@ sp needed
  25 0000 7047     		bx	lr
  27              		.global	__aeabi_uidiv
  28              		.global	__aeabi_idiv
  29              		.section	.text.SystemCoreClockUpdate,"ax",%progbits
  30              		.align	1
  31              		.global	SystemCoreClockUpdate
  32              		.syntax unified
  33              		.code	16
  34              		.thumb_func
  35              		.fpu softvfp
  37              	SystemCoreClockUpdate:
  38              		@ args = 0, pretend = 0, frame = 0
  39              		@ frame_needed = 0, uses_anonymous_args = 0
  40 0000 0C22     		movs	r2, #12
  41 0002 70B5     		push	{r4, r5, r6, lr}
  42 0004 1E4D     		ldr	r5, .L12
  43 0006 1F4C     		ldr	r4, .L12+4
  44 0008 EB68     		ldr	r3, [r5, #12]
  45 000a 1340     		ands	r3, r2
  46 000c 042B     		cmp	r3, #4
  47 000e 14D0     		beq	.L3
  48 0010 082B     		cmp	r3, #8
  49 0012 1AD0     		beq	.L4
  50 0014 002B     		cmp	r3, #0
  51 0016 1AD1     		bne	.L5
  52 0018 8022     		movs	r2, #128
  53 001a 6B68     		ldr	r3, [r5, #4]
  54 001c 1202     		lsls	r2, r2, #8
  55 001e 1B04     		lsls	r3, r3, #16
  56 0020 5B0F     		lsrs	r3, r3, #29
  57 0022 0133     		adds	r3, r3, #1
  58 0024 9A40     		lsls	r2, r2, r3
  59 0026 2260     		str	r2, [r4]
  60              	.L6:
ARM GAS  /tmp/cc43HGet.s 			page 2


  61 0028 EB68     		ldr	r3, [r5, #12]
  62 002a 174A     		ldr	r2, .L12+8
  63 002c 1B06     		lsls	r3, r3, #24
  64 002e 1B0F     		lsrs	r3, r3, #28
  65 0030 D35C     		ldrb	r3, [r2, r3]
  66 0032 2268     		ldr	r2, [r4]
  67              		@ sp needed
  68 0034 DA40     		lsrs	r2, r2, r3
  69 0036 2260     		str	r2, [r4]
  70 0038 70BD     		pop	{r4, r5, r6, pc}
  71              	.L3:
  72 003a 2B68     		ldr	r3, [r5]
  73 003c DB06     		lsls	r3, r3, #27
  74 003e 02D5     		bpl	.L7
  75 0040 124B     		ldr	r3, .L12+12
  76              	.L10:
  77 0042 2360     		str	r3, [r4]
  78 0044 F0E7     		b	.L6
  79              	.L7:
  80 0046 124B     		ldr	r3, .L12+16
  81 0048 FBE7     		b	.L10
  82              	.L4:
  83 004a 124B     		ldr	r3, .L12+20
  84 004c F9E7     		b	.L10
  85              	.L5:
  86 004e EB68     		ldr	r3, [r5, #12]
  87 0050 114A     		ldr	r2, .L12+24
  88 0052 E968     		ldr	r1, [r5, #12]
  89 0054 9B02     		lsls	r3, r3, #10
  90 0056 1B0F     		lsrs	r3, r3, #28
  91 0058 D35C     		ldrb	r3, [r2, r3]
  92 005a 0902     		lsls	r1, r1, #8
  93 005c EA68     		ldr	r2, [r5, #12]
  94 005e 890F     		lsrs	r1, r1, #30
  95 0060 0131     		adds	r1, r1, #1
  96 0062 D203     		lsls	r2, r2, #15
  97 0064 0AD4     		bmi	.L8
  98 0066 2A68     		ldr	r2, [r5]
  99 0068 D206     		lsls	r2, r2, #27
 100 006a 05D5     		bpl	.L9
 101 006c 0748     		ldr	r0, .L12+12
 102              	.L11:
 103 006e 5843     		muls	r0, r3
 104 0070 FFF7FEFF 		bl	__aeabi_uidiv
 105 0074 2060     		str	r0, [r4]
 106 0076 D7E7     		b	.L6
 107              	.L9:
 108 0078 0548     		ldr	r0, .L12+16
 109 007a F8E7     		b	.L11
 110              	.L8:
 111 007c 0548     		ldr	r0, .L12+20
 112 007e F6E7     		b	.L11
 113              	.L13:
 114              		.align	2
 115              	.L12:
 116 0080 00100240 		.word	1073876992
 117 0084 00000000 		.word	.LANCHOR0
ARM GAS  /tmp/cc43HGet.s 			page 3


 118 0088 00000000 		.word	.LANCHOR2
 119 008c 00093D00 		.word	4000000
 120 0090 0024F400 		.word	16000000
 121 0094 00127A00 		.word	8000000
 122 0098 00000000 		.word	.LANCHOR1
 124              		.global	PLLMulTable
 125              		.global	APBPrescTable
 126              		.global	AHBPrescTable
 127              		.global	SystemCoreClock
 128              		.section	.data.SystemCoreClock,"aw"
 129              		.align	2
 130              		.set	.LANCHOR0,. + 0
 133              	SystemCoreClock:
 134 0000 00002000 		.word	2097152
 135              		.section	.rodata.AHBPrescTable,"a"
 136              		.align	2
 137              		.set	.LANCHOR2,. + 0
 140              	AHBPrescTable:
 141 0000 00000000 		.ascii	"\000\000\000\000\000\000\000\000\001\002\003\004\006"
 141      00000000 
 141      01020304 
 141      06
 142 000d 070809   		.ascii	"\007\010\011"
 143              		.section	.rodata.APBPrescTable,"a"
 144              		.align	2
 147              	APBPrescTable:
 148 0000 00000000 		.ascii	"\000\000\000\000\001\002\003\004"
 148      01020304 
 149              		.section	.rodata.PLLMulTable,"a"
 150              		.align	2
 151              		.set	.LANCHOR1,. + 0
 154              	PLLMulTable:
 155 0000 03040608 		.ascii	"\003\004\006\010\014\020\030 0"
 155      0C101820 
 155      30
 156              		.ident	"GCC: (15:10.3-2021.07-4) 10.3.1 20210621 (release)"
ARM GAS  /tmp/cc43HGet.s 			page 4


DEFINED SYMBOLS
                            *ABS*:0000000000000000 system_stm32l0xx.c
     /tmp/cc43HGet.s:12     .text.SystemInit:0000000000000000 $t
     /tmp/cc43HGet.s:20     .text.SystemInit:0000000000000000 SystemInit
     /tmp/cc43HGet.s:30     .text.SystemCoreClockUpdate:0000000000000000 $t
     /tmp/cc43HGet.s:37     .text.SystemCoreClockUpdate:0000000000000000 SystemCoreClockUpdate
     /tmp/cc43HGet.s:116    .text.SystemCoreClockUpdate:0000000000000080 $d
     /tmp/cc43HGet.s:154    .rodata.PLLMulTable:0000000000000000 PLLMulTable
     /tmp/cc43HGet.s:147    .rodata.APBPrescTable:0000000000000000 APBPrescTable
     /tmp/cc43HGet.s:140    .rodata.AHBPrescTable:0000000000000000 AHBPrescTable
     /tmp/cc43HGet.s:133    .data.SystemCoreClock:0000000000000000 SystemCoreClock
     /tmp/cc43HGet.s:129    .data.SystemCoreClock:0000000000000000 $d
     /tmp/cc43HGet.s:136    .rodata.AHBPrescTable:0000000000000000 $d
     /tmp/cc43HGet.s:144    .rodata.APBPrescTable:0000000000000000 $d
     /tmp/cc43HGet.s:150    .rodata.PLLMulTable:0000000000000000 $d

UNDEFINED SYMBOLS
__aeabi_uidiv
__aeabi_idiv
