ARM GAS  /tmp/cc4j9UFg.s 			page 1


   1              		.cpu cortex-m0plus
   2              		.eabi_attribute 23, 1
   3              		.eabi_attribute 24, 1
   4              		.eabi_attribute 25, 1
   5              		.eabi_attribute 26, 1
   6              		.eabi_attribute 30, 4
   7              		.eabi_attribute 34, 0
   8              		.eabi_attribute 18, 4
   9              		.file	"smtc_lbt.c"
  10              		.text
  11              		.section	.text.smtc_lbt_rp_callback,"ax",%progbits
  12              		.align	1
  13              		.global	smtc_lbt_rp_callback
  14              		.arch armv6s-m
  15              		.syntax unified
  16              		.code	16
  17              		.thumb_func
  18              		.fpu softvfp
  20              	smtc_lbt_rp_callback:
  21              		@ args = 0, pretend = 0, frame = 8
  22              		@ frame_needed = 0, uses_anonymous_args = 0
  23 0000 73B5     		push	{r0, r1, r4, r5, r6, lr}
  24 0002 6B46     		mov	r3, sp
  25 0004 DE1C     		adds	r6, r3, #3
  26 0006 0100     		movs	r1, r0
  27 0008 0400     		movs	r4, r0
  28 000a 3200     		movs	r2, r6
  29 000c 0068     		ldr	r0, [r0]
  30 000e FFF7FEFF 		bl	rp_hook_get_id
  31 0012 6B46     		mov	r3, sp
  32 0014 9D1C     		adds	r5, r3, #2
  33 0016 2B00     		movs	r3, r5
  34 0018 3178     		ldrb	r1, [r6]
  35 001a 2068     		ldr	r0, [r4]
  36 001c 01AA     		add	r2, sp, #4
  37 001e FFF7FEFF 		bl	rp_get_status
  38 0022 2B78     		ldrb	r3, [r5]
  39 0024 062B     		cmp	r3, #6
  40 0026 03D1     		bne	.L2
  41 0028 A369     		ldr	r3, [r4, #24]
  42 002a E069     		ldr	r0, [r4, #28]
  43              	.L6:
  44 002c 9847     		blx	r3
  45              		@ sp needed
  46 002e 73BD     		pop	{r0, r1, r4, r5, r6, pc}
  47              	.L2:
  48 0030 072B     		cmp	r3, #7
  49 0032 02D1     		bne	.L4
  50 0034 237D     		ldrb	r3, [r4, #20]
  51 0036 002B     		cmp	r3, #0
  52 0038 02D0     		beq	.L5
  53              	.L4:
  54 003a A36A     		ldr	r3, [r4, #40]
  55 003c E06A     		ldr	r0, [r4, #44]
  56 003e F5E7     		b	.L6
  57              	.L5:
  58 0040 236A     		ldr	r3, [r4, #32]
ARM GAS  /tmp/cc4j9UFg.s 			page 2


  59 0042 606A     		ldr	r0, [r4, #36]
  60 0044 F2E7     		b	.L6
  62              		.section	.rodata.smtc_lbt_launch_callback_for_rp.str1.1,"aMS",%progbits,1
  63              	.LC0:
  64 0000 72616C5F 		.ascii	"ral_set_pkt_type( &( rp->radio->ral ), rp->radio_pa"
  64      7365745F 
  64      706B745F 
  64      74797065 
  64      28202628 
  65 0033 72616D73 		.ascii	"rams[id].pkt_type ) == RAL_STATUS_OK\000"
  65      5B69645D 
  65      2E706B74 
  65      5F747970 
  65      65202920 
  66              	.LC3:
  67 0058 72616C5F 		.ascii	"ral_set_rf_freq( &( rp->radio->ral ), rp->radio_par"
  67      7365745F 
  67      72665F66 
  67      72657128 
  67      20262820 
  68 008b 616D735B 		.ascii	"ams[id].rx.gfsk.rf_freq_in_hz ) == RAL_STATUS_OK\000"
  68      69645D2E 
  68      72782E67 
  68      66736B2E 
  68      72665F66 
  69              	.LC5:
  70 00bc 72616C5F 		.ascii	"ral_set_gfsk_mod_params( &( rp->radio->ral ), &rp->"
  70      7365745F 
  70      6766736B 
  70      5F6D6F64 
  70      5F706172 
  71 00ef 72616469 		.ascii	"radio_params[id].rx.gfsk.mod_params ) == RAL_STATUS"
  71      6F5F7061 
  71      72616D73 
  71      5B69645D 
  71      2E72782E 
  72 0122 5F4F4B00 		.ascii	"_OK\000"
  73              	.LC7:
  74 0126 72616C5F 		.ascii	"ral_set_dio_irq_params( &( rp->radio->ral ), RAL_IR"
  74      7365745F 
  74      64696F5F 
  74      6972715F 
  74      70617261 
  75 0159 515F4E4F 		.ascii	"Q_NONE ) == RAL_STATUS_OK\000"
  75      4E452029 
  75      203D3D20 
  75      52414C5F 
  75      53544154 
  76              	.LC9:
  77 0173 72616C5F 		.ascii	"ral_set_rx( &( rp->radio->ral ), RAL_RX_TIMEOUT_CON"
  77      7365745F 
  77      72782820 
  77      26282072 
  77      702D3E72 
  78 01a6 54494E55 		.ascii	"TINUOUS_MODE ) == RAL_STATUS_OK\000"
  78      4F55535F 
  78      4D4F4445 
ARM GAS  /tmp/cc4j9UFg.s 			page 3


  78      2029203D 
  78      3D205241 
  79              	.LC11:
  80 01c6 72616C5F 		.ascii	"ral_get_rssi_inst( &( rp->radio->ral ), &rssi_tmp )"
  80      6765745F 
  80      72737369 
  80      5F696E73 
  80      74282026 
  81 01f9 203D3D20 		.ascii	" == RAL_STATUS_OK\000"
  81      52414C5F 
  81      53544154 
  81      55535F4F 
  81      4B00
  82              		.section	.text.smtc_lbt_launch_callback_for_rp,"ax",%progbits
  83              		.align	1
  84              		.global	smtc_lbt_launch_callback_for_rp
  85              		.syntax unified
  86              		.code	16
  87              		.thumb_func
  88              		.fpu softvfp
  90              	smtc_lbt_launch_callback_for_rp:
  91              		@ args = 0, pretend = 0, frame = 16
  92              		@ frame_needed = 0, uses_anonymous_args = 0
  93 0000 9323     		movs	r3, #147
  94 0002 F0B5     		push	{r4, r5, r6, r7, lr}
  95 0004 DB00     		lsls	r3, r3, #3
  96 0006 85B0     		sub	sp, sp, #20
  97 0008 C55C     		ldrb	r5, [r0, r3]
  98 000a 0400     		movs	r4, r0
  99 000c FFF7FEFF 		bl	smtc_modem_hal_start_radio_tcxo
 100 0010 0020     		movs	r0, #0
 101 0012 FFF7FEFF 		bl	smtc_modem_hal_set_ant_switch
 102 0016 8C23     		movs	r3, #140
 103 0018 9826     		movs	r6, #152
 104 001a 6B43     		muls	r3, r5
 105 001c F600     		lsls	r6, r6, #3
 106 001e A259     		ldr	r2, [r4, r6]
 107 0020 E318     		adds	r3, r4, r3
 108 0022 197E     		ldrb	r1, [r3, #24]
 109 0024 1068     		ldr	r0, [r2]
 110 0026 936E     		ldr	r3, [r2, #104]
 111 0028 9847     		blx	r3
 112 002a 0028     		cmp	r0, #0
 113 002c 04D0     		beq	.L8
 114 002e 6E21     		movs	r1, #110
 115 0030 4A4A     		ldr	r2, .L39
 116 0032 4B48     		ldr	r0, .L39+4
 117 0034 FFF7FEFF 		bl	smtc_modem_hal_on_panic
 118              	.L8:
 119 0038 8C23     		movs	r3, #140
 120 003a 6B43     		muls	r3, r5
 121 003c A259     		ldr	r2, [r4, r6]
 122 003e E318     		adds	r3, r4, r3
 123 0040 566E     		ldr	r6, [r2, #100]
 124 0042 996E     		ldr	r1, [r3, #104]
 125 0044 1068     		ldr	r0, [r2]
 126 0046 B047     		blx	r6
ARM GAS  /tmp/cc4j9UFg.s 			page 4


 127 0048 0028     		cmp	r0, #0
 128 004a 04D0     		beq	.L9
 129 004c 7021     		movs	r1, #112
 130 004e 454A     		ldr	r2, .L39+8
 131 0050 4348     		ldr	r0, .L39+4
 132 0052 FFF7FEFF 		bl	smtc_modem_hal_on_panic
 133              	.L9:
 134 0056 8C21     		movs	r1, #140
 135 0058 9826     		movs	r6, #152
 136 005a 6943     		muls	r1, r5
 137 005c F600     		lsls	r6, r6, #3
 138 005e A359     		ldr	r3, [r4, r6]
 139 0060 4831     		adds	r1, r1, #72
 140 0062 1A6F     		ldr	r2, [r3, #112]
 141 0064 1868     		ldr	r0, [r3]
 142 0066 6118     		adds	r1, r4, r1
 143 0068 9047     		blx	r2
 144 006a 0028     		cmp	r0, #0
 145 006c 04D0     		beq	.L10
 146 006e 7221     		movs	r1, #114
 147 0070 3D4A     		ldr	r2, .L39+12
 148 0072 3B48     		ldr	r0, .L39+4
 149 0074 FFF7FEFF 		bl	smtc_modem_hal_on_panic
 150              	.L10:
 151 0078 A359     		ldr	r3, [r4, r6]
 152 007a 0021     		movs	r1, #0
 153 007c 1A6E     		ldr	r2, [r3, #96]
 154 007e 1868     		ldr	r0, [r3]
 155 0080 9047     		blx	r2
 156 0082 0028     		cmp	r0, #0
 157 0084 04D0     		beq	.L11
 158 0086 7421     		movs	r1, #116
 159 0088 384A     		ldr	r2, .L39+16
 160 008a 3548     		ldr	r0, .L39+4
 161 008c FFF7FEFF 		bl	smtc_modem_hal_on_panic
 162              	.L11:
 163 0090 9823     		movs	r3, #152
 164 0092 0121     		movs	r1, #1
 165 0094 DB00     		lsls	r3, r3, #3
 166 0096 E358     		ldr	r3, [r4, r3]
 167 0098 4942     		rsbs	r1, r1, #0
 168 009a 5A6A     		ldr	r2, [r3, #36]
 169 009c 1868     		ldr	r0, [r3]
 170 009e 9047     		blx	r2
 171 00a0 0028     		cmp	r0, #0
 172 00a2 04D0     		beq	.L12
 173 00a4 7521     		movs	r1, #117
 174 00a6 324A     		ldr	r2, .L39+20
 175 00a8 2D48     		ldr	r0, .L39+4
 176 00aa FFF7FEFF 		bl	smtc_modem_hal_on_panic
 177              	.L12:
 178 00ae FFF7FEFF 		bl	smtc_modem_hal_get_time_in_ms
 179 00b2 0090     		str	r0, [sp]
 180              	.L13:
 181 00b4 FFF7FEFF 		bl	smtc_modem_hal_get_time_in_ms
 182 00b8 009B     		ldr	r3, [sp]
 183 00ba 0233     		adds	r3, r3, #2
ARM GAS  /tmp/cc4j9UFg.s 			page 5


 184 00bc 1B1A     		subs	r3, r3, r0
 185 00be 002B     		cmp	r3, #0
 186 00c0 F8DC     		bgt	.L13
 187 00c2 FFF7FEFF 		bl	smtc_modem_hal_get_time_in_ms
 188 00c6 8E23     		movs	r3, #142
 189 00c8 DB00     		lsls	r3, r3, #3
 190 00ca E318     		adds	r3, r4, r3
 191 00cc 8C26     		movs	r6, #140
 192 00ce 1860     		str	r0, [r3]
 193 00d0 2B00     		movs	r3, r5
 194 00d2 6E43     		muls	r6, r5
 195 00d4 DE33     		adds	r3, r3, #222
 196 00d6 9B00     		lsls	r3, r3, #2
 197 00d8 E318     		adds	r3, r4, r3
 198 00da 0193     		str	r3, [sp, #4]
 199 00dc A619     		adds	r6, r4, r6
 200              	.L17:
 201 00de 9823     		movs	r3, #152
 202 00e0 DB00     		lsls	r3, r3, #3
 203 00e2 E358     		ldr	r3, [r4, r3]
 204 00e4 02AA     		add	r2, sp, #8
 205 00e6 971D     		adds	r7, r2, #6
 206 00e8 1A00     		movs	r2, r3
 207 00ea 9C32     		adds	r2, r2, #156
 208 00ec 3900     		movs	r1, r7
 209 00ee 1268     		ldr	r2, [r2]
 210 00f0 1868     		ldr	r0, [r3]
 211 00f2 9047     		blx	r2
 212 00f4 0028     		cmp	r0, #0
 213 00f6 04D0     		beq	.L14
 214 00f8 7F21     		movs	r1, #127
 215 00fa 1E4A     		ldr	r2, .L39+24
 216 00fc 1848     		ldr	r0, .L39+4
 217 00fe FFF7FEFF 		bl	smtc_modem_hal_on_panic
 218              	.L14:
 219 0102 019B     		ldr	r3, [sp, #4]
 220 0104 0021     		movs	r1, #0
 221 0106 7A5E     		ldrsh	r2, [r7, r1]
 222 0108 5B68     		ldr	r3, [r3, #4]
 223 010a 596B     		ldr	r1, [r3, #52]
 224 010c 1A86     		strh	r2, [r3, #48]
 225 010e 8918     		adds	r1, r1, r2
 226 0110 5963     		str	r1, [r3, #52]
 227 0112 996B     		ldr	r1, [r3, #56]
 228 0114 0131     		adds	r1, r1, #1
 229 0116 9963     		str	r1, [r3, #56]
 230 0118 3300     		movs	r3, r6
 231 011a 8833     		adds	r3, r3, #136
 232 011c 0021     		movs	r1, #0
 233 011e 5B5E     		ldrsh	r3, [r3, r1]
 234 0120 9342     		cmp	r3, r2
 235 0122 0DDC     		bgt	.L15
 236 0124 E423     		movs	r3, #228
 237 0126 6519     		adds	r5, r4, r5
 238 0128 9B00     		lsls	r3, r3, #2
 239 012a ED18     		adds	r5, r5, r3
 240 012c 0723     		movs	r3, #7
ARM GAS  /tmp/cc4j9UFg.s 			page 6


 241              	.L38:
 242 012e 2000     		movs	r0, r4
 243 0130 2B70     		strb	r3, [r5]
 244 0132 FFF7FEFF 		bl	rp_radio_irq_callback
 245 0136 2000     		movs	r0, r4
 246 0138 FFF7FEFF 		bl	rp_callback
 247 013c 05B0     		add	sp, sp, #20
 248              		@ sp needed
 249 013e F0BD     		pop	{r4, r5, r6, r7, pc}
 250              	.L15:
 251 0140 009B     		ldr	r3, [sp]
 252 0142 726F     		ldr	r2, [r6, #116]
 253 0144 9F18     		adds	r7, r3, r2
 254 0146 FFF7FEFF 		bl	smtc_modem_hal_get_time_in_ms
 255 014a 3F1A     		subs	r7, r7, r0
 256 014c 002F     		cmp	r7, #0
 257 014e C6DC     		bgt	.L17
 258 0150 E423     		movs	r3, #228
 259 0152 6519     		adds	r5, r4, r5
 260 0154 9B00     		lsls	r3, r3, #2
 261 0156 ED18     		adds	r5, r5, r3
 262 0158 0623     		movs	r3, #6
 263 015a E8E7     		b	.L38
 264              	.L40:
 265              		.align	2
 266              	.L39:
 267 015c 00000000 		.word	.LC0
 268 0160 00000000 		.word	.LANCHOR0
 269 0164 58000000 		.word	.LC3
 270 0168 BC000000 		.word	.LC5
 271 016c 26010000 		.word	.LC7
 272 0170 73010000 		.word	.LC9
 273 0174 C6010000 		.word	.LC11
 275              		.section	.rodata.smtc_lbt_init.str1.1,"aMS",%progbits,1
 276              	.LC13:
 277 0000 6C627420 		.ascii	"lbt bad init\012\000"
 277      62616420 
 277      696E6974 
 277      0A00
 278              		.section	.text.smtc_lbt_init,"ax",%progbits
 279              		.align	1
 280              		.global	smtc_lbt_init
 281              		.syntax unified
 282              		.code	16
 283              		.thumb_func
 284              		.fpu softvfp
 286              	smtc_lbt_init:
 287              		@ args = 20, pretend = 0, frame = 0
 288              		@ frame_needed = 0, uses_anonymous_args = 0
 289 0000 F8B5     		push	{r3, r4, r5, r6, r7, lr}
 290 0002 0400     		movs	r4, r0
 291 0004 0E00     		movs	r6, r1
 292 0006 1700     		movs	r7, r2
 293 0008 1D1E     		subs	r5, r3, #0
 294 000a 05D0     		beq	.L42
 295 000c 079B     		ldr	r3, [sp, #28]
 296 000e 002B     		cmp	r3, #0
ARM GAS  /tmp/cc4j9UFg.s 			page 7


 297 0010 02D0     		beq	.L42
 298 0012 099B     		ldr	r3, [sp, #36]
 299 0014 002B     		cmp	r3, #0
 300 0016 04D1     		bne	.L43
 301              	.L42:
 302 0018 3521     		movs	r1, #53
 303 001a 154A     		ldr	r2, .L50
 304 001c 1548     		ldr	r0, .L50+4
 305 001e FFF7FEFF 		bl	smtc_modem_hal_on_panic
 306              	.L43:
 307              		@ sp needed
 308 0022 069B     		ldr	r3, [sp, #24]
 309 0024 2200     		movs	r2, r4
 310 0026 E361     		str	r3, [r4, #28]
 311 0028 079B     		ldr	r3, [sp, #28]
 312 002a 3C32     		adds	r2, r2, #60
 313 002c 2362     		str	r3, [r4, #32]
 314 002e 089B     		ldr	r3, [sp, #32]
 315 0030 2660     		str	r6, [r4]
 316 0032 6362     		str	r3, [r4, #36]
 317 0034 099B     		ldr	r3, [sp, #36]
 318 0036 2771     		strb	r7, [r4, #4]
 319 0038 A362     		str	r3, [r4, #40]
 320 003a 0A9B     		ldr	r3, [sp, #40]
 321 003c A561     		str	r5, [r4, #24]
 322 003e E362     		str	r3, [r4, #44]
 323 0040 0023     		movs	r3, #0
 324 0042 2386     		strh	r3, [r4, #48]
 325 0044 6363     		str	r3, [r4, #52]
 326 0046 A363     		str	r3, [r4, #56]
 327 0048 2375     		strb	r3, [r4, #20]
 328 004a 1370     		strb	r3, [r2]
 329 004c 0533     		adds	r3, r3, #5
 330 004e A360     		str	r3, [r4, #8]
 331 0050 553B     		subs	r3, r3, #85
 332 0052 A381     		strh	r3, [r4, #12]
 333 0054 084B     		ldr	r3, .L50+8
 334 0056 3900     		movs	r1, r7
 335 0058 3000     		movs	r0, r6
 336 005a 2361     		str	r3, [r4, #16]
 337 005c FFF7FEFF 		bl	rp_release_hook
 338 0060 3900     		movs	r1, r7
 339 0062 3000     		movs	r0, r6
 340 0064 2300     		movs	r3, r4
 341 0066 054A     		ldr	r2, .L50+12
 342 0068 FFF7FEFF 		bl	rp_hook_init
 343 006c F8BD     		pop	{r3, r4, r5, r6, r7, pc}
 344              	.L51:
 345 006e C046     		.align	2
 346              	.L50:
 347 0070 00000000 		.word	.LC13
 348 0074 00000000 		.word	.LANCHOR1
 349 0078 400D0300 		.word	200000
 350 007c 00000000 		.word	smtc_lbt_rp_callback
 352              		.section	.text.smtc_lbt_set_parameters,"ax",%progbits
 353              		.align	1
 354              		.global	smtc_lbt_set_parameters
ARM GAS  /tmp/cc4j9UFg.s 			page 8


 355              		.syntax unified
 356              		.code	16
 357              		.thumb_func
 358              		.fpu softvfp
 360              	smtc_lbt_set_parameters:
 361              		@ args = 0, pretend = 0, frame = 0
 362              		@ frame_needed = 0, uses_anonymous_args = 0
 363 0000 10B5     		push	{r4, lr}
 364 0002 0024     		movs	r4, #0
 365              		@ sp needed
 366 0004 0231     		adds	r1, r1, #2
 367 0006 0486     		strh	r4, [r0, #48]
 368 0008 4463     		str	r4, [r0, #52]
 369 000a 8463     		str	r4, [r0, #56]
 370 000c 8160     		str	r1, [r0, #8]
 371 000e 8281     		strh	r2, [r0, #12]
 372 0010 0361     		str	r3, [r0, #16]
 373 0012 10BD     		pop	{r4, pc}
 375              		.section	.text.smtc_lbt_get_parameters,"ax",%progbits
 376              		.align	1
 377              		.global	smtc_lbt_get_parameters
 378              		.syntax unified
 379              		.code	16
 380              		.thumb_func
 381              		.fpu softvfp
 383              	smtc_lbt_get_parameters:
 384              		@ args = 0, pretend = 0, frame = 0
 385              		@ frame_needed = 0, uses_anonymous_args = 0
 386 0000 10B5     		push	{r4, lr}
 387 0002 8468     		ldr	r4, [r0, #8]
 388              		@ sp needed
 389 0004 023C     		subs	r4, r4, #2
 390 0006 0C60     		str	r4, [r1]
 391 0008 0C24     		movs	r4, #12
 392 000a 015F     		ldrsh	r1, [r0, r4]
 393 000c 1180     		strh	r1, [r2]
 394 000e 0269     		ldr	r2, [r0, #16]
 395 0010 1A60     		str	r2, [r3]
 396 0012 10BD     		pop	{r4, pc}
 398              		.section	.text.smtc_lbt_set_state,"ax",%progbits
 399              		.align	1
 400              		.global	smtc_lbt_set_state
 401              		.syntax unified
 402              		.code	16
 403              		.thumb_func
 404              		.fpu softvfp
 406              	smtc_lbt_set_state:
 407              		@ args = 0, pretend = 0, frame = 0
 408              		@ frame_needed = 0, uses_anonymous_args = 0
 409              		@ link register save eliminated.
 410 0000 3C30     		adds	r0, r0, #60
 411 0002 0170     		strb	r1, [r0]
 412              		@ sp needed
 413 0004 7047     		bx	lr
 415              		.section	.text.smtc_lbt_get_state,"ax",%progbits
 416              		.align	1
 417              		.global	smtc_lbt_get_state
ARM GAS  /tmp/cc4j9UFg.s 			page 9


 418              		.syntax unified
 419              		.code	16
 420              		.thumb_func
 421              		.fpu softvfp
 423              	smtc_lbt_get_state:
 424              		@ args = 0, pretend = 0, frame = 0
 425              		@ frame_needed = 0, uses_anonymous_args = 0
 426              		@ link register save eliminated.
 427 0000 3C30     		adds	r0, r0, #60
 428 0002 0078     		ldrb	r0, [r0]
 429              		@ sp needed
 430 0004 7047     		bx	lr
 432              		.section	.rodata.smtc_lbt_listen_channel.str1.1,"aMS",%progbits,1
 433              	.LC17:
 434 0000 6C62745F 		.ascii	"lbt_obj bad initialization \012\000"
 434      6F626A20 
 434      62616420 
 434      696E6974 
 434      69616C69 
 435              	.LC20:
 436 001d 72616469 		.ascii	"radio planner isn't initialized for lbt obj \012\000"
 436      6F20706C 
 436      616E6E65 
 436      72206973 
 436      6E277420 
 437              		.section	.text.smtc_lbt_listen_channel,"ax",%progbits
 438              		.align	1
 439              		.global	smtc_lbt_listen_channel
 440              		.syntax unified
 441              		.code	16
 442              		.thumb_func
 443              		.fpu softvfp
 445              	smtc_lbt_listen_channel:
 446              		@ args = 4, pretend = 0, frame = 224
 447              		@ frame_needed = 0, uses_anonymous_args = 0
 448 0000 F0B5     		push	{r4, r5, r6, r7, lr}
 449 0002 BBB0     		sub	sp, sp, #236
 450 0004 0293     		str	r3, [sp, #8]
 451 0006 8369     		ldr	r3, [r0, #24]
 452 0008 0500     		movs	r5, r0
 453 000a 1700     		movs	r7, r2
 454 000c 0391     		str	r1, [sp, #12]
 455 000e 0275     		strb	r2, [r0, #20]
 456 0010 002B     		cmp	r3, #0
 457 0012 05D0     		beq	.L57
 458 0014 036A     		ldr	r3, [r0, #32]
 459 0016 002B     		cmp	r3, #0
 460 0018 02D0     		beq	.L57
 461 001a 836A     		ldr	r3, [r0, #40]
 462 001c 002B     		cmp	r3, #0
 463 001e 04D1     		bne	.L58
 464              	.L57:
 465 0020 9A21     		movs	r1, #154
 466 0022 374A     		ldr	r2, .L76
 467 0024 3748     		ldr	r0, .L76+4
 468 0026 FFF7FEFF 		bl	smtc_modem_hal_on_panic
 469              	.L58:
ARM GAS  /tmp/cc4j9UFg.s 			page 10


 470 002a 06AE     		add	r6, sp, #24
 471 002c 1822     		movs	r2, #24
 472 002e 0021     		movs	r1, #0
 473 0030 3000     		movs	r0, r6
 474 0032 FFF7FEFF 		bl	memset
 475 0036 8C22     		movs	r2, #140
 476 0038 0021     		movs	r1, #0
 477 003a 17A8     		add	r0, sp, #92
 478 003c FFF7FEFF 		bl	memset
 479 0040 0CAC     		add	r4, sp, #48
 480 0042 1822     		movs	r2, #24
 481 0044 0021     		movs	r1, #0
 482 0046 3000     		movs	r0, r6
 483 0048 FFF7FEFF 		bl	memset
 484 004c 2C22     		movs	r2, #44
 485 004e 0021     		movs	r1, #0
 486 0050 2000     		movs	r0, r4
 487 0052 FFF7FEFF 		bl	memset
 488 0056 039B     		ldr	r3, [sp, #12]
 489 0058 5421     		movs	r1, #84
 490 005a 1493     		str	r3, [sp, #80]
 491 005c 0123     		movs	r3, #1
 492 005e 6376     		strb	r3, [r4, #25]
 493 0060 2B69     		ldr	r3, [r5, #16]
 494 0062 5A08     		lsrs	r2, r3, #1
 495 0064 0C92     		str	r2, [sp, #48]
 496 0066 0E93     		str	r3, [sp, #56]
 497 0068 9A08     		lsrs	r2, r3, #2
 498 006a 0423     		movs	r3, #4
 499 006c 2373     		strb	r3, [r4, #12]
 500 006e 0023     		movs	r3, #0
 501 0070 0D92     		str	r2, [sp, #52]
 502 0072 02AA     		add	r2, sp, #8
 503 0074 5218     		adds	r2, r2, r1
 504 0076 1370     		strb	r3, [r2]
 505 0078 23AB     		add	r3, sp, #140
 506 007a 07CC     		ldmia	r4!, {r0, r1, r2}
 507 007c 07C3     		stmia	r3!, {r0, r1, r2}
 508 007e 07CC     		ldmia	r4!, {r0, r1, r2}
 509 0080 07C3     		stmia	r3!, {r0, r1, r2}
 510 0082 07CC     		ldmia	r4!, {r0, r1, r2}
 511 0084 07C3     		stmia	r3!, {r0, r1, r2}
 512 0086 06CC     		ldmia	r4!, {r1, r2}
 513 0088 06C3     		stmia	r3!, {r1, r2}
 514 008a 0F24     		movs	r4, #15
 515 008c AB68     		ldr	r3, [r5, #8]
 516 008e 2900     		movs	r1, r5
 517 0090 2E93     		str	r3, [sp, #184]
 518 0092 AA89     		ldrh	r2, [r5, #12]
 519 0094 33AB     		add	r3, sp, #204
 520 0096 1A80     		strh	r2, [r3]
 521 0098 02AB     		add	r3, sp, #8
 522 009a E418     		adds	r4, r4, r3
 523 009c 2200     		movs	r2, r4
 524 009e 2868     		ldr	r0, [r5]
 525 00a0 FFF7FEFF 		bl	rp_hook_get_id
 526 00a4 0028     		cmp	r0, #0
ARM GAS  /tmp/cc4j9UFg.s 			page 11


 527 00a6 04D0     		beq	.L59
 528 00a8 B421     		movs	r1, #180
 529 00aa 174A     		ldr	r2, .L76+8
 530 00ac 1548     		ldr	r0, .L76+4
 531 00ae FFF7FEFF 		bl	smtc_modem_hal_on_panic
 532              	.L59:
 533 00b2 2378     		ldrb	r3, [r4]
 534 00b4 AC68     		ldr	r4, [r5, #8]
 535 00b6 3370     		strb	r3, [r6]
 536 00b8 409B     		ldr	r3, [sp, #256]
 537 00ba E218     		adds	r2, r4, r3
 538 00bc 7261     		str	r2, [r6, #20]
 539 00be 0C22     		movs	r2, #12
 540 00c0 7270     		strb	r2, [r6, #1]
 541 00c2 124A     		ldr	r2, .L76+12
 542 00c4 029B     		ldr	r3, [sp, #8]
 543 00c6 7260     		str	r2, [r6, #4]
 544 00c8 002F     		cmp	r7, #0
 545 00ca 15D0     		beq	.L60
 546 00cc 1C1B     		subs	r4, r3, r4
 547 00ce FFF7FEFF 		bl	smtc_modem_hal_get_radio_tcxo_startup_delay_ms
 548 00d2 0023     		movs	r3, #0
 549 00d4 201A     		subs	r0, r4, r0
 550 00d6 F060     		str	r0, [r6, #12]
 551              	.L75:
 552 00d8 B372     		strb	r3, [r6, #10]
 553 00da 17AB     		add	r3, sp, #92
 554 00dc 0093     		str	r3, [sp]
 555 00de 0023     		movs	r3, #0
 556 00e0 3100     		movs	r1, r6
 557 00e2 1A00     		movs	r2, r3
 558 00e4 2868     		ldr	r0, [r5]
 559 00e6 FFF7FEFF 		bl	rp_task_enqueue
 560 00ea 0028     		cmp	r0, #0
 561 00ec 02D0     		beq	.L56
 562 00ee AB6A     		ldr	r3, [r5, #40]
 563 00f0 E86A     		ldr	r0, [r5, #44]
 564 00f2 9847     		blx	r3
 565              	.L56:
 566 00f4 3BB0     		add	sp, sp, #236
 567              		@ sp needed
 568 00f6 F0BD     		pop	{r4, r5, r6, r7, pc}
 569              	.L60:
 570 00f8 F360     		str	r3, [r6, #12]
 571 00fa 0123     		movs	r3, #1
 572 00fc ECE7     		b	.L75
 573              	.L77:
 574 00fe C046     		.align	2
 575              	.L76:
 576 0100 00000000 		.word	.LC17
 577 0104 00000000 		.word	.LANCHOR2
 578 0108 1D000000 		.word	.LC20
 579 010c 00000000 		.word	smtc_lbt_launch_callback_for_rp
 581              		.section	.text.smtc_lbt_get_obj,"ax",%progbits
 582              		.align	1
 583              		.global	smtc_lbt_get_obj
 584              		.syntax unified
ARM GAS  /tmp/cc4j9UFg.s 			page 12


 585              		.code	16
 586              		.thumb_func
 587              		.fpu softvfp
 589              	smtc_lbt_get_obj:
 590              		@ args = 0, pretend = 0, frame = 0
 591              		@ frame_needed = 0, uses_anonymous_args = 0
 592              		@ link register save eliminated.
 593 0000 0300     		movs	r3, r0
 594              		@ sp needed
 595 0002 5A42     		rsbs	r2, r3, #0
 596 0004 5341     		adcs	r3, r3, r2
 597 0006 0248     		ldr	r0, .L81
 598 0008 5B42     		rsbs	r3, r3, #0
 599 000a 1840     		ands	r0, r3
 600 000c 7047     		bx	lr
 601              	.L82:
 602 000e C046     		.align	2
 603              	.L81:
 604 0010 00000000 		.word	.LANCHOR3
 606              		.section	.bss.lbt_obj_declare,"aw",%nobits
 607              		.align	2
 608              		.set	.LANCHOR3,. + 0
 611              	lbt_obj_declare:
 612 0000 00000000 		.space	64
 612      00000000 
 612      00000000 
 612      00000000 
 612      00000000 
 613              		.section	.rodata.__func__.0,"a"
 614              		.set	.LANCHOR2,. + 0
 617              	__func__.0:
 618 0000 736D7463 		.ascii	"smtc_lbt_listen_channel\000"
 618      5F6C6274 
 618      5F6C6973 
 618      74656E5F 
 618      6368616E 
 619              		.section	.rodata.__func__.1,"a"
 620              		.set	.LANCHOR0,. + 0
 623              	__func__.1:
 624 0000 736D7463 		.ascii	"smtc_lbt_launch_callback_for_rp\000"
 624      5F6C6274 
 624      5F6C6175 
 624      6E63685F 
 624      63616C6C 
 625              		.section	.rodata.__func__.2,"a"
 626              		.set	.LANCHOR1,. + 0
 629              	__func__.2:
 630 0000 736D7463 		.ascii	"smtc_lbt_init\000"
 630      5F6C6274 
 630      5F696E69 
 630      7400
 631              		.ident	"GCC: (15:10.3-2021.07-4) 10.3.1 20210621 (release)"
ARM GAS  /tmp/cc4j9UFg.s 			page 13


DEFINED SYMBOLS
                            *ABS*:0000000000000000 smtc_lbt.c
     /tmp/cc4j9UFg.s:12     .text.smtc_lbt_rp_callback:0000000000000000 $t
     /tmp/cc4j9UFg.s:20     .text.smtc_lbt_rp_callback:0000000000000000 smtc_lbt_rp_callback
     /tmp/cc4j9UFg.s:83     .text.smtc_lbt_launch_callback_for_rp:0000000000000000 $t
     /tmp/cc4j9UFg.s:90     .text.smtc_lbt_launch_callback_for_rp:0000000000000000 smtc_lbt_launch_callback_for_rp
     /tmp/cc4j9UFg.s:267    .text.smtc_lbt_launch_callback_for_rp:000000000000015c $d
     /tmp/cc4j9UFg.s:279    .text.smtc_lbt_init:0000000000000000 $t
     /tmp/cc4j9UFg.s:286    .text.smtc_lbt_init:0000000000000000 smtc_lbt_init
     /tmp/cc4j9UFg.s:347    .text.smtc_lbt_init:0000000000000070 $d
     /tmp/cc4j9UFg.s:353    .text.smtc_lbt_set_parameters:0000000000000000 $t
     /tmp/cc4j9UFg.s:360    .text.smtc_lbt_set_parameters:0000000000000000 smtc_lbt_set_parameters
     /tmp/cc4j9UFg.s:376    .text.smtc_lbt_get_parameters:0000000000000000 $t
     /tmp/cc4j9UFg.s:383    .text.smtc_lbt_get_parameters:0000000000000000 smtc_lbt_get_parameters
     /tmp/cc4j9UFg.s:399    .text.smtc_lbt_set_state:0000000000000000 $t
     /tmp/cc4j9UFg.s:406    .text.smtc_lbt_set_state:0000000000000000 smtc_lbt_set_state
     /tmp/cc4j9UFg.s:416    .text.smtc_lbt_get_state:0000000000000000 $t
     /tmp/cc4j9UFg.s:423    .text.smtc_lbt_get_state:0000000000000000 smtc_lbt_get_state
     /tmp/cc4j9UFg.s:438    .text.smtc_lbt_listen_channel:0000000000000000 $t
     /tmp/cc4j9UFg.s:445    .text.smtc_lbt_listen_channel:0000000000000000 smtc_lbt_listen_channel
     /tmp/cc4j9UFg.s:576    .text.smtc_lbt_listen_channel:0000000000000100 $d
     /tmp/cc4j9UFg.s:582    .text.smtc_lbt_get_obj:0000000000000000 $t
     /tmp/cc4j9UFg.s:589    .text.smtc_lbt_get_obj:0000000000000000 smtc_lbt_get_obj
     /tmp/cc4j9UFg.s:604    .text.smtc_lbt_get_obj:0000000000000010 $d
     /tmp/cc4j9UFg.s:607    .bss.lbt_obj_declare:0000000000000000 $d
     /tmp/cc4j9UFg.s:611    .bss.lbt_obj_declare:0000000000000000 lbt_obj_declare
     /tmp/cc4j9UFg.s:617    .rodata.__func__.0:0000000000000000 __func__.0
     /tmp/cc4j9UFg.s:623    .rodata.__func__.1:0000000000000000 __func__.1
     /tmp/cc4j9UFg.s:629    .rodata.__func__.2:0000000000000000 __func__.2

UNDEFINED SYMBOLS
rp_hook_get_id
rp_get_status
smtc_modem_hal_start_radio_tcxo
smtc_modem_hal_set_ant_switch
smtc_modem_hal_on_panic
smtc_modem_hal_get_time_in_ms
rp_radio_irq_callback
rp_callback
rp_release_hook
rp_hook_init
memset
smtc_modem_hal_get_radio_tcxo_startup_delay_ms
rp_task_enqueue
